[    0.000000] Initializing cgroup subsys cpuset
[    0.000000] Initializing cgroup subsys cpu
[    0.000000] Initializing cgroup subsys cpuacct
[    0.000000] Linux version 4.4.0-157-generic (buildd@lgw01-amd64-037) (gcc version 5.4.0 20160609 (Ubuntu 5.4.0-6ubuntu1~16.04.10) ) #185-Ubuntu SMP Tue Jul 23 09:17:01 UTC 2019 (Ubuntu 4.4.0-157.185-generic 4.4.181)
[    0.000000] Command line: BOOT_IMAGE=/boot/vmlinuz-4.4.0-157-generic root=LABEL=cloudimg-rootfs ro console=tty1 console=ttyS0
[    0.000000] KERNEL supported cpus:
[    0.000000]   Intel GenuineIntel
[    0.000000]   AMD AuthenticAMD
[    0.000000]   Centaur CentaurHauls
[    0.000000] x86/fpu: xstate_offset[2]:  576, xstate_sizes[2]:  256
[    0.000000] x86/fpu: Supporting XSAVE feature 0x01: 'x87 floating point registers'
[    0.000000] x86/fpu: Supporting XSAVE feature 0x02: 'SSE registers'
[    0.000000] x86/fpu: Supporting XSAVE feature 0x04: 'AVX registers'
[    0.000000] x86/fpu: Enabled xstate features 0x7, context size is 832 bytes, using 'standard' format.
[    0.000000] e820: BIOS-provided physical RAM map:
[    0.000000] BIOS-e820: [mem 0x0000000000000000-0x000000000009fbff] usable
[    0.000000] BIOS-e820: [mem 0x000000000009fc00-0x000000000009ffff] reserved
[    0.000000] BIOS-e820: [mem 0x00000000000f0000-0x00000000000fffff] reserved
[    0.000000] BIOS-e820: [mem 0x0000000000100000-0x000000003ffeffff] usable
[    0.000000] BIOS-e820: [mem 0x000000003fff0000-0x000000003fffffff] ACPI data
[    0.000000] BIOS-e820: [mem 0x00000000fffc0000-0x00000000ffffffff] reserved
[    0.000000] NX (Execute Disable) protection: active
[    0.000000] SMBIOS 2.5 present.
[    0.000000] Hypervisor detected: KVM
[    0.000000] e820: last_pfn = 0x3fff0 max_arch_pfn = 0x400000000
[    0.000000] MTRR: Disabled
[    0.000000] x86/PAT: MTRRs disabled, skipping PAT initialization too.
[    0.000000] CPU MTRRs all blank - virtualized system.
[    0.000000] x86/PAT: Configuration [0-7]: WB  WT  UC- UC  WB  WT  UC- UC  
[    0.000000] found SMP MP-table at [mem 0x0009fff0-0x0009ffff] mapped at [ffff88000009fff0]
[    0.000000] Scanning 1 areas for low memory corruption
[    0.000000] RAMDISK: [mem 0x362fa000-0x37174fff]
[    0.000000] ACPI: Early table checksum verification disabled
[    0.000000] ACPI: RSDP 0x00000000000E0000 000024 (v02 VBOX  )
[    0.000000] ACPI: XSDT 0x000000003FFF0030 00003C (v01 VBOX   VBOXXSDT 00000001 ASL  00000061)
[    0.000000] ACPI: FACP 0x000000003FFF00F0 0000F4 (v04 VBOX   VBOXFACP 00000001 ASL  00000061)
[    0.000000] ACPI: DSDT 0x000000003FFF0470 002118 (v01 VBOX   VBOXBIOS 00000002 INTL 20160108)
[    0.000000] ACPI: FACS 0x000000003FFF0200 000040
[    0.000000] ACPI: FACS 0x000000003FFF0200 000040
[    0.000000] ACPI: APIC 0x000000003FFF0240 00005C (v02 VBOX   VBOXAPIC 00000001 ASL  00000061)
[    0.000000] ACPI: SSDT 0x000000003FFF02A0 0001CC (v01 VBOX   VBOXCPUT 00000002 INTL 20160108)
[    0.000000] No NUMA configuration found
[    0.000000] Faking a node at [mem 0x0000000000000000-0x000000003ffeffff]
[    0.000000] NODE_DATA(0) allocated [mem 0x3ffeb000-0x3ffeffff]
[    0.000000] kvm-clock: Using msrs 4b564d01 and 4b564d00
[    0.000000] kvm-clock: cpu 0, msr 0:3ffe3001, primary cpu clock
[    0.000000] kvm-clock: using sched offset of 3329203754 cycles
[    0.000000] clocksource: kvm-clock: mask: 0xffffffffffffffff max_cycles: 0x1cd42e4dffb, max_idle_ns: 881590591483 ns
[    0.000000] Zone ranges:
[    0.000000]   DMA      [mem 0x0000000000001000-0x0000000000ffffff]
[    0.000000]   DMA32    [mem 0x0000000001000000-0x000000003ffeffff]
[    0.000000]   Normal   empty
[    0.000000]   Device   empty
[    0.000000] Movable zone start for each node
[    0.000000] Early memory node ranges
[    0.000000]   node   0: [mem 0x0000000000001000-0x000000000009efff]
[    0.000000]   node   0: [mem 0x0000000000100000-0x000000003ffeffff]
[    0.000000] Initmem setup node 0 [mem 0x0000000000001000-0x000000003ffeffff]
[    0.000000] ACPI: PM-Timer IO Port: 0x4008
[    0.000000] IOAPIC[0]: apic_id 2, version 17, address 0xfec00000, GSI 0-23
[    0.000000] ACPI: INT_SRC_OVR (bus 0 bus_irq 0 global_irq 2 dfl dfl)
[    0.000000] ACPI: INT_SRC_OVR (bus 0 bus_irq 9 global_irq 9 high level)
[    0.000000] Using ACPI (MADT) for SMP configuration information
[    0.000000] smpboot: Allowing 2 CPUs, 0 hotplug CPUs
[    0.000000] PM: Registered nosave memory: [mem 0x00000000-0x00000fff]
[    0.000000] PM: Registered nosave memory: [mem 0x0009f000-0x0009ffff]
[    0.000000] PM: Registered nosave memory: [mem 0x000a0000-0x000effff]
[    0.000000] PM: Registered nosave memory: [mem 0x000f0000-0x000fffff]
[    0.000000] e820: [mem 0x40000000-0xfffbffff] available for PCI devices
[    0.000000] Booting paravirtualized kernel on KVM
[    0.000000] clocksource: refined-jiffies: mask: 0xffffffff max_cycles: 0xffffffff, max_idle_ns: 7645519600211568 ns
[    0.000000] setup_percpu: NR_CPUS:512 nr_cpumask_bits:512 nr_cpu_ids:2 nr_node_ids:1
[    0.000000] PERCPU: Embedded 34 pages/cpu @ffff88003fc00000 s99544 r8192 d31528 u1048576
[    0.000000] Built 1 zonelists in Node order, mobility grouping on.  Total pages: 257912
[    0.000000] Policy zone: DMA32
[    0.000000] Kernel command line: BOOT_IMAGE=/boot/vmlinuz-4.4.0-157-generic root=LABEL=cloudimg-rootfs ro console=tty1 console=ttyS0
[    0.000000] PID hash table entries: 4096 (order: 3, 32768 bytes)
[    0.000000] Memory: 997732K/1048120K available (8618K kernel code, 1335K rwdata, 4032K rodata, 1484K init, 1284K bss, 50388K reserved, 0K cma-reserved)
[    0.000000] SLUB: HWalign=64, Order=0-3, MinObjects=0, CPUs=2, Nodes=1
[    0.000000] Kernel/User page tables isolation: enabled
[    0.000000] Hierarchical RCU implementation.
[    0.000000] 	Build-time adjustment of leaf fanout to 64.
[    0.000000] 	RCU restricting CPUs from NR_CPUS=512 to nr_cpu_ids=2.
[    0.000000] RCU: Adjusting geometry for rcu_fanout_leaf=64, nr_cpu_ids=2
[    0.000000] NR_IRQS:33024 nr_irqs:440 16
[    0.000000] Console: colour VGA+ 80x25
[    0.000000] console [tty1] enabled
[    0.000000] console [ttyS0] enabled
[    0.000000] tsc: Detected 3092.942 MHz processor
[    0.236223] Calibrating delay loop (skipped) preset value.. 6185.88 BogoMIPS (lpj=12371768)
[    0.238732] pid_max: default: 32768 minimum: 301
[    0.240131] ACPI: Core revision 20150930
[    0.242906] ACPI: 2 ACPI AML tables successfully acquired and loaded
[    0.244876] Security Framework initialized
[    0.246111] Yama: becoming mindful.
[    0.247244] AppArmor: AppArmor initialized
[    0.248655] Dentry cache hash table entries: 131072 (order: 8, 1048576 bytes)
[   0.251495] Inode-cache hash table entries: 65536 (order: 7,  524288 bytes)
[    0.275328] Mount-cache hash table entries: 2048 (order: 2, 16384 bytes)
[    0.277083] Mountpoint-cache hash table entries: 2048 (order: 2, 16384 bytes)
[    0.279142] Initializing cgroup subsys io
[    0.280383] Initializing cgroup subsys memory
[    0.281800] Initializing cgroup subsys devices
[    0.285696] Initializing cgroup subsys freezer
[    0.286524] Initializing cgroup subsys net_cls
[    0.287318] Initializing cgroup subsys perf_event
[    0.288145] Initializing cgroup subsys net_prio
[    0.288953] Initializing cgroup subsys hugetlb
[    0.289747] Initializing cgroup subsys pids
[    0.290601] mce: CPU supports 0 MCE banks
[    0.291370] Last level iTLB entries: 4KB 512, 2MB 8, 4MB 8
[    0.292286] Last level dTLB entries: 4KB 512, 2MB 32, 4MB 32, 1GB 0
[    0.293292] Spectre V2 : Mitigation: Full generic retpoline
[    0.294227] Spectre V2 : Spectre v2 / SpectreRSB mitigation: Filling RSB on context switch
[    0.295726] Speculative Store Bypass: Vulnerable
[    0.296626] MDS: Vulnerable: Clear CPU buffers attempted, no microcode
[    0.300361] Freeing SMP alternatives memory: 36K
[    0.306639] ftrace: allocating 32312 entries in 127 pages
[    0.363726] smpboot: APIC(0) Converting physical 0 to logical package 0
[    0.403096] smpboot: Max logical packages: 1
[    0.405130] ..TIMER: vector=0x30 apic1=0 pin1=2 apic2=-1 pin2=-1
[    0.522968] smpboot: CPU0: Intel(R) Core(TM) i3-2100 CPU @ 3.10GHz (family: 0x6, model: 0x2a, stepping: 0x7)
[    0.552610] Performance Events: unsupported p6 CPU model 42 no PMU driver, software events only.
[    0.565430] KVM setup paravirtual spinlock
[    0.615863] x86: Booting SMP configuration:
[    0.650862] .... node  #0, CPUs:      #1
[    0.651727] kvm-clock: cpu 1, msr 0:3ffe3041, secondary cpu clock
[    0.652752] mce: CPU supports 0 MCE banks
[    0.655403] x86: Booted up 1 node, 2 CPUs
[    0.690816] smpboot: Total of 2 processors activated (12371.76 BogoMIPS)
[    0.775911] devtmpfs: initialized
[    0.816887] evm: security.selinux
[    0.854838] evm: security.SMACK64
[    0.895068] evm: security.SMACK64EXEC
[    0.947043] evm: security.SMACK64TRANSMUTE
[    0.975511] evm: security.SMACK64MMAP
[    0.976213] evm: security.ima
[    0.976820] evm: security.capability
[    0.977719] clocksource: jiffies: mask: 0xffffffff max_cycles: 0xffffffff, max_idle_ns: 7645041785100000 ns
[    0.979398] futex hash table entries: 512 (order: 3, 32768 bytes)
[    1.005913] pinctrl core: initialized pinctrl subsystem
[    1.006939] RTC time: 17:17:09, date: 08/22/19
[    1.007933] NET: Registered protocol family 16
[    1.018548] cpuidle: using governor ladder
[    1.078859] cpuidle: using governor menu
[    1.080344] PCCT header not found.
[    1.081840] ACPI: bus type PCI registered
[    1.084429] acpiphp: ACPI Hot Plug PCI Controller Driver version: 0.5
[    1.086595] PCI: Using configuration type 1 for base access
[    1.103672] ACPI: Added _OSI(Module Device)
[    1.155349] ACPI: Added _OSI(Processor Device)
[    1.195944] ACPI: Added _OSI(3.0 _SCP Extensions)
[    1.231987] ACPI: Added _OSI(Processor Aggregator Device)
[    1.233545] ACPI: Executed 1 blocks of module-level executable AML code
[    1.236589] ACPI: Interpreter enabled
[    1.276358] ACPI: (supports S0 S5)
[    1.311367] ACPI: Using IOAPIC for interrupt routing
[    1.335749] PCI: Using host bridge windows from ACPI; if necessary, use "pci=nocrs" and report a bug
[    1.340643] ACPI: PCI Root Bridge [PCI0] (domain 0000 [bus 00-ff])
[    1.341647] acpi PNP0A03:00: _OSC: OS supports [ASPM ClockPM Segments MSI]
[    1.355546] acpi PNP0A03:00: _OSC failed (AE_NOT_FOUND); disabling ASPM
[    1.356616] acpi PNP0A03:00: fail to add MMCONFIG information, can't access extended PCI configuration space under this bridge.
[    1.358673] PCI host bridge to bus 0000:00
[    1.359434] pci_bus 0000:00: root bus resource [io  0x0000-0x0cf7 window]
[    1.360497] pci_bus 0000:00: root bus resource [io  0x0d00-0xffff window]
[    1.361558] pci_bus 0000:00: root bus resource [mem 0x000a0000-0x000bffff window]
[    1.362909] pci_bus 0000:00: root bus resource [mem 0x40000000-0xffdfffff window]
[    1.364289] pci_bus 0000:00: root bus resource [bus 00-ff]
[    1.366562] pci 0000:00:01.1: legacy IDE quirk: reg 0x10: [io  0x01f0-0x01f7]
[    1.367698] pci 0000:00:01.1: legacy IDE quirk: reg 0x14: [io  0x03f6]
[    1.368730] pci 0000:00:01.1: legacy IDE quirk: reg 0x18: [io  0x0170-0x0177]
[    1.369827] pci 0000:00:01.1: legacy IDE quirk: reg 0x1c: [io  0x0376]
[    1.398797] ACPI: PCI Interrupt Link [LNKA] (IRQs 5 9 10 11) *0, disabled.
[    1.474974] ACPI: PCI Interrupt Link [LNKB] (IRQs 5 9 10 *11)
[    1.531613] ACPI: PCI Interrupt Link [LNKC] (IRQs 5 9 *10 11)
[    1.533024] ACPI: PCI Interrupt Link [LNKD] (IRQs 5 *9 10 11)
[    1.535526] ACPI: Enabled 2 GPEs in block 00 to 07
[    1.571620] vgaarb: setting as boot device: PCI:0000:00:02.0
[    1.595603] vgaarb: device added: PCI:0000:00:02.0,decodes=io+mem,owns=io+mem,locks=none
[    1.607134] vgaarb: loaded
[    1.607719] vgaarb: bridge control possible 0000:00:02.0
[    1.608871] SCSI subsystem initialized
[    1.609754] ACPI: bus type USB registered
[    1.610521] usbcore: registered new interface driver usbfs
[    1.611446] usbcore: registered new interface driver hub
[    1.612364] usbcore: registered new device driver usb
[    1.655633] PCI: Using ACPI for IRQ routing
[    1.692327] NetLabel: Initializing
[    1.744543] NetLabel:  domain hash size = 128
[    1.775476] NetLabel:  protocols = UNLABELED CIPSOv4
[    1.776799] NetLabel:  unlabeled traffic allowed by default
[    1.795904] amd_nb: Cannot enumerate AMD northbridges
[    1.796836] clocksource: Switched to clocksource kvm-clock
[    1.804447] AppArmor: AppArmor Filesystem Enabled
[    1.816811] pnp: PnP ACPI init
[    1.818207] pnp: PnP ACPI: found 3 devices
[   8373clksrc api_pm mk:xfffmacyes: 0xffffff, max_idle_ns: 2085701024 ns
[    2.525818] NET: Registered protocol family 2
[    2.526770] TCP established hash table entries: 8192 (order: 4, 65536 bytes)
[    2.555847] TCP bind hash table entries: 8192 (order: 5, 131072 bytes)
[    2.556885] TCP: Hash tables configured (established 8192 bind 8192)
[    2.557946] UDP hash table entries: 512 (order: 2, 16384 bytes)
[    2.558917] UDP-Lite hash table entries: 512 (order: 2, 16384 bytes)
[    2.559955] NET: Registered protocol family 1
[    2.560748] pci 0000:00:00.0: Limiting direct PCI/PCI transfers
[    2.561755] pci 0000:00:01.0: Activating ISA DMA hang workarounds
[    2.562855] Unpacking initramfs...
[    2.793649] Freeing initrd memory: 14828K
[    2.807154] RAPL PMU detected, API unit is 2^-32 Joules, 3 fixed counters 10737418240 ms ovfl timer
[    2.809288] hw unit of domain pp0-core 2^-0 Joules
[    2.810482] hw unit of domain package 2^-0 Joules
[    2.811613] hw unit of domain pp1-gpu 2^-0 Joules
[    2.812769] clocksource: tsc: mask: 0xffffffffffffffff max_cycles: 0x2c953c31226, max_idle_ns: 440795210352 ns
[    2.815168] platform rtc_cmos: registered platform RTC device (no PNP device found)
[    2.817028] Scanning for low memory corruption every 60 seconds
[    2.818817] audit: initializing netlink subsys (disabled)
[    2.820055] audit: type=2000 audit(1566494234.754:1): initialized
[    2.821678] Initialise system trusted keyring
[    2.822916] HugeTLB registered 2 MB page size, pre-allocated 0 pages
[    2.825644] zbud: loaded
[    2.826714] VFS: Disk quotas dquot_6.6.0
[    2.827661] VFS: Dquot-cache hash table entries: 512 (order 0, 4096 bytes)
[    2.829293] squashfs: version 4.0 (2009/01/31) Phillip Lougher
[    2.835704] fuse init (API version 7.23)
[    3.035648] Key type big_key registered
[    3.036393] Allocating IMA MOK and blacklist keyrings.
[    3.039257] Key type asymmetric registered
[    3.042829] Asymmetric key parser 'x509' registered
[    3.043708] Block layer SCSI generic (bsg) driver version 0.4 loaded (major 249)
[    3.045173] io scheduler noop registered
[    3.052442] io scheduler deadline registered (default)
[    3.053369] io scheduler cfq registered
[    3.054182] pci_hotplug: PCI Hot Plug PCI Core version: 0.5
[    3.055117] pciehp: PCI Express Hot Plug Controller Driver version: 0.4
[    3.056281] ACPI: AC Adapter [AC] (on-line)
[    3.057095] input: Power Button as /devices/LNXSYSTM:00/LNXPWRBN:00/input/input0
[    3.058479] ACPI: Power Button [PWRF]
[    3.059233] input: Sleep Button as /devices/LNXSYSTM:00/LNXSLPBN:00/input/input1
[    3.060570] ACPI: Sleep Button [SLPF]
[    3.061515] GHES: HEST is not enabled!
[    3.062333] Serial: 8250/16550 driver, 32 ports, IRQ sharing enabled
[    3.085009] 00:02: ttyS0 at I/O 0x3f8 (irq = 4, base_baud = 115200) is a 16550A
[    3.089819] Linux agpgart interface v0.103
[    3.092389] loop: module loaded
[    3.096072] scsi host0: ata_piix
[    3.096961] scsi host1: ata_piix
[    3.104601] ata1: PATA max UDMA/33 cmd 0x1f0 ctl 0x3f6 bmdma 0xd000 irq 14
[    3.105709] ata2: PATA max UDMA/33 cmd 0x170 ctl 0x376 bmdma 0xd008 irq 15
[    3.106905] libphy: Fixed MDIO Bus: probed
[    3.110933] tun: Universal TUN/TAP device driver, 1.6
[    3.111836] tun: (C) 1999-2004 Max Krasnyansky <maxk@qualcomm.com>
[    3.112879] PPP generic driver version 2.4.2
[    3.113744] ehci_hcd: USB 2.0 'Enhanced' Host Controller (EHCI) Driver
[    3.114789] ehci-pci: EHCI PCI platform driver
[    3.115593] ehci-platform: EHCI generic platform driver
[    3.118279] ohci_hcd: USB 1.1 'Open' Host Controller (OHCI) Driver
[    3.122850] ohci-pci: OHCI PCI platform driver
[    3.123647] ohci-platform: OHCI generic platform driver
[    3.124537] uhci_hcd: USB Universal Host Controller Interface driver
[    3.125663] i8042: PNP: PS/2 Controller [PNP0303:PS2K,PNP0f03:PS2M] at 0x60,0x64 irq 1,12
[    3.127595] serio: i8042 KBD port at 0x60,0x64 irq 1
[    3.128446] serio: i8042 AUX port at 0x60,0x64 irq 12
[    3.129443] mousedev: PS/2 mouse device common for all mice
[    3.130875] rtc_cmos rtc_cmos: rtc core: registered rtc_cmos as rtc0
[    3.135469] input: AT Translated Set 2 keyboard as /devices/platform/i8042/serio0/input/input2
[    3.137148] rtc_cmos rtc_cmos: alarms up to one day, 114 bytes nvram
[    3.138202] i2c /dev entries driver
[    3.138927] device-mapper: uevent: version 1.0.3
[    3.139801] device-mapper: ioctl: 4.34.0-ioctl (2015-10-28) initialised: dm-devel@redhat.com
[    3.141270] ledtrig-cpu: registered to indicate activity on CPUs
[    3.142760] NET: Registered protocol family 10
[    3.143780] NET: Registered protocol family 17
[    3.144581] Key type dns_resolver registered
[    3.145662] registered taskstats version 1
[    3.146441] Loading compiled-in X.509 certificates
[    3.148013] Loaded X.509 cert 'Build time autogenerated kernel key: 3e01e6df98386236d59670e6b2ed19a044d5324e'
[    3.149701] zswap: loaded using pool lzo/zbud
[    3.152817] Key type trusted registered
[    3.160073] Key type encrypted registered
[    3.162196] AppArmor: AppArmor sha1 policy hashing enabled
[    3.163116] ima: No TPM chip found, activating TPM-bypass!
[    3.164027] ima: Allocated hash algorithm: sha1
[    3.164898] evm: HMAC attrs: 0x1
[    3.165859]   Magic number: 15:189:290
[    3.166595] tty tty23: hash matches
[    3.167346] rtc_cmos rtc_cmos: setting system clock to 2019-08-22 17:17:11 UTC (1566494231)
[    3.168962] BIOS EDD facility v0.16 2004-Jun-25, 0 devices found
[    3.169943] EDD information not available.
[    3.266588] Freeing unused kernel memory: 1484K
[    3.305594] Write protecting the kernel read-only data: 14336k
[    3.311267] Freeing unused kernel memory: 1612K
[    3.315403] Freeing unused kernel memory: 64K
Loading, please wait...
starting version[    3.334332] random: systemd-udevd: uninitialized urandom read (16 bytes read, 2 bits of entropy available)
 229
[    3.335155] random: udevadm: uninitialized urandom read (16 bytes read, 2 bits of entropy available)
[    3.335184] random: udevadm: uninitialized urandom read (16 bytes read, 2 bits of entropy available)
[    3.346633] random: systemd-udevd: uninitialized urandom read (16 bytes read, 2 bits of entropy available)
[    3.350527] random: systemd-udevd: uninitialized urandom read (16 bytes read, 2 bits of entropy available)
[    3.351380] random: udevadm: uninitialized urandom read (16 bytes read, 2 bits of entropy available)
[    3.351443] random: udevadm: uninitialized urandom read (16 bytes read, 2 bits of entropy available)
[    3.351659] random: udevadm: uninitialized urandom read (16 bytes read, 2 bits of entropy available)
[    3.351747] random: udevadm: uninitialized urandom read (16 bytes read, 2 bits of entropy available)
[    3.351830] random: udevadm: uninitialized urandom read (16 bytes read, 2 bits of entropy available)
[    3.533367] Fusion MPT base driver 3.04.20
[    3.545605] Copyright (c) 1999-2008 LSI Corporation
[    3.546659] e1000: Intel(R) PRO/1000 Network Driver - version 7.3.21-k8-NAPI
[    3.548183] e1000: Copyright (c) 1999-2006 Intel Corporation.
[    3.571656] Fusion MPT SPI Host driver 3.04.20
[    3.766370] input: ImExPS/2 Generic Explorer Mouse as /devices/platform/i8042/serio1/input/input4
[    3.947673] e1000 0000:00:03.0 eth0: (PCI:33MHz:32-bit) 02:46:62:72:a1:53
[    4.245368] e1000 0000:00:03.0 eth0: Intel(R) PRO/1000 Network Connection
[    4.247503] mptbase: ioc0: Initiating bringup
[    4.251763] e1000 0000:00:03.0 enp0s3: renamed from eth0
[    4.313111] ioc0: LSI53C1030 A0: Capabilities={Initiator}
[    4.480489] scsi host2: ioc0: LSI53C1030 A0, FwRev=00000000h, Ports=1, MaxQ=256, IRQ=20
[    4.597816] scsi 2:0:0:0: Direct-Access     VBOX     HARDDISK         1.0  PQ: 0 ANSI: 5
[    4.746398] scsi target2:0:0: Beginning Domain Validation
[    4.749840] scsi target2:0:0: Domain Validation skipping write tests
[    4.750975] scsi target2:0:0: Ending Domain Validation
[    4.752012] scsi target2:0:0: asynchronous
[    4.753841] scsi 2:0:1:0: Direct-Access     VBOX     HARDDISK         1.0  PQ: 0 ANSI: 5
[    4.755432] scsi target2:0:1: Beginning Domain Validation
[    4.758790] scsi target2:0:1: Domain Validation skipping write tests
[    4.759914] scsi target2:0:1: Ending Domain Validation
[    4.760982] scsi target2:0:1: asynchronous
[    4.773548] sd 2:0:0:0: Attached scsi generic sg0 type 0
[    5.115447] sd 2:0:0:0: [sda] 20971520 512-byte logical blocks: (10.7 GB/10.0 GiB)
[    5.115747] sd 2:0:1:0: Attached scsi generic sg1 type 0
[    5.118168] sd 2:0:1:0: [sdb] 20480 512-byte logical blocks: (10.5 MB/10.0 MiB)
[    5.119054] sd 2:0:0:0: [sda] Write Protect is off
[    5.119165] sd 2:0:0:0: [sda] Incomplete mode parameter data
[    5.119167] sd 2:0:0:0: [sda] Assuming drive cache: write through
[    5.125683]  sda: sda1
[    5.126726] sd 2:0:0:0: [sda] Attached SCSI disk
[    5.135523] sd 2:0:1:0: [sdb] Write Protect is off
[    5.136532] sd 2:0:1:0: [sdb] Incomplete mode parameter data
[    5.137523] sd 2:0:1:0: [sdb] Assuming drive cache: write through
[    5.168355] sd 2:0:1:0: [sdb] Attached SCSI disk
Begin: Loading e[    6.745348] md: linear personality registered for level -1
ssential drivers ... [    6.758594] md: multipath personality registered for level -4
[    6.769770] md: raid0 personality registered for level 0
[    6.777757] md: raid1 personality registered for level 1
[    6.852884] raid6: sse2x1   gen()  8146 MB/s
[    6.924877] raid6: sse2x1   xor()  6304 MB/s
[    6.992871] raid6: sse2x2   gen() 10243 MB/s
[    7.184875] raid6: sse2x2   xor()  7291 MB/s
[    7.312891] raid6: sse2x4   gen() 11802 MB/s
[    7.504874] raid6: sse2x4   xor()  8894 MB/s
[    7.529360] raid6: using algorithm sse2x4 gen() 11802 MB/s
[    7.539392] raid6: .... xor() 8894 MB/s, rmw enabled
[    7.540482] raid6: using ssse3x2 recovery algorithm
[    7.544704] xor: automatically using best checksumming function:
[    7.644862]    avx       : 62306.000 MB/sec
[    7.747259] async_tx: api initialized (async)
[    7.764266] md: raid6 personality registered for level 6
[    7.922160] md: raid5 personality registered for level 5
[    8.080127] md: raid4 personality registered for level 4
[    8.245160] md: raid10 personality registered for level 10
done.
Begin: Running /scripts/init-premount ... done.
Begin: Mounting root file system ... Begin: Running /scripts/local-top ... done.
Begin: Running /scripts/local-premount ... [    8.287219] Btrfs loaded
Scanning for Btrfs filesystems
done.
Warning: fsck not present, so sk[    8.422281] EXT4-fs (sda1): mounted filesystem with ordered data mode. Opts: (null)
ipping root file system
done.
Begin: Running /scripts/local-bottom ... done.
Begin: Running /scripts/init-bottom ... done.
[    9.039363] systemd[1]: systemd 229 running in system mode. (+PAM +AUDIT +SELINUX +IMA +APPARMOR +SMACK +SYSVINIT +UTMP +LIBCRYPTSETUP +GCRYPT +GNUTLS +ACL +XZ -LZ4 +SECCOMP +BLKID +ELFUTILS +KMOD -IDN)
[    9.668524] systemd[1]: Detected virtualization oracle.
[    9.675784] systemd[1]: Detected architecture x86-64.

Welcome to [1mUbuntu 16.04.6 LTS[0m!

[    9.717379] systemd[1]: Set hostname to <ubuntu>.
[    9.769904] systemd[1]: Initializing machine ID from random generator.
[    9.775926] systemd[1]: Installed transient /etc/machine-id file.
[   10.176568] random: nonblocking pool is initialized
[   10.465094] systemd[1]: Listening on LVM2 metadata daemon socket.
[[0;32m  OK  [0m] Listening on LVM2 metadata daemon socket.
[   10.513968] systemd[1]: Listening on /dev/initctl Compatibility Named Pipe.
[[0;32m  OK  [0m] Listening on /dev/initctl Compatibility Named Pipe.
[   10.523291] systemd[1]: Reached target Encrypted Volumes.
[[0;32m  OK  [0m] Reached target Encrypted Volumes.
[   10.526202] systemd[1]: Reached target Swap.
[[0;32m  OK  [0m] Reached target Swap.
[   10.528731] systemd[1]: Listening on Device-mapper event daemon FIFOs.
[[0;32m  OK  [0m] Listening on Device-mapper event daemon FIFOs.
[   10.532083] systemd[1]: Listening on udev Kernel Socket.
[[0;32m  OK  [0m] Listening on udev Kernel Socket.
[   10.534908] systemd[1]: Listening on LVM2 poll daemon socket.
[[0;32m  OK  [0m] Listening on LVM2 poll daemon socket.
[   10.538012] systemd[1]: Reached target System Time Synchronized.
[[0;32m  OK  [0m] Reached target System Time Synchronized.
[   10.540989] systemd[1]: Started Trigger resolvconf update for networkd DNS.
[[0;32m  OK  [0m] Started Trigger resolvconf update for networkd DNS.
[   10.544360] systemd[1]: Listening on Journal Socket.
[[0;32m  OK  [0m] Listening on Journal Socket.
[   10.546947] systemd[1]: Reached target User and Group Name Lookups.
[[0;32m  OK  [0m] Reached target User and Group Name Lookups.
[   10.550231] systemd[1]: Set up automount Arbitrary Executable File Formats File System Automount Point.
[[0;32m  OK  [0m] Set up automount Arbitrary Executab...ats File System Automount Point.
[   10.554422] systemd[1]: Listening on Journal Audit Socket.
[[0;32m  OK  [0m] Listening on Journal Audit Socket.
[   10.557161] systemd[1]: Started Forward Password Requests to Wall Directory Watch.
[[0;32m  OK  [0m] Started Forward Password Requests to Wall Directory Watch.
[   10.561297] systemd[1]: Created slice System Slice.
[[0;32m  OK  [0m] Created slice System Slice.
[   10.581114] systemd[1]: Starting Nameserver information manager...
         Starting Nameserver information manager...
[   10.693060] systemd[1]: Mounting Huge Pages File System...
         Mounting Huge Pages File System...
[   10.734894] systemd[1]: Starting Load Kernel Modules...
         Starting Load Kernel Modules...
[   10.764514] systemd[1]: Starting Remount Root and Kernel File Systems...
         Starting Remount Root and Kernel File Systems...
[   10.769735] systemd[1]: Mounting Debug File System...
         Mounting Debug File System...
[   10.783292] EXT4-fs (sda1): re-mounted. Opts: (null)
[   10.784087] systemd[1]: Starting Set console keymap...
         Starting Set console keymap...
[   10.789552] systemd[1]: Mounting POSIX Message Queue File System...
[   10.791534] Loading iSCSI transport class v2.0-870.
         Mounting POSIX Message Queue File System...
[   10.796763] systemd[1]: Starting Uncomplicated firewall...
         Starting Uncomplicated firewall...
[   10.805374] systemd[1]: Created slice system-serial\x2dgetty.slice.
[[0;32m  OK  [0m] Created slice[   11.005806] iscsi: registered transport (tcp)
 system-serial\x2dgetty.slice.
[   11.169250] systemd[1]: Listening on udev Control Socket.
[[0;32m  OK  [0m] Listening on udev Control Socket.
[   11.266827] systemd[1]: Created slice User and Session Slice.
[[0;32m  OK  [0m] Created slice User and Session Slice.
[   11.317221] systemd[1]: Reached target Slices.
[[0;32m  OK  [0m] Reached target Slices.
[   11.322060] iscsi: registered transport (iser)
[   11.345089] systemd[1]: Starting Create list of required static device nodes for the current kernel...
         Starting Create list of required st... nodes for the current kernel...
[   11.360161] systemd[1]: Starting Monitoring of LVM2 mirrors, snapshots etc. using dmeventd or progress polling...
         Starting Monitoring of LVM2 mirrors... dmeventd or progress polling...
[   11.366107] systemd[1]: Listening on Journal Socket (/dev/log).
[[0;32m  OK  [0m] Listening on Journal Socket (/dev/log).
[   11.381120] systemd[1]: Listening on Syslog Socket.
[[0;32m  OK  [0m] Listening on Syslog Socket.
[   11.417174] systemd[1]: Starting Journal Service...
         Starting Journal Service...
[   11.475081] systemd[1]: Mounted Debug File System.
[[0;32m  OK  [0m] Mounted Debug File System.
[   11.509558] systemd[1]: Mounted POSIX Message Queue File System.
[[0;32m  OK  [0m] Mounted POSIX Message Queue File System.
[   11.531526] systemd[1]: Mounted Huge Pages File System.
[[0;32m  OK  [0m] Mounted Huge Pages File System.
[   11.534765] systemd[1]: Started Journal Service.
[[0;32m  OK  [0m] Started Journal Service.
[[0;32m  OK  [0m] Started Load Kernel Modules.
[[0;32m  OK  [0m] Started Remount Root and Kernel File Systems.
[[0;32m  OK  [0m] Started Set console keymap.
[[0;32m  OK  [0m] Started Uncomplicated firewall.
[[0;32m  OK  [0m] Started Create list of required sta...ce nodes for the current kernel.
[[0;32m  OK  [0m] Started Nameserver information manager.
[[0;32m  OK  [0m] Started LVM2 metadata daemon.
         Starting Create Static Device Nodes in /dev...
         Starting udev Coldplug all Devices...
         Starting Load/Save Random Seed...
         Starting Apply Kernel Variables...
         Mounting FUSE Control File System...
         Starting Flush Journal to Persistent Storage...
[[0;32m  OK  [0m] Mounted FUSE Control File System.
[   11.742642] systemd-journald[399]: Received request to flush runtime journal from PID 1
[[0;32m  OK  [0m] Started Load/Save Random Seed.
[[0;32m  OK  [0m] Started udev Coldplug all Devices.
[[0;32m  OK  [0m] Started Flush Journal to Persistent Storage.
[[0;32m  OK  [0m] Started Apply Kernel Variables.
[[0;32m  OK  [0m] Started Create Static Device Nodes in /dev.
[[0;32m  OK  [0m] Started Monitoring of LVM2 mirrors,...ng dmeventd or progress polling.
[[0;32m  OK  [0m] Reached target Local File Systems (Pre).
[[0;32m  OK  [0m] Reached target Local File Systems.
         Starting Set console font and keymap...
         Starting Initial cloud-init job (pre-networking)...
         Starting Commit a transient machine-id on disk...
         Starting Create Volatile Files and Directories...
         Starting LSB: AppArmor initialization...
         Starting Tell Plymouth To Write Out Runtime Data...
         Starting udev Kernel Device Manager...
[[0;32m  OK  [0m] Started Commit a transient machine-id on disk.
[[0;32m  OK  [0m] Started Tell Plymouth To Write Out Runtime Data.
[[0;32m  OK  [0m] Started Create Volatile Files and Directories.
         Starting Update UTMP about System Boot/Shutdown...
[[0;32m  OK  [0m] Started Update UTMP about System Boot/Shutdown.
[[0;32m  OK  [0m] Started udev Kernel Device Manager.
[[0;32m  OK  [0m] Started Dispatch Password Requests to Console Directory Watch.
[[0;32m  OK  [0m] Found device /dev/ttyS0.
[[0;32m  OK  [0m] Listening on Load/Save RF Kill Switch Status /dev/rfkill Watch.
[[0;32m  OK  [0m] Started LSB: AppArmor initialization.
[[0;32m  OK  [0m] Started Set console font and keymap.
[[0;32m  OK  [0m] Created slice system-getty.slice.
[   14.430148] cloud-init[455]: Cloud-init v. 19.1-1-gbaa47854-0ubuntu1~16.04.1 running 'init-local' at Thu, 22 Aug 2019 17:17:23 +0000. Up 13.96 seconds.
[[0;32m  OK  [0m] Started Initial cloud-init job (pre-networking).
[[0;32m  OK  [0m] Reached target Network (Pre).
         Starting Raise network interfaces...
[[0;32m  OK  [0m] Started Raise network interfaces.
         Starting Initial cloud-init job (metadata service crawler)...
[[0;32m  OK  [0m] Reached target Network.
[   16.619861] cloud-init[937]: Cloud-init v. 19.1-1-gbaa47854-0ubuntu1~16.04.1 running 'init' at Thu, 22 Aug 2019 17:17:25 +0000. Up 15.39 seconds.
[[0;32m  OK  [0m] Started Initial cloud-init job (metadata service crawler).
[   16.746357] cloud-init[937]: ci-info: ++++++++++++++++++++++++++++++++++++++Net device info++++++++++++++++++++++++++++++++++++++
[   16.880523] cloud-init[937]: ci-info: +--------+------+----------------------------+---------------+--------+-------------------+
[   16.901956] cloud-init[937]: ci-info: | Device |  Up  |          Address           |      Mask     | Scope  |     Hw-Address    |
[   16.902632] cloud-init[937]: ci-info: +--------+------+----------------------------+---------------+--------+-------------------+
[   16.903151] cloud-init[937]: ci-info: | enp0s3 | True |         10.0.2.15          | 255.255.255.0 | global | 02:46:62:72:a1:53 |
[   16.903668] cloud-init[937]: ci-info: | enp0s3 | True | fe80::46:62ff:fe72:a153/64 |       .       |  link  | 02:46:62:72:a1:53 |
[[0;32m  OK  [0m] Reached target System Initialization.
[   16.904254] cloud-init[937]: ci-info: |   lo   | True |         127.0.0.1          |   255.0.0.0   |  host  |         .         |
[   16.936340] cloud-init[937]: ci-info: |   lo   | True |          ::1/128           |       .       |  host  |         .         |
[   16.936652] cloud-init[937]: ci-info: +--------+------+----------------------------+---------------+--------+-------------------+
[[0;32m  OK  [0m] Started Daily apt download activities.
[   16.936906] cloud-init[937]: ci-info: +++++++++++++++++++++++++++Route IPv4 info++++++++++++++++++++++++++++
[[   16.941506] [0;32m  OK  [0mcloud-init] [937]: Started Daily Cleanup of Temporary Directories.ci-info: +-------+-------------+----------+---------------+-----------+-------+

[   16.941621] cloud-init[937]: ci-info: | Route | Destination | Gateway  |    Genmask    | Interface | Flags |
[   16.965558] cloud-init[937]: ci-info: +-------+-------------+----------+---------------+-----------+-------+
         Starting LXD - unix socket.
[[0;32m  OK  [0m[   16.967498] ] cloud-initListening on UUID daemon activation socket.[937]: 
ci-info: |   0   |   0.0.0.0   | 10.0.2.2 |    0.0.0.0    |   enp0s3  |   UG  |
[   16.972806] cloud-init[937]: ci-info: |   1   |   10.0.2.0  | 0.0.0.0  | 255.255.255.0 |   enp0s3  |   U   |
[   16.973224] cloud-init[937]: ci-info: +-------+-------------+----------+---------------+-----------+-------+
[   16.973617] cloud-init[937]: ci-info: +++++++++++++++++++Route IPv6 info+++++++++++++++++++
[   16.974007] cloud-init[937]: ci-info: +-------+-------------+---------+-----------+-------+
[   16.974401] cloud-init[937]: ci-info: | Route | Destination | Gateway | Interface | Flags |
[   16.974793] cloud-init[937]: ci-info: +-------+-------------+---------+-----------+-------+
[   16.975212] cloud-init[937]: ci-info: |   0   |  fe80::/64  |    ::   |   enp0s3  |   U   |
[[0;32m  OK  [0m] Listening on D-Bus System Message Bus Socket.
[   16.975372] cloud-init[937]: ci-info: |   3   |   ff00::/8  |    ::   |   enp0s3  |   U   |
[   17.068574] cloud-init[937]: ci-info: +-------+-------------+---------+-----------+-------+
[   17.073426] cloud-init[937]: Generating public/private rsa key pair.
[   17.073708] cloud-init[937]: Your identification has been saved in /etc/ssh/ssh_host_rsa_key.
[   17.074052] cloud-init[937]: Your public key has been saved in /etc/ssh/ssh_host_rsa_key.pub.
[   17.074399] cloud-init[937]: The key fingerprint is:
[   17.074741] cloud-init[937]: SHA256:oL+IXcV2E3sClpuxgtFx5DVxDzRXK6ERNIzSwxjtlXw root@ubuntu-xenial
[   17.075086] cloud-init[937]: The key's randomart image is:
[   17.075427] cloud-init[937]: +---[RSA 2048]----+
[   17.075931] cloud-init[937]: |      .oO OBB....|
[   17.076377] cloud-init[937]: |     . * O B+E. .|
[   17.076715] cloud-init[937]: |    . o O +..... |
[   17.077075] cloud-init[937]: |     + + B o  .  |
[   17.077414] cloud-init[937]: |    o . S = .    |
[   17.077755] cloud-init[937]: |     . + . +     |
[   17.078099] cloud-init[937]: |      o          |
[   17.078436] cloud-init[937]: |   o o .         |
[   17.078780] cloud-init[937]: |  . o .          |
[   17.079127] cloud-init[937]: +----[SHA256]-----+
[   17.079459] cloud-init[937]: Generating public/private dsa key pair.
[   17.079802] cloud-init[937]: Your identification has been saved in /etc/ssh/ssh_host_dsa_key.
[   17.080314] cloud-init[937]: Your public key has been saved in /etc/ssh/ssh_host_dsa_key.pub.
[   17.080653] cloud-init[937]: The key fingerprint is:
         Starting Socket activation for snappy daemon.
[   17.081073] cloud-init[937]: SHA256:LySPhrrsX+y0+Dsrc1Kv/HFVKp1bxN+WQ9KvAqr7BC4 root@ubuntu-xenial
[   17.101248] cloud-init[937]: The key's randomart image is:
[   17.104739] cloud-init[937]: +---[DSA 1024]----+
[   17.107349] cloud-init[937]: |                 |
[   17.109487] cloud-init[937]: |             ..  |
[   17.110496] cloud-init[937]: |             .+o |
[   17.111477] cloud-init[937]: |           . =o.+|
[   17.112509] cloud-init[937]: |      o S o = .o=|
[   17.130838] cloud-init[937]: |     +.* o + o o.|
[   17.131174] cloud-init[937]: |    E.B.* o o .  |
[   17.131516] cloud-init[937]: | . .+Oo+.+   .   |
[   17.131855] cloud-init[937]: | .=oo*@Oo        |
[   17.132384] cloud-init[937]: +----[SHA256]-----+
[   17.132710] cloud-init[937]: Generating public/private ecdsa key pair.
[   17.133219] cloud-init[937]: Your identification has been saved in /etc/ssh/ssh_host_ecdsa_key.
[   17.133342] cloud-init[937]: Your public key has been saved in /etc/ssh/ssh_host_ecdsa_key.pub.
[[0;32m  OK  [0m] Started ACPI Events Check.
[[   17.133463] cloud-init[937]: The key fingerprint is:
[0;32m  OK  [0m] Reached target Paths.
[   17.167998] cloud-init[937]: SHA256:QUeUk63FR2Z6e/kT3OdH46IkQheL6+fPgFNSgDevObM root@ubuntu-xenial
[   17.170502] cloud-init[937]: The key's randomart image is:
[[0;32m  OK  [0m] Listening on ACPID Listen Socket.
[   17.170683] cloud-init[937]: +---[ECDSA 256]---+
[   17.173744] cloud-init[937]: |      ...o+= .+  |
[   17.174054] cloud-init[937]: |     . +..+ ++.  |
[   17.174391] cloud-init[937]: |      . +o +...  |
[   17.174738] cloud-init[937]: |        oo+  ...o|
[   17.175065] cloud-init[937]: |       +S+    .==|
[[0;32m  OK  [0m] Started Daily apt upgrade and clean activities.
[   17.175244] cloud-init[937]: |      .=*     .+=|
[   17.191933] cloud-init[937]: |       =+o . . o+|
[[0;32m  OK  [0m] Reached target Timers.
[   17.192055] cloud-init[937]: |      .Eo.= . . o|
[   17.194664] cloud-init[937]: |       .o..+     |
[   17.194969] cloud-init[937]: +----[SHA256]-----+
[   17.195304] cloud-init[937]: Generating public/private ed25519 key pair.
[   17.195642] cloud-init[937]: Your identification has been saved in /etc/ssh/ssh_host_ed25519_key.
[   17.196014] cloud-init[937]: Your public key has been saved in /etc/ssh/ssh_host_ed25519_key.pub.
[   17.196367] cloud-init[937]: The key fingerprint is:
[[0;32m  OK  [0m] Reached target Network is Online.
[   17.196696] cloud-init[937]: SHA256:hosBS2j11EM6SLd67IHmAsMdjkjISdXbvqgl838n6V4 root@ubuntu-xenial
[   17.220041] cloud-init[937]: The key's randomart image is:
[   17.225904] cloud-init[937]: +--[ED25519 256]--+
[   17.228987] cloud-init[937]: | ..+.oo.         |
[   17.229413] cloud-init[937]: |+.+ =.oo         |
         Starting iSCSI initiator daemon (iscsid)...
[   17.229666] cloud-init[937]: |o=oo =o .        |
[   17.243768] cloud-init[937]: |=.+o=..o         |[
[0;32m  OK  [0m] Reached target Cloud-config availability.
[   17.243885] cloud-init[937]: |+o.*.+o S        |
[   17.256966] cloud-init[937]: |..o oo.+         |
[   17.257364] cloud-init[937]: | . +.oo . .E     |
[[0;32m  OK  [0m] Listening on LXD - unix socket.
[   17.257555] cloud-init[937]: |  . =. . +..     |
[[0;32m  OK  [0m] Listening on Socket activation for snappy daemon.
[   17.262438] cloud-init[937]: |   .....+oo      |
[   17.265852] cloud-init[937]: +----[SHA256]-----+
[[0;32m  OK  [0m] Reached target Sockets.
[[0;32m  OK  [0m] Reached target Basic System.
[[0;32m  OK  [0m] Started D-Bus System Message Bus.
         Starting LSB: Record successful boot for GRUB...
[[0;32m  OK  [0m] Started Regular background program processing daemon.
         Starting /etc/rc.local Compatibility...
         Starting Login Service...
         Starting LSB: MD monitoring daemon...
[[0;32m  OK  [0m] Started FUSE filesystem for LXC.
[[0;32m  OK  [0m] Started ACPI event daemon.
         Starting Pollinate to seed the pseudo random number generator...
[[0;32m  OK  [0m] Started Deferred execution scheduler.
         Starting Snappy daemon...
         Starting Virtualbox guest utils...
         Starting Accounts Service...
         Starting System Logging Service...
         Starting LXD - container startup/shutdown...
[[0;32m  OK  [0m] Started /etc/rc.local Compatibility.
[[0;32m  OK  [0m] Started iSCSI initiator daemon (iscsid).
[[0;32m  OK  [0m] Started Login Service.
[[0;32m  OK  [0m] Started Unattended Upgrades Shutdown.
         Starting Login to default iSCSI targets...
[[0;32m  OK  [0m] Started LSB: MD monitoring daemon.
[[0;32m  OK  [0m] Started System Logging Service.
[[0;32m  OK  [0m] Started LSB: Record successful boot for GRUB.
[[0;32m  OK  [0m] Started Login to default iSCSI targets.
[[0;32m  OK  [0m] Reached target Remote File Systems (Pre).
[[0;32m  OK  [0m] Reached target Remote File Systems.
         Starting LSB: Set the CPU Frequency Scaling governor to "ondemand"...
         Starting Permit User Sessions...
         Starting LSB: daemon to balance interrupts for SMP systems...
         Starting LSB: automatic crash report generation...
[[0;32m  OK  [0m] Started Permit User Sessions.
[[0;32m  OK  [0m] Started LSB: Set the CPU Frequency Scaling governor to "ondemand".
[[0;32m  OK  [0m] Started Virtualbox guest utils.
         Starting Terminate Plymouth Boot Screen...
         Starting Hold until boot process finishes up...
[[0;32m  OK  [0m] Started Terminate Plymouth Boot Screen.
[[0;32m  OK  [0m] Started Hold until boot process finishes up.
[[0;32m  OK  [0m] Started Getty on tty1.
[[0;32m  OK  [0m] Started Serial Getty on ttyS0.
[[0;32m  OK  [0m] Reached target Login Prompts.
         Starting Set console scheme...
[[0;32m  OK  [0m] Started LSB: daemon to balance interrupts for SMP systems.
[[0;32m  OK  [0m] Started LSB: automatic crash report generation.
[[0;32m  OK  [0m] Started Set console scheme.
         Starting Authenticate and Authorize Users to Run Privileged Tasks...
[[0;32m  OK  [0m] Started Authenticate and Authorize Users to Run Privileged Tasks.
[[0;32m  OK  [0m] Started Accounts Service.
[[0;32m  OK  [0m] Started LXD - container startup/shutdown.
[[0;32m  OK  [0m] Started Snappy daemon.
         Starting Wait until snapd is fully seeded...
[[0;32m  OK  [0m] Started Pollinate to seed the pseudo random number generator.
         Starting OpenBSD Secure Shell server...
[[0;32m  OK  [0m] Started OpenBSD Secure Shell server.
[[0;32m  OK  [0m] Created slice User Slice of vagrant.
         Starting User Manager for UID 1000...
[[0;32m  OK  [0m] Started Session 1 of user vagrant.
[[0;32m  OK  [0m] Started User Manager for UID 1000.
[[0;32m  OK  [0m] Started Wait until snapd is fully seeded.
[[0;32m  OK  [0m] Reached target Multi-User System.
[[0;32m  OK  [0m] Reached target Graphical Interface.
         Starting Update UTMP about System Runlevel Changes...
         Starting Apply the settings specified in cloud-config...
[[0;32m  OK  [0m] Started Update UTMP about System Runlevel Changes.
[   22.955438] cloud-init[1379]: Generating locales (this might take a while)...
[   23.976027] cloud-init[1379]:   en_US.UTF-8... done
[   23.976695] cloud-init[1379]: Generation complete.

Ubuntu 16.04.6 LTS ubuntu-xenial ttyS0

ubuntu-xenial login: [   25.063145] cloud-init[1379]: Cloud-init v. 19.1-1-gbaa47854-0ubuntu1~16.04.1 running 'modules:config' at Thu, 22 Aug 2019 17:17:32 +0000. Up 22.76 seconds.
ci-info: no authorized ssh keys fingerprints found for user ubuntu.
<14>Aug 22 17:17:35 ec2: 
<14>Aug 22 17:17:35 ec2: #############################################################
<14>Aug 22 17:17:35 ec2: -----BEGIN SSH HOST KEY FINGERPRINTS-----
<14>Aug 22 17:17:35 ec2: 1024 SHA256:LySPhrrsX+y0+Dsrc1Kv/HFVKp1bxN+WQ9KvAqr7BC4 root@ubuntu-xenial (DSA)
<14>Aug 22 17:17:35 ec2: 256 SHA256:QUeUk63FR2Z6e/kT3OdH46IkQheL6+fPgFNSgDevObM root@ubuntu-xenial (ECDSA)
<14>Aug 22 17:17:35 ec2: 256 SHA256:hosBS2j11EM6SLd67IHmAsMdjkjISdXbvqgl838n6V4 root@ubuntu-xenial (ED25519)
<14>Aug 22 17:17:35 ec2: 2048 SHA256:oL+IXcV2E3sClpuxgtFx5DVxDzRXK6ERNIzSwxjtlXw root@ubuntu-xenial (RSA)
<14>Aug 22 17:17:35 ec2: -----END SSH HOST KEY FINGERPRINTS-----
<14>Aug 22 17:17:35 ec2: #############################################################
-----BEGIN SSH HOST KEY KEYS-----
ecdsa-sha2-nistp256 AAAAE2VjZHNhLXNoYTItbmlzdHAyNTYAAAAIbmlzdHAyNTYAAABBBK6K/Q/FIH7YZAie/DCh3aD75nZ5FWljyXP/ltOAhfGhVmBqoy+mh4EmZVhmxQ3FaQznPAJCWpC5RXenDm6xhzQ= root@ubuntu-xenial
ssh-ed25519 AAAAC3NzaC1lZDI1NTE5AAAAIFUi7V9EoWZn4pB2MzkpB6GgkK8oiCmCBIpjPM9kPpgv root@ubuntu-xenial
ssh-rsa AAAAB3NzaC1yc2EAAAADAQABAAABAQC46htyIYXOKfeFct3GPR3MdgjW7zfNJNMrxumWatz0ZcjyqhcrCxeNdXyma4RRBE2u/yMN4X2pHbJ88MYabDS668Z5ih09s0Wd5py2nRNTeNtOsXqBdPSly8Ka62tUXx0P9IHGXp3SKOVBYMSyUe1DDluH++fMILeIRIiAUWTAbPayrk/sRC2/uVtIjfzBhH+eW6oZSG0AO9Wk4Bvn3YKUIMz+/vx4T8nkcOhMzVYIf4o8NhCbxWrnWldGcWyyRn1/G/r4ioSxWEKdbXpkFRGR2bz+WVr68DluB2aPmY1ZMJQqTyiwwk8T5PN8HQo5kHrcZ8x7cGY3pzxntUvZjiZz root@ubuntu-xenial
-----END SSH HOST KEY KEYS-----
[   25.707390] cloud-init[1511]: Cloud-init v. 19.1-1-gbaa47854-0ubuntu1~16.04.1 running 'modules:final' at Thu, 22 Aug 2019 17:17:35 +0000. Up 25.48 seconds.
[   25.707681] cloud-init[1511]: ci-info: no authorized ssh keys fingerprints found for user ubuntu.
[   25.707891] cloud-init[1511]: Cloud-init v. 19.1-1-gbaa47854-0ubuntu1~16.04.1 finished at Thu, 22 Aug 2019 17:17:35 +0000. Datasource DataSourceNoCloud [seed=/dev/sdb][dsmode=net].  Up 25.69 seconds
