[    0.000000] Initializing cgroup subsys cpuset
[    0.000000] Initializing cgroup subsys cpu
[    0.000000] Initializing cgroup subsys cpuacct
[    0.000000] Linux version 4.4.0-157-generic (buildd@lgw01-amd64-037) (gcc version 5.4.0 20160609 (Ubuntu 5.4.0-6ubuntu1~16.04.10) ) #185-Ubuntu SMP Tue Jul 23 09:17:01 UTC 2019 (Ubuntu 4.4.0-157.185-generic 4.4.181)
[    0.000000] Command line: BOOT_IMAGE=/boot/vmlinuz-4.4.0-157-generic root=LABEL=cloudimg-rootfs ro console=tty1 console=ttyS0
[    0.000000] KERNEL supported cpus:
[    0.000000]   Intel GenuineIntel
[    0.000000]   AMD AuthenticAMD
[    0.000000]   Centaur CentaurHauls
[    0.000000] x86/fpu: xstate_offset[2]:  576, xstate_sizes[2]:  256
[    0.000000] x86/fpu: Supporting XSAVE feature 0x01: 'x87 floating point registers'
[    0.000000] x86/fpu: Supporting XSAVE feature 0x02: 'SSE registers'
[    0.000000] x86/fpu: Supporting XSAVE feature 0x04: 'AVX registers'
[    0.000000] x86/fpu: Enabled xstate features 0x7, context size is 832 bytes, using 'standard' format.
[    0.000000] e820: BIOS-provided physical RAM map:
[    0.000000] BIOS-e820: [mem 0x0000000000000000-0x000000000009fbff] usable
[    0.000000] BIOS-e820: [mem 0x000000000009fc00-0x000000000009ffff] reserved
[    0.000000] BIOS-e820: [mem 0x00000000000f0000-0x00000000000fffff] reserved
[    0.000000] BIOS-e820: [mem 0x0000000000100000-0x000000003ffeffff] usable
[    0.000000] BIOS-e820: [mem 0x000000003fff0000-0x000000003fffffff] ACPI data
[    0.000000] BIOS-e820: [mem 0x00000000fffc0000-0x00000000ffffffff] reserved
[    0.000000] NX (Execute Disable) protection: active
[    0.000000] SMBIOS 2.5 present.
[    0.000000] Hypervisor detected: KVM
[    0.000000] e820: last_pfn = 0x3fff0 max_arch_pfn = 0x400000000
[    0.000000] MTRR: Disabled
[    0.000000] x86/PAT: MTRRs disabled, skipping PAT initialization too.
[    0.000000] CPU MTRRs all blank - virtualized system.
[    0.000000] x86/PAT: Configuration [0-7]: WB  WT  UC- UC  WB  WT  UC- UC  
[    0.000000] found SMP MP-table at [mem 0x0009fff0-0x0009ffff] mapped at [ffff88000009fff0]
[    0.000000] Scanning 1 areas for low memory corruption
[    0.000000] RAMDISK: [mem 0x362fa000-0x37174fff]
[    0.000000] ACPI: Early table checksum verification disabled
[    0.000000] ACPI: RSDP 0x00000000000E0000 000024 (v02 VBOX  )
[    0.000000] ACPI: XSDT 0x000000003FFF0030 00003C (v01 VBOX   VBOXXSDT 00000001 ASL  00000061)
[    0.000000] ACPI: FACP 0x000000003FFF00F0 0000F4 (v04 VBOX   VBOXFACP 00000001 ASL  00000061)
[    0.000000] ACPI: DSDT 0x000000003FFF0470 002118 (v01 VBOX   VBOXBIOS 00000002 INTL 20160108)
[    0.000000] ACPI: FACS 0x000000003FFF0200 000040
[    0.000000] ACPI: FACS 0x000000003FFF0200 000040
[    0.000000] ACPI: APIC 0x000000003FFF0240 00005C (v02 VBOX   VBOXAPIC 00000001 ASL  00000061)
[    0.000000] ACPI: SSDT 0x000000003FFF02A0 0001CC (v01 VBOX   VBOXCPUT 00000002 INTL 20160108)
[    0.000000] No NUMA configuration found
[    0.000000] Faking a node at [mem 0x0000000000000000-0x000000003ffeffff]
[    0.000000] NODE_DATA(0) allocated [mem 0x3ffeb000-0x3ffeffff]
[    0.000000] kvm-clock: Using msrs 4b564d01 and 4b564d00
[    0.000000] kvm-clock: cpu 0, msr 0:3ffe3001, primary cpu clock
[    0.000000] kvm-clock: using sched offset of 3279501110 cycles
[    0.000000] clocksource: kvm-clock: mask: 0xffffffffffffffff max_cycles: 0x1cd42e4dffb, max_idle_ns: 881590591483 ns
[    0.000000] Zone ranges:
[    0.000000]   DMA      [mem 0x0000000000001000-0x0000000000ffffff]
[    0.000000]   DMA32    [mem 0x0000000001000000-0x000000003ffeffff]
[    0.000000]   Normal   empty
[    0.000000]   Device   empty
[    0.000000] Movable zone start for each node
[    0.000000] Early memory node ranges
[    0.000000]   node   0: [mem 0x0000000000001000-0x000000000009efff]
[    0.000000]   node   0: [mem 0x0000000000100000-0x000000003ffeffff]
[    0.000000] Initmem setup node 0 [mem 0x0000000000001000-0x000000003ffeffff]
[    0.000000] ACPI: PM-Timer IO Port: 0x4008
[    0.000000] IOAPIC[0]: apic_id 2, version 17, address 0xfec00000, GSI 0-23
[    0.000000] ACPI: INT_SRC_OVR (bus 0 bus_irq 0 global_irq 2 dfl dfl)
[    0.000000] ACPI: INT_SRC_OVR (bus 0 bus_irq 9 global_irq 9 high level)
[    0.000000] Using ACPI (MADT) for SMP configuration information
[    0.000000] smpboot: Allowing 2 CPUs, 0 hotplug CPUs
[    0.000000] PM: Registered nosave memory: [mem 0x00000000-0x00000fff]
[    0.000000] PM: Registered nosave memory: [mem 0x0009f000-0x0009ffff]
[    0.000000] PM: Registered nosave memory: [mem 0x000a0000-0x000effff]
[    0.000000] PM: Registered nosave memory: [mem 0x000f0000-0x000fffff]
[    0.000000] e820: [mem 0x40000000-0xfffbffff] available for PCI devices
[    0.000000] Booting paravirtualized kernel on KVM
[    0.000000] clocksource: refined-jiffies: mask: 0xffffffff max_cycles: 0xffffffff, max_idle_ns: 7645519600211568 ns
[    0.000000] setup_percpu: NR_CPUS:512 nr_cpumask_bits:512 nr_cpu_ids:2 nr_node_ids:1
[    0.000000] PERCPU: Embedded 34 pages/cpu @ffff88003fc00000 s99544 r8192 d31528 u1048576
[    0.000000] Built 1 zonelists in Node order, mobility grouping on.  Total pages: 257912
[    0.000000] Policy zone: DMA32
[    0.000000] Kernel command line: BOOIMGE/boot/vmlinuz-4.4.0-157-generic root=LABEL=cloudimg-rootfs ro console=tty1 console=ttyS0
[    0.000000] PID hash table entries: 4096 (order: 3, 32768 bytes)
[    0.000000] Memory: 997732K/1048120K available (8618K kernel code, 1335K rwdata, 4032K rodata, 1484K init, 1284K bss, 50388K reserved, 0K cma-reserved)
[    0.000000] SLUB: HWalign=64, Order=0-3, MinObjects=0, CPUs=2, Nodes=1
[    0.000000] Kernel/User page tables isolation: enabled
[    0.000000] Hierarchical RCU implementation.
[    0.000000] 	Build-time adjustment of leaf fanout to 64.
[    0.000000] 	RCU restricting CPUs from NR_CPUS=512 to nr_cpu_ids=2.
[    0.000000] RCU: Adjusting geometry for rcu_fanout_leaf=64, nr_cpu_ids=2
[    0.000000] NR_IRQS:33024 nr_irqs:440 16
[    0.000000] Console: colour VGA+ 80x25
[    0.000000] console [tty1] enabled
[    0.000000] console [ttyS0] enabled
[    0.000000] tsc: Detected 3092.942 MHz processor
[    0.418245] Calibrating delay loop (skipped) preset value.. 6185.88 BogoMIPS (lpj=12371768)
[    0.419760] pid_max: default: 32768 minimum: 301
[    0.420568] ACPI: Core revision 20150930
[    0.422362] ACPI: 2 ACPI AML tables successfully acquired and loaded
[    0.439569] Security Framework initialized
[    0.440316] Yama: becoming mindful.
[    0.441000] AppArmor: AppArmor initialized
[    0.441818] Dentry cache hash table entries: 131072 (order: 8, 1048576 bytes)
[    0.443675] Inode-cache hash table entries: 65536 (order: 7, 524288 bytes)
[    0.459506] Mount-cache hash table entries: 2048 (order: 2, 16384 bytes)
[    0.499141] Mountpoint-cache hash table entries: 2048 (order: 2, 16384 bytes)
[    0.500576] Initializing cgroup subsys io
[    0.501316] Initializing cgroup subsys memory
[    0.502107] Initializing cgroup subsys devices
[    0.502887] Initializing cgroup subsys freezer
[    0.503671] Initializing cgroup subsys net_cls
[    0.519010] Initializing cgroup subsys perf_event
[    0.519836] Initializing cgroup subsys net_prio
[    0.520628] Initializing cgroup subsys hugetlb
[    0.521408] Initializing cgroup subsys pids
[    0.522234] mce: CPU supports 0 MCE banks
[    0.522993] Last level iTLB entries: 4KB 512, 2MB 8, 4MB 8
[    0.523903] Last level dTLB entries: 4KB 512, 2MB 32, 4MB 32, 1GB 0
[    0.524894] Spectre V2 : Mitigation: Full generic retpoline
[    0.525801] Spectre V2 : Spectre v2 / SpectreRSB mitigation: Filling RSB on context switch
[    0.527258] Speculative Store Bypass: Vulnerable
[    0.548002] MDS: Vulnerable: Clear CPU buffers attempted, no microcode
[    0.551775] Freeing SMP alternatives memory: 36K
[    0.603242] ftrace: allocating 32312 entries in 127 pages
[    0.675006] smpboot: APIC(0) Converting physical 0 to logical package 0
[    0.681382] smpboot: Max logical packages: 1
[    0.683441] ..TIMER: vector=0x30 apic1=0 pin1=2 apic2=-1 pin2=-1
[    0.794329] smpboot: CPU0: Intel(R) Core(TM) i3-2100 CPU @ 3.10GHz (family: 0x6, model: 0x2a, stepping: 0x7)
[    0.807914] Performance Events: unsupported p6 CPU model 42 no PMU driver, software events only.
[    0.820769] KVM setup paravirtual spinlock
[    0.827572] x86: Booting SMP configuration:
[    0.841032] .... node  #0, CPUs:      #1
[    0.841905] kvm-clock: cpu 1, msr 0:3ffe3041, secondary cpu clock
[    0.842941] mce: CPU supports 0 MCE banks
[    0.845620] x86: Booted up 1 node, 2 CPUs
[    0.851885] smpboot: Total of 2 processors activated (12371.76 BogoMIPS)
[    0.853436] devtmpfs: initialized
[    0.856946] evm: security.selinux
[    0.867757] evm: security.SMACK64
[    0.868578] evm: security.SMACK64EXEC
[    0.869512] evm: security.SMACK64TRANSMUTE
[    0.875766] evm: security.SMACK64MMAP
[    0.876646] evm: security.ima
[    0.877450] evm: security.capability
[    0.879772] clocksource: jiffies: mask: 0xffffffff max_cycles: 0xffffffff, max_idle_ns: 7645041785100000 ns
[    0.883769] futex hash table entries: 512 (order: 3, 32768 bytes)
[    0.885241] pinctrl core: initialized pinctrl subsystem
[    0.907505] RTC time: 16:53:45, date: 08/22/19
[    0.908499] NET: Registered protocol family 16
[    0.917825] cpuidle: using governor ladder
[    0.945757] cpuidle: using governor menu
[    0.987057] PCCT header not found.
[    1.010001] ACPI: bus type PCI registered
[    1.034029] acpiphp: ACPI Hot Plug PCI Controller Driver version: 0.5
[    1.035143] PCI: Using configuration type 1 for base access
[    1.046741] ACPI: Added _OSI(Module Device)
[    1.051357] ACPI: Added _OSI(Processor Device)
[    1.074791] ACPI: Added _OSI(3.0 _SCP Extensions)
[    1.075599] ACPI: Added _OSI(Processor Aggregator Device)
[    1.077120] ACPI: Executed 1 blocks of module-level executable AML code
[    1.149464] ACPI: Interpreter enabled
[    1.151276] ACPI: (supports S0 S5)
[    1.154305] ACPI: Using IOAPIC for interrupt routing
[    1.155343] PCI: Using host bridge windows from ACPI; if necessary, use "pci=nocrs" and report a bug
[    1.160187] ACPI: PCI Root Bridge [PCI0] (domain 0000 [bus 00-ff])
[    1.166457] acpi PNP0A03:00: _OSC: OS supports [ASPM ClockPM Segments MSI]
[    1.167523] acpi PNP0A03:00: _OSC failed (AE_NOT_FOUND); disabling ASPM
[    1.168547] acpi PNP0A03:00: fail to add MMCONFIG information, can't access extended PCI configuration space under this bridge.
[    1.170601] PCI host bridge to bus 0000:00
[    1.171356] pci_bus 0000:00: root bus resource [io  0x0000-0x0cf7 window]
[    1.172388] pci_bus 0000:00: root bus resource [io  0x0d00-0xffff window]
[    1.173416] pci_bus 0000:00: root bus resource [mem 0x000a0000-0x000bffff window]
[    1.174754] pci_bus 0000:00: root bus resource [mem 0x40000000-0xffdfffff window]
[    1.176086] pci_bus 0000:00: root bus resource [bus 00-ff]
[    1.178320] pci 0000:00:01.1: legacy IDE quirk: reg 0x10: [io  0x01f0-0x01f7]
[    1.179411] pci 0000:00:01.1: legacy IDE quirk: reg 0x14: [io  0x03f6]
[    1.180413] pci 0000:00:01.1: legacy IDE quirk: reg 0x18: [io  0x0170-0x0177]
[    1.181482] pci 0000:00:01.1: legacy IDE quirk: reg 0x1c: [io  0x0376]
[    1.208370] ACPI: PCI Interrupt Link [LNKA] (IRQs 5 9 10 11) *0, disabled.
[    1.266238] ACPI: PCI Interrupt Link [LNKB] (IRQs 5 9 10 *11)
[    1.267616] ACPI: PCI Interrupt Link [LNKC] (IRQs 5 9 *10 11)
[    1.327153] ACPI: PCI Interrupt Link [LNKD] (IRQs 5 *9 10 11)
[    1.336040] ACPI: Enabled 2 GPEs in block 00 to 07
[    1.337288] vgaarb: setting as boot device: PCI:0000:00:02.0
[    1.338225] vgaarb: device added: PCI:0000:00:02.0,decodes=io+mem,owns=io+mem,locks=none
[    1.349789] vgaarb: loaded
[    1.357830] vgaarb: bridge control possible 0000:00:02.0
[    1.358968] SCSI subsystem initialized
[    1.359844] ACPI: bus type USB registered
[    1.360590] usbcore: registered new interface driver usbfs
[    1.361487] usbcore: registered new interface driver hub
[    1.362402] usbcore: registered new device driver usb
[    1.394547] PCI: Using ACPI for IRQ routing
[    1.410292] NetLabel: Initializing
[    1.410947] NetLabel:  domain hash size = 128
[    1.411717] NetLabel:  protocols = UNLABELED CIPSOv4
[    1.413024] NetLabel:  unlabeled traffic allowed by default
[    1.430699] amd_nb: Cannot enumerate AMD northbridges
[    1.431619] clocksource: Switched to clocksource kvm-clock
[    1.439219] AppArmor: AppArmor Filesystem Enabled
[    1.468061] pnp: PnP ACPI init
[    1.469391] pnp: PnP ACPI: found 3 devices
[   .484202] clocksource: acpi_pm: mask: 0xfffffaxycs: 0xffffff, max_idle_ns: 2085701024 ns
[    1.728317] NET: Registered protocol family 2
[    1.729310] TCP established hash table entries: 8192 (order: 4, 65536 bytes)
[    1.730396] TCP bind hash table entries: 8192 (order: 5, 131072 bytes)
[    1.731421] TCP: Hash tables configured (established 8192 bind 8192)
[    1.732457] UDP hash table entries: 512 (order: 2, 16384 bytes)
[    1.733403] UDP-Lite hash table entries: 512 (order: 2, 16384 bytes)
[    1.734428] NET: Registered protocol family 1
[    1.735208] pci 0000:00:00.0: Limiting direct PCI/PCI transfers
[    1.736196] pci 0000:00:01.0: Activating ISA DMA hang workarounds
[    1.737273] Unpacking initramfs...
[    2.008234] Freeing initrd memory: 14828K
[    2.016487] RAPL PMU detected, API unit is 2^-32 Joules, 3 fixed counters 10737418240 ms ovfl timer
[    2.022705] hw unit of domain pp0-core 2^-0 Joules
[    2.025445] hw unit of domain package 2^-0 Joules
[    2.027571] hw unit of domain pp1-gpu 2^-0 Joules
[    2.029685] clocksource: tsc: mask: 0xffffffffffffffff max_cycles: 0x2c953c31226, max_idle_ns: 440795210352 ns
[    2.033172] platform rtc_cmos: registered platform RTC device (no PNP device found)
[    2.035558] Scanning for low memory corruption every 60 seconds
[    2.037842] audit: initializing netlink subsys (disabled)
[    2.039439] audit: type=2000 audit(1566492829.817:1): initialized
[    2.041575] Initialise system trusted keyring
[    2.043423] HugeTLB registered 2 MB page size, pre-allocated 0 pages
[    2.047030] zbud: loaded
[    2.048500] VFS: Disk quotas dquot_6.6.0
[    2.049734] VFS: Dquot-cache hash table entries: 512 (order 0, 4096 bytes)
[    2.051853] squashfs: version 4.0 (2009/01/31) Phillip Lougher
[    2.053966] fuse init (API version 7.23)
[    2.055320] Key type big_key registered
[    2.056567] Allocating IMA MOK and blacklist keyrings.
[    2.060620] Key type asymmetric registered
[    2.061808] Asymmetric key parser 'x509' registered
[    2.063176] Block layer SCSI generic (bsg) driver version 0.4 loaded (major 249)
[    2.065461] io scheduler noop registered
[    2.066595] io scheduler deadline registered (default)
[    2.068050] io scheduler cfq registered
[    2.069342] pci_hotplug: PCI Hot Plug PCI Core version: 0.5
[    2.070825] pciehp: PCI Express Hot Plug Controller Driver version: 0.4
[    2.072705] ACPI: AC Adapter [AC] (on-line)
[    2.073963] input: Power Button as /devices/LNXSYSTM:00/LNXPWRBN:00/input/input0
[    2.076085] ACPI: Power Button [PWRF]
[    2.077300] input: Sleep Button as /devices/LNXSYSTM:00/LNXSLPBN:00/input/input1
[    2.079397] ACPI: Sleep Button [SLPF]
[    2.080827] GHES: HEST is not enabled!
[    2.082047] Serial: 8250/16550 driver, 32 ports, IRQ sharing enabled
[    2.105684] 00:02: ttyS0 at I/O 0x3f8 (irq = 4, base_baud = 115200) is a 16550A
[    2.112420] Linux agpgart interface v0.103
[    2.131317] loop: module loaded
[    2.141229] scsi host0: ata_piix
[    2.148355] scsi host1: ata_piix
[    2.149168] ata1: PATA max UDMA/33 cmd 0x1f0 ctl 0x3f6 bmdma 0xd000 irq 14
[    2.150419] ata2: PATA max UDMA/33 cmd 0x170 ctl 0x376 bmdma 0xd008 irq 15
[    2.151840] libphy: Fixed MDIO Bus: probed
[    2.218865] tun: Universal TUN/TAP device driver, 1.6
[    2.317875] tun: (C) 1999-2004 Max Krasnyansky <maxk@qualcomm.com>
[    2.319381] PPP generic driver version 2.4.2
[    2.320564] ehci_hcd: USB 2.0 'Enhanced' Host Controller (EHCI) Driver
[    2.321911] ehci-pci: EHCI PCI platform driver
[    2.322920] ehci-platform: EHCI generic platform driver
[    2.325133] ohci_hcd: USB 1.1 'Open' Host Controller (OHCI) Driver
[    2.326397] ohci-pci: OHCI PCI platform driver
[    2.327429] ohci-platform: OHCI generic platform driver
[    2.328599] uhci_hcd: USB Universal Host Controller Interface driver
[    2.329977] i8042: PNP: PS/2 Controller [PNP0303:PS2K,PNP0f03:PS2M] at 0x60,0x64 irq 1,12
[    2.332274] serio: i8042 KBD port at 0x60,0x64 irq 1
[    2.333379] serio: i8042 AUX port at 0x60,0x64 irq 12
[    2.334791] mousedev: PS/2 mouse device common for all mice
[    2.336477] input: AT Translated Set 2 keyboard as /devices/platform/i8042/serio0/input/input2
[    2.338884] rtc_cmos rtc_cmos: rtc core: registered rtc_cmos as rtc0
[    2.340297] rtc_cmos rtc_cmos: alarms up to one day, 114 bytes nvram
[    2.341606] i2c /dev entries driver
[    2.342498] device-mapper: uevent: version 1.0.3
[    2.343706] device-mapper: ioctl: 4.34.0-ioctl (2015-10-28) initialised: dm-devel@redhat.com
[    2.345569] ledtrig-cpu: registered to indicate activity on CPUs
[    2.347613] NET: Registered protocol family 10
[    2.348889] NET: Registered protocol family 17
[    2.349891] Key type dns_resolver registered
[    2.351456] registered taskstats version 1
[    2.352458] Loading compiled-in X.509 certificates
[    2.354254] Loaded X.509 cert 'Build time autogenerated kernel key: 3e01e6df98386236d59670e6b2ed19a044d5324e'
[    2.356392] zswap: loaded using pool lzo/zbud
[    2.360007] Key type trusted registered
[    2.368965] Key type encrypted registered
[    2.372557] AppArmor: AppArmor sha1 policy hashing enabled
[    2.373709] ima: No TPM chip found, activating TPM-bypass!
[    2.374859] ima: Allocated hash algorithm: sha1
[    2.375919] evm: HMAC attrs: 0x1
[    2.377020]   Magic number: 15:701:894
[    2.378044] rtc_cmos rtc_cmos: setting system clock to 2019-08-22 16:53:46 UTC (1566492826)
[    2.380109] BIOS EDD facility v0.16 2004-Jun-25, 0 devices found
[    2.381366] EDD information not available.
[    2.383767] Freeing unused kernel memory: 1484K
[    2.399714] Write protecting the kernel read-only data: 14336k
[    2.401551] Freeing unused kernel memory: 1612K
[    2.404911] Freeing unused kernel memory: 64K
Loading, please wait...
starting version[    2.422185] random: systemd-udevd: uninitialized urandom read (16 bytes read, 2 bits of entropy available)
 229
[    2.422884] random: udevadm: uninitialized urandom read (16 bytes read, 2 bits of entropy available)
[    2.422914] random: udevadm: uninitialized urandom read (16 bytes read, 2 bits of entropy available)
[    2.433706] random: systemd-udevd: uninitialized urandom read (16 bytes read, 2 bits of entropy available)
[    2.435781] random: systemd-udevd: uninitialized urandom read (16 bytes read, 2 bits of entropy available)
[    2.437609] random: udevadm: uninitialized urandom read (16 bytes read, 2 bits of entropy available)
[    2.437670] random: udevadm: uninitialized urandom read (16 bytes read, 2 bits of entropy available)
[    2.437887] random: udevadm: uninitialized urandom read (16 bytes read, 2 bits of entropy available)
[    2.437970] random: udevadm: uninitialized urandom read (16 bytes read, 2 bits of entropy available)
[    2.438053] random: udevadm: uninitialized urandom read (16 bytes read, 2 bits of entropy available)
[    2.499116] Fusion MPT base driver 3.04.20
[    2.518238] Copyright (c) 1999-2008 LSI Corporation
[    2.522848] e1000: Intel(R) PRO/1000 Network Driver - version 7.3.21-k8-NAPI
[    2.538808] e1000: Copyright (c) 1999-2006 Intel Corporation.
[    2.552759] Fusion MPT SPI Host driver 3.04.20
[    2.760332] input: ImExPS/2 Generic Explorer Mouse as /devices/platform/i8042/serio1/input/input4
[    2.909528] e1000 0000:00:03.0 eth0: (PCI:33MHz:32-bit) 02:46:62:72:a1:53
[    2.972984] e1000 0000:00:03.0 eth0: Intel(R) PRO/1000 Network Connection
[    2.991738] mptbase: ioc0: Initiating bringup
[    3.010448] e1000 0000:00:03.0 enp0s3: renamed from eth0
[    3.071945] ioc0: LSI53C1030 A0: Capabilities={Initiator}
[    4.570178] scsi host2: ioc0: LSI53C1030 A0, FwRev=00000000h, Ports=1, MaxQ=256, IRQ=20
[    5.080210] scsi 2:0:0:0: Direct-Access     VBOX     HARDDISK         1.0  PQ: 0 ANSI: 5
[    5.238835] scsi target2:0:0: Beginning Domain Validation
[    5.258735] scsi target2:0:0: Domain Validation skipping write tests
[    5.259799] scsi target2:0:0: Ending Domain Validation
[    5.260745] scsi target2:0:0: asynchronous
[    5.261996] scsi 2:0:1:0: Direct-Access     VBOX     HARDDISK         1.0  PQ: 0 ANSI: 5
[    5.290121] scsi target2:0:1: Beginning Domain Validation
[    5.309232] scsi target2:0:1: Domain Validation skipping write tests
[    5.541469] scsi target2:0:1: Ending Domain Validation
[    5.556238] scsi target2:0:1: asynchronous
[    5.565560] sd 2:0:0:0: Attached scsi generic sg0 type 0
[    5.588483] sd 2:0:0:0: [sda] 20971520 512-byte logical blocks: (10.7 GB/10.0 GiB)
[    5.599993] sd 2:0:0:0: [sda] Write Protect is off
[    5.600042] sd 2:0:1:0: Attached scsi generic sg1 type 0
[    5.628415] sd 2:0:1:0: [sdb] 20480 512-byte logical blocks: (10.5 MB/10.0 MiB)
[    5.628717] sd 2:0:1:0: [sdb] Write Protect is off
[    5.628807] sd 2:0:1:0: [sdb] Incomplete mode parameter data
[    5.628809] sd 2:0:1:0: [sdb] Assuming drive cache: write through
[    5.709084] sd 2:0:1:0: [sdb] Attached SCSI disk
[    5.719442] sd 2:0:0:0: [sda] Incomplete mode parameter data
[    5.748373] sd 2:0:0:0: [sda] Assuming drive cache: write through
[    5.833636]  sda: sda1
[    5.868796] sd 2:0:0:0: [sda] Attached SCSI disk
Begin: Loading e[    7.362071] md: linear personality registered for level -1
ssential drivers ... [    7.564018] md: multipath personality registered for level -4
[    7.569876] md: raid0 personality registered for level 0
[    7.600797] md: raid1 personality registered for level 1
[    7.687669] raid6: sse2x1   gen()  8116 MB/s
[    7.795657] raid6: sse2x1   xor()  6271 MB/s
[    7.895657] raid6: sse2x2   gen() 10290 MB/s
[    7.975657] raid6: sse2x2   xor()  7288 MB/s
[    8.071656] raid6: sse2x4   gen() 11878 MB/s
[    8.151657] raid6: sse2x4   xor()  8960 MB/s
[    8.157451] raid6: using algorithm sse2x4 gen() 11878 MB/s
[    8.158331] raid6: .... xor() 8960 MB/s, rmw enabled
[    8.159162] raid6: using ssse3x2 recovery algorithm
[    8.161713] xor: automatically using best checksumming function:
[    8.211974]    avx       : 44630.000 MB/sec
[    8.219809] async_tx: api initialized (async)
[    8.250796] md: raid6 personality registered for level 6
[    8.294359] md: raid5 personality registered for level 5
[    8.295256] md: raid4 personality registered for level 4
[    8.307954] md: raid10 personality registered for level 10
done.
Begin: Running /scripts/init-premount ... done.
Begin: Mounting root file system ... Begin: Running /scripts/local-top ... done.
Begin: Running /scripts/local-premount ... [    8.357908] Btrfs loaded
Scanning for Btrfs filesystems
done.
Warning: fsck not present, so skipping root file system
[    8.417985] EXT4-fs (sda1): mounted filesystem with ordered data mode. Opts: (null)
done.
Begin: Running /scripts/local-bottom ... done.
Begin: Running /scripts/init-bottom ... done.
[    8.820010] systemd[1]: systemd 229 running in system mode. (+PAM +AUDIT +SELINUX +IMA +APPARMOR +SMACK +SYSVINIT +UTMP +LIBCRYPTSETUP +GCRYPT +GNUTLS +ACL +XZ -LZ4 +SECCOMP +BLKID +ELFUTILS +KMOD -IDN)
[    8.965572] systemd[1]: Detected virtualization oracle.
[    8.966714] systemd[1]: Detected architecture x86-64.

Welcome to [1mUbuntu 16.04.6 LTS[0m!

[    9.036554] systemd[1]: Set hostname to <ubuntu>.
[    9.055642] systemd[1]: Initializing machine ID from random generator.
[    9.079174] systemd[1]: Installed transient /etc/machine-id file.
[    9.410417] random: nonblocking pool is initialized
[    9.726427] systemd[1]: Listening on udev Kernel Socket.
[[0;32m  OK  [0m] Listening on udev Kernel Socket.
[    9.758685] systemd[1]: Listening on LVM2 metadata daemon socket.
[[0;32m  OK  [0m] Listening on LVM2 metadata daemon socket.
[    9.796455] systemd[1]: Listening on udev Control Socket.
[[0;32m  OK  [0m] Listening on udev Control Socket.
[    9.799632] systemd[1]: Set up automount Arbitrary Executable File Formats File System Automount Point.
[[0;32m  OK  [0m] Set up automount Arbitrary Executab...ats File System Automount Point.
[    9.803011] systemd[1]: Created slice System Slice.
[[0;32m  OK  [0m] Created slice System Slice.
[    9.809608] systemd[1]: Created slice system-serial\x2dgetty.slice.
[[0;32m  OK  [0m] Created slice system-serial\x2dgetty.slice.
[    9.880385] systemd[1]: Started Trigger resolvconf update for networkd DNS.
[[0;32m  OK  [0m] Started Trigger resolvconf update for networkd DNS.
[    9.882644] systemd[1]: Reached target Swap.
[[0;32m  OK  [0m] Reached target Swap.
[    9.884679] systemd[1]: Created slice User and Session Slice.
[[0;32m  OK  [0m] Created slice User and Session Slice.
[    9.886668] systemd[1]: Listening on LVM2 poll daemon socket.
[[0;32m  OK  [0m] Listening on LVM2 poll daemon socket.
[    9.889593] systemd[1]: Listening on Journal Socket (/dev/log).
[[0;32m  OK  [0m] Listening on Journal Socket (/dev/log).
[    9.892718] systemd[1]: Reached target Encrypted Volumes.
[[0;32m  OK  [0m] Reached target Encrypted Volumes.
[    9.894637] systemd[1]: Reached target Slices.
[[0;32m  OK  [0m] Reached target Slices.
[    9.897415] systemd[1]: Reached target User and Group Name Lookups.
[[0;32m  OK  [0m] Reached target User and Group Name Lookups.
[    9.900753] systemd[1]: Listening on Device-mapper event daemon FIFOs.
[[0;32m  OK  [0m] Listening on Device-mapper event daemon FIFOs.
[    9.922501] systemd[1]: Listening on /dev/initctl Compatibility Named Pipe.
[[0;32m  OK  [0m] Listening on /dev/initctl Compatibility Named Pipe.
[    9.925013] systemd[1]: Listening on Journal Audit Socket.
[[0;32m  OK  [0m] Listening on Journal Audit Socket.
[    9.927024] systemd[1]: Started Forward Password Requests to Wall Directory Watch.
[[0;32m  OK  [0m] Started Forward Password Requests to Wall Directory Watch.
[    9.929814] systemd[1]: Reached target System Time Synchronized.
[[0;32m  OK  [0m] Reached target System Time Synchronized.
[    9.931894] systemd[1]: Listening on Syslog Socket.
[[0;32m  OK  [0m] Listening on Syslog Socket.
[    9.933726] systemd[1]: Listening on Journal Socket.
[[0;32m  OK  [0m] Listening on Journal Socket.
[    9.947744] systemd[1]: Mounting Debug File System...
         Mounting Debug File System...
[   10.349694] systemd[1]: Starting Journal Service...
         Starting Journal Service...
[   10.383489] systemd[1]: Mounting POSIX Message Queue File System...
         Mounting POSIX Message Queue File System...
[   10.559877] systemd[1]: Starting Load Kernel Modules...
[   10.605365] Loading iSCSI transport class v2.0-870.
         Starting Load Kernel Modules...
[   10.608372] systemd[1]: Starting Nameserver information manager...
         Starting Nameserver information manager...
[   10.641685] iscsi: registered transport (tcp)
[   10.659933] systemd[1]: Starting Remount Root and Kernel File Systems...
[   10.682243] EXT4-fs (sda1): re-mounted. Opts: (null)
         Starting Remount Root and Kernel File Systems...
[   10.692563] systemd[1]: Mounting Huge Pages File System...
         Mounting Huge Pages File System...
[   10.703118] systemd[1]: Starting Monitoring of LVM2 mirrors, snapshots etc. using dmeventd or progress polling...
         Starting Monitoring of LVM2 mirrors... dmeventd or progress polling...
[   10.719650] systemd[1]: Starting Uncomplicated firewall...
         Starting Uncomplicated firewall...
[   10.733270] systemd[1]: Starting Create list of required static device nodes for the current kernel...
         Starting Create list of required st... nodes for the current kernel...
[   10.749581] systemd[1]: Starting Set console keymap...
         Starting Set console keymap...
[   10.763815] systemd[1]: Mounted Debug File System.
[[0;32m  OK  [0m] Mounted Debug File System.
[   10.771990] systemd[1]: Mounted POSIX Message Queue File System.
[[0;32m  OK  [0m] Mounted POSIX Message Queue File System.
[   10.775201] systemd[1]: Mounted Huge Pages File System.
[[0;32m  OK  [0m] Mounted Huge Pages File System.
[   10.779964] systemd[1]: Started Journal Service.
[[0;32m  OK  [0m] Started Journal Service.
[   10.788984] iscsi: registered transport (iser)
[[0;32m  OK  [0m] Started Load Kernel Modules.
[[0;32m  OK  [0m] Started Remount Root and Kernel File Systems.
[[0;32m  OK  [0m] Started Uncomplicated firewall.
[[0;32m  OK  [0m] Started Create list of required sta...ce nodes for the current kernel.
[[0;32m  OK  [0m] Started Nameserver information manager.
[[0;32m  OK  [0m] Started Set console keymap.
[[0;32m  OK  [0m] Started LVM2 metadata daemon.
         Starting Create Static Device Nodes in /dev...
         Starting udev Coldplug all Devices...
         Starting Load/Save Random Seed...
         Mounting FUSE Control File System...
         Starting Apply Kernel Variables...
         Starting Flush Journal to Persistent Storage...
[[0;32m  OK  [0m] Mounted FUSE Control File System.
[   11.078166] systemd-journald[356]: Received request to flush runtime journal from PID 1
[[0;32m  OK  [0m] Started Load/Save Random Seed.
[[0;32m  OK  [0m] Started Flush Journal to Persistent Storage.
[[0;32m  OK  [0m] Started Apply Kernel Variables.
[[0;32m  OK  [0m] Started Create Static Device Nodes in /dev.
         Starting udev Kernel Device Manager...
[[0;32m  OK  [0m] Started udev Coldplug all Devices.
[[0;32m  OK  [0m] Started udev Kernel Device Manager.
[[0;32m  OK  [0m] Started Dispatch Password Requests to Console Directory Watch.
[[0;32m  OK  [0m] Started Monitoring of LVM2 mirrors,...ng dmeventd or progress polling.
[[0;32m  OK  [0m] Reached target Local File Systems (Pre).
[[0;32m  OK  [0m] Reached target Local File Systems.
         Starting Set console font and keymap...
         Starting Commit a transient machine-id on disk...
         Starting Create Volatile Files and Directories...
         Starting Initial cloud-init job (pre-networking)...
         Starting Tell Plymouth To Write Out Runtime Data...
         Starting LSB: AppArmor initialization...
[[0;32m  OK  [0m] Started Commit a transient machine-id on disk.
[[0;32m  OK  [0m] Started Tell Plymouth To Write Out Runtime Data.
[[0;32m  OK  [0m] Found device /dev/ttyS0.
[[0;32m  OK  [0m] Started Create Volatile Files and Directories.
         Starting Update UTMP about System Boot/Shutdown...
[[0;32m  OK  [0m] Started Update UTMP about System Boot/Shutdown.
[[0;32m  OK  [0m] Listening on Load/Save RF Kill Switch Status /dev/rfkill Watch.
[[0;32m  OK  [0m] Started LSB: AppArmor initialization.
[[0;32m  OK  [0m] Started Set console font and keymap.
[[0;32m  OK  [0m] Created slice system-getty.slice.
[   14.130377] cloud-init[466]: Cloud-init v. 19.1-1-gbaa47854-0ubuntu1~16.04.1 running 'init-local' at Thu, 22 Aug 2019 16:53:58 +0000. Up 13.58 seconds.
[[0;32m  OK  [0m] Started Initial cloud-init job (pre-networking).
[[0;32m  OK  [0m] Reached target Network (Pre).
         Starting Raise network interfaces...
[[0;32m  OK  [0m] Started Raise network interfaces.
         Starting Initial cloud-init job (metadata service crawler)...
[[0;32m  OK  [0m] Reached target Network.
[   16.401836] cloud-init[929]: Cloud-init v. 19.1-1-gbaa47854-0ubuntu1~16.04.1 running 'init' at Thu, 22 Aug 2019 16:54:00 +0000. Up 15.03 seconds.
[   16.423803] cloud-init[929]: ci-info: ++++++++++++++++++++++++++++++++++++++Net device info++++++++++++++++++++++++++++++++++++++
[   16.428436] cloud-init[929]: ci-info: +--------+------+----------------------------+---------------+--------+-------------------+
[   16.434023] cloud-init[929]: ci-info: | Device |  Up  |          Address           |      Mask     | Scope  |     Hw-Address    |
[   16.450338] cloud-init[929]: ci-info: +--------+------+----------------------------+---------------+--------+-------------------+
[   16.459097] cloud-init[929]: ci-info: | enp0s3 | True |         10.0.2.15          | 255.255.255.0 | global | 02:46:62:72:a1:53 |
[   16.463579] cloud-init[929]: ci-info: | enp0s3 | True | fe80::46:62ff:fe72:a153/64 |       .       |  link  | 02:46:62:72:a1:53 |
[   16.466986] cloud-init[929]: ci-info: |   lo   | True |         127.0.0.1          |   255.0.0.0   |  host  |         .         |
[   16.471447] cloud-init[929]: ci-info: |   lo   | True |          ::1/128           |       .       |  host  |         .         |
[   16.474653] cloud-init[929]: ci-info: +--------+------+----------------------------+---------------+--------+-------------------+
[   16.474874] cloud-init[929]: ci-info: +++++++++++++++++++++++++++Route IPv4 info++++++++++++++++++++++++++++
[   16.475221] cloud-init[929]: ci-info: +-------+-------------+----------+---------------+-----------+-------+
[   16.475605] cloud-init[929]: ci-info: | Route | Destination | Gateway  |    Genmask    | Interface | Flags |
[   16.475953] cloud-init[929]: ci-info: +-------+-------------+----------+---------------+-----------+-------+
[   16.477254] cloud-init[929]: ci-info: |   0   |   0.0.0.0   | 10.0.2.2 |    0.0.0.0    |   enp0s3  |   UG  |
[   16.477585] cloud-init[929]: ci-info: |   1   |   10.0.2.0  | 0.0.0.0  | 255.255.255.0 |   enp0s3  |   U   |
[   16.477938] cloud-init[929]: ci-info: +-------+-------------+----------+---------------+-----------+-------+
[   16.478297] cloud-init[929]: ci-info: +++++++++++++++++++Route IPv6 info+++++++++++++++++++
[   16.478655] cloud-init[929]: ci-info: +-------+-------------+---------+-----------+-------+
[   16.478841] cloud-init[929]: ci-info: | Route | Destination | Gateway | Interface | Flags |
[   16.479205] cloud-init[929]: ci-info: +-------+-------------+---------+-----------+-------+
[   16.479562] cloud-init[929]: ci-info: |   0   |  fe80::/64  |    ::   |   enp0s3  |   U   |
[   16.479916] cloud-init[929]: ci-info: |   3   |   ff00::/8  |    ::   |   enp0s3  |   U   |
[   16.480371] cloud-init[929]: ci-info: +-------+-------------+---------+-----------+-------+
[   16.480939] cloud-init[929]: Generating public/private rsa key pair.
[[0;32m  OK  [0m] Started Initial cloud-init job (metadata service crawler).
[   16.481370] cloud-init[929]: Your identification has been saved in /etc/ssh/ssh_host_rsa_key.
[   16.524990] cloud-init[929]: Your public key has been saved in /etc/ssh/ssh_host_rsa_key.pub.
[   16.576323] cloud-init[929]: The key fingerprint is:
[[   16.576596] [0;32m  OK  [0mcloud-init] [929]: Reached target System Initialization.SHA256:PpqfFKGJb9j1ZVBTq392BfcONuetX1l/27Okw8r6GQI root@ubuntu-xenial

[[   16.576680] cloud-init[929]: The key's randomart image is:
[   16.699611] cloud-init[929]: +---[RSA 2048]----+
[   16.699910] cloud-init[929]: |            o..  |
[   16.700277] cloud-init[929]: |           . . . |
[   16.700622] cloud-init[929]: |        . .   o .|
[   16.700973] cloud-init[929]: |     . o . . . o.|
[   16.701322] cloud-init[929]: |    . oES   + + =|
[0;32m  OK  [0m] Listening on UUID daemon activation socket.
[   16.702487] cloud-init[929]: |     + o.o o o **|
[[0;32m  OK  [0m] Listening on ACPID Listen Socket.
[   16.953609] cloud-init[929]: |    . + +.... .o@|
[[0;32m  OK  [0m] Listening on D-Bus System Message Bus Socket.
[   17.041200] cloud-init[929]: |     . + oo ooo=*|
[   17.071145] cloud-init[929]: |      o.o.o=..o+=|
[   17.071448] cloud-init[929]: +----[SHA256]-----+
[   17.071900] cloud-init[929]: Generating public/private dsa key pair.
[   17.072375] cloud-init[929]: Your identification has been saved in /etc/ssh/ssh_host_dsa_key.
[   17.072820] cloud-init[929]: Your public key has been saved in /etc/ssh/ssh_host_dsa_key.pub.
[   17.073269] cloud-init[929]: The key fingerprint is:
[   17.073724] cloud-init[929]: SHA256:HEUvpeFt6fsS1cAJ2/5rdR39dtBBgf/FsYRXXJfO+JI root@ubuntu-xenial
         Starting Socket activation for snappy daemon.
[   17.073961] cloud-init[929]: The key's randomart image is:
[[   17.188171] [0;32m  OK  [0mcloud-init] [929]: Started Daily Cleanup of Temporary Directories.+---[DSA 1024]----+

[   17.191251] cloud-init[929]: |         .+ oo+=O|
[   17.192437] cloud-init[929]: |         o * *+*o|
[   17.193519] cloud-init[929]: |        . + * O==|
[   17.194595] cloud-init[929]: |       . . + oo**|
[   17.195714] cloud-init[929]: |        S   ..+.*|
[   17.210588] cloud-init[929]: |            .E oO|
[   17.210851] cloud-init[929]: |            ....=|
[   17.211251] cloud-init[929]: |            .. ..|
[   17.211659] cloud-init[929]: |             .o. |
[   17.211871] cloud-init[929]: +----[SHA256]-----+
[   17.212124] cloud-init[929]: Generating public/private ecdsa key pair.
[   17.212460] cloud-init[929]: Your identification has been saved in /etc/ssh/ssh_host_ecdsa_key.
[   17.212667] cloud-init[929]: Your public key has been saved in /etc/ssh/ssh_host_ecdsa_key.pub.
[   17.212866] cloud-init[929]: The key fingerprint is:
[   17.213146] cloud-init[929]: SHA256:gc5jhE8WDS2X6tFmFfWV1ioa2nlrsQJTbpcmRHK6Jno root@ubuntu-xenial
[   17.213345] cloud-init[929]: The key's randomart image is:
[   17.213548] cloud-init[929]: +---[ECDSA 256]---+
[   17.213753] cloud-init[929]: |      o+ ..o.   +|
[   17.213946] cloud-init[929]: |     ..o* +  . +.|
[   17.214146] cloud-init[929]: |    . ==.*    o. |
[   17.214345] cloud-init[929]: |     Bo =.+ . .  |
[   17.214546] cloud-init[929]: |     .*+SB + o   |
[   17.214747] cloud-init[929]: |     .o.* B *    |
[   17.214947] cloud-init[929]: |     . o + = +   |
[   17.215145] cloud-init[929]: |    . E   . +    |
[   17.215358] cloud-init[929]: |     .     o     |
[   17.215738] cloud-init[929]: +----[SHA256]-----+
[   17.216336] cloud-init[929]: Generating public/private ed25519 key pair.
[   17.216701] cloud-init[929]: Your identification has been saved in /etc/ssh/ssh_host_ed25519_key.
[   17.217090] cloud-init[929]: Your public key has been saved in /etc/ssh/ssh_host_ed25519_key.pub.
[   17.217465] cloud-init[929]: The key fingerprint is:
[   17.217846] cloud-init[929]: SHA256:f+HHhgNG6E4Pz2lmJK+OUXbCxQG3Se8ykZsjses1cGc root@ubuntu-xenial
[   17.218227] cloud-init[929]: The key's randomart image is:
[   17.218612] cloud-init[929]: +--[ED25519 256]--+
[   17.218993] cloud-init[929]: |        ..+      |
[   17.219402] cloud-init[929]: |         = *     |
[   17.219786] cloud-init[929]: |        o O .    |
[   17.220029] cloud-init[929]: |       o = =     |
         Starting LXD - unix socket.
[   17.220199] cloud-init[929]: |        S % E    |
[   17.252335] cloud-init[929]: |       = ^ X +   |
[   17.252570] cloud-init[929]: |      . o & = +  |
[   17.252955] cloud-init[929]: |       + * o +   |
[   17.253604] cloud-init[929]: |      ..+        |
[   17.253882] cloud-init[929]: +----[SHA256]-----+
[[0;32m  OK  [0m] Started ACPI Events Check.
[[0;32m  OK  [0m] Reached target Paths.
[[0;32m  OK  [0m] Started Daily apt download activities.
[[0;32m  OK  [0m] Started Daily apt upgrade and clean activities.
[[0;32m  OK  [0m] Reached target Timers.
[[0;32m  OK  [0m] Reached target Network is Online.
         Starting iSCSI initiator daemon (iscsid)...
[[0;32m  OK  [0m] Reached target Cloud-config availability.
[[0;32m  OK  [0m] Listening on Socket activation for snappy daemon.
[[0;32m  OK  [0m] Listening on LXD - unix socket.
[[0;32m  OK  [0m] Reached target Sockets.
[[0;32m  OK  [0m] Reached target Basic System.
         Starting System Logging Service...
         Starting Accounts Service...
         Starting LSB: Record successful boot for GRUB...
[[0;32m  OK  [0m] Started D-Bus System Message Bus.
[[0;32m  OK  [0m] Started Deferred execution scheduler.
[[0;32m  OK  [0m] Started Regular background program processing daemon.
         Starting LXD - container startup/shutdown...
         Starting Virtualbox guest utils...
         Starting Login Service...
[[0;32m  OK  [0m] Started ACPI event daemon.
         Starting Pollinate to seed the pseudo random number generator...
         Starting /etc/rc.local Compatibility...
[[0;32m  OK  [0m] Started FUSE filesystem for LXC.
         Starting Snappy daemon...
         Starting LSB: MD monitoring daemon...
[[0;32m  OK  [0m] Started System Logging Service.
[[0;32m  OK  [0m] Started iSCSI initiator daemon (iscsid).
[[0;32m  OK  [0m] Started /etc/rc.local Compatibility.
         Starting Authenticate and Authorize Users to Run Privileged Tasks...
         Starting Login to default iSCSI targets...
[[0;32m  OK  [0m] Started LSB: Record successful boot for GRUB.
[[0;32m  OK  [0m] Started Login Service.
[[0;32m  OK  [0m] Started Unattended Upgrades Shutdown.
[[0;32m  OK  [0m] Started Login to default iSCSI targets.
[[0;32m  OK  [0m] Reached target Remote File Systems (Pre).
[[0;32m  OK  [0m] Reached target Remote File Systems.
         Starting Permit User Sessions...
         Starting LSB: Set the CPU Frequency Scaling governor to "ondemand"...
         Starting LSB: daemon to balance interrupts for SMP systems...
         Starting LSB: automatic crash report generation...
[[0;32m  OK  [0m] Started Permit User Sessions.
[[0;32m  OK  [0m] Started LSB: Set the CPU Frequency Scaling governor to "ondemand".
[[0;32m  OK  [0m] Started LSB: MD monitoring daemon.
         Starting Hold until boot process finishes up...
         Starting Terminate Plymouth Boot Screen...
[[0;32m  OK  [0m] Started Hold until boot process finishes up.
[[0;32m  OK  [0m] Started Terminate Plymouth Boot Screen.
[[0;32m  OK  [0m] Started LSB: daemon to balance interrupts for SMP systems.
[[0;32m  OK  [0m] Started LSB: automatic crash report generation.
[[0;32m  OK  [0m] Started Authenticate and Authorize Users to Run Privileged Tasks.
[[0;32m  OK  [0m] Started Accounts Service.
         Starting Set console scheme...
[[0;32m  OK  [0m] Started Serial Getty on ttyS0.
[[0;32m  OK  [0m] Started Getty on tty1.
[[0;32m  OK  [0m] Reached target Login Prompts.
[[0;32m  OK  [0m] Started Set console scheme.
[[0;32m  OK  [0m] Started Virtualbox guest utils.
[[0;32m  OK  [0m] Started LXD - container startup/shutdown.
[[0;32m  OK  [0m] Started Snappy daemon.
         Starting Wait until snapd is fully seeded...
[[0;32m  OK  [0m] Started Pollinate to seed the pseudo random number generator.
         Starting OpenBSD Secure Shell server...
[[0;32m  OK  [0m] Started OpenBSD Secure Shell server.
[[0;32m  OK  [0m] Created slice User Slice of vagrant.
         Starting User Manager for UID 1000...
[[0;32m  OK  [0m] Started Session 1 of user vagrant.
[[0;32m  OK  [0m] Started User Manager for UID 1000.
[[0;32m  OK  [0m] Started Wait until snapd is fully seeded.
         Starting Apply the settings specified in cloud-config...
[[0;32m  OK  [0m] Reached target Multi-User System.
[[0;32m  OK  [0m] Reached target Graphical Interface.
         Starting Update UTMP about System Runlevel Changes...
[[0;32m  OK  [0m] Started Update UTMP about System Runlevel Changes.
[   23.151985] cloud-init[1375]: Generating locales (this might take a while)...
[   24.089251] cloud-init[1375]:   en_US.UTF-8... done
[   24.089871] cloud-init[1375]: Generation complete.
[   24.812159] cloud-init[1375]: Cloud-init v. 19.1-1-gbaa47854-0ubuntu1~16.04.1 running 'modules:config' at Thu, 22 Aug 2019 16:54:08 +0000. Up 22.95 seconds.

Ubuntu 16.04.6 LTS ubuntu-xenial ttyS0

ubuntu-xenial login: ci-info: no authorized ssh keys fingerprints found for user ubuntu.
<14>Aug 22 16:54:10 ec2: 
<14>Aug 22 16:54:10 ec2: #############################################################
<14>Aug 22 16:54:10 ec2: -----BEGIN SSH HOST KEY FINGERPRINTS-----
<14>Aug 22 16:54:10 ec2: 1024 SHA256:HEUvpeFt6fsS1cAJ2/5rdR39dtBBgf/FsYRXXJfO+JI root@ubuntu-xenial (DSA)
<14>Aug 22 16:54:10 ec2: 256 SHA256:gc5jhE8WDS2X6tFmFfWV1ioa2nlrsQJTbpcmRHK6Jno root@ubuntu-xenial (ECDSA)
<14>Aug 22 16:54:10 ec2: 256 SHA256:f+HHhgNG6E4Pz2lmJK+OUXbCxQG3Se8ykZsjses1cGc root@ubuntu-xenial (ED25519)
<14>Aug 22 16:54:10 ec2: 2048 SHA256:PpqfFKGJb9j1ZVBTq392BfcONuetX1l/27Okw8r6GQI root@ubuntu-xenial (RSA)
<14>Aug 22 16:54:10 ec2: -----END SSH HOST KEY FINGERPRINTS-----
<14>Aug 22 16:54:10 ec2: #############################################################
-----BEGIN SSH HOST KEY KEYS-----
ecdsa-sha2-nistp256 AAAAE2VjZHNhLXNoYTItbmlzdHAyNTYAAAAIbmlzdHAyNTYAAABBBJWNzk/LWVz/Z4eZNDMPTPaWS7puy4Xfr8KIkQuamUTtb50IuufwvLRS4PYmipHIS79zn/9RkGA0pdVJrSxHKyY= root@ubuntu-xenial
ssh-ed25519 AAAAC3NzaC1lZDI1NTE5AAAAIEN403gXD7UX/PeAxPoyktJG1sYrS7u6j9R0Lk00Xply root@ubuntu-xenial
ssh-rsa AAAAB3NzaC1yc2EAAAADAQABAAABAQCrWUsVJOxPcLWM84dowsa1mHIBNbKKWPZa+m+Z/032ve0rAFwHrPdcgijPSwC/N+YSVA7qWFvdjIBk5Ed0BCok0vpHtffERR1MMEpZn3cP/Ev3kF+Br39e6tw4GSrfs0W+tigld2F7ryNzbOKfc5UwQagTwNQGokE8bj/LIuu+PmF+8BSxPjE4gXjsSvwVK0x5IAsq3Gtw0/EelAM2X8Ig6QFSpN38B6BZ2ZKQdMxtqFnJRhM3FUyIvuuqdj479mq8enGuFtm3c+b0Neqr8QNOk5M6eB9sdGCz+jGOl7RqXJhJe3AdqWAAABgrrYzRgREgCErT5pU6AbbdZeQTt4+P root@ubuntu-xenial
-----END SSH HOST KEY KEYS-----
[   25.466064] cloud-init[1497]: Cloud-init v. 19.1-1-gbaa47854-0ubuntu1~16.04.1 running 'modules:final' at Thu, 22 Aug 2019 16:54:10 +0000. Up 25.25 seconds.
[   25.466434] cloud-init[1497]: ci-info: no authorized ssh keys fingerprints found for user ubuntu.
[   25.466729] cloud-init[1497]: Cloud-init v. 19.1-1-gbaa47854-0ubuntu1~16.04.1 finished at Thu, 22 Aug 2019 16:54:10 +0000. Datasource DataSourceNoCloud [seed=/dev/sdb][dsmode=net].  Up 25.44 seconds
