[    0.000000] Initializing cgroup subsys cpuset
[    0.000000] Initializing cgroup subsys cpu
[    0.000000] Initializing cgroup subsys cpuacct
[    0.000000] Linux version 4.4.0-157-generic (buildd@lgw01-amd64-037) (gcc version 5.4.0 20160609 (Ubuntu 5.4.0-6ubuntu1~16.04.10) ) #185-Ubuntu SMP Tue Jul 23 09:17:01 UTC 2019 (Ubuntu 4.4.0-157.185-generic 4.4.181)
[    0.000000] Command line: BOOT_IMAGE=/boot/vmlinuz-4.4.0-157-generic root=LABEL=cloudimg-rootfs ro console=tty1 console=ttyS0
[    0.000000] KERNEL supported cpus:
[    0.000000]   Intel GenuineIntel
[    0.000000]   AMD AuthenticAMD
[    0.000000]   Centaur CentaurHauls
[    0.000000] [Firmware Bug]: TSC doesn't count with P0 frequency!
[    0.000000] x86/fpu: Legacy x87 FPU detected.
[    0.000000] e820: BIOS-provided physical RAM map:
[    0.000000] BIOS-e820: [mem 0x0000000000000000-0x000000000009fbff] usable
[    0.000000] BIOS-e820: [mem 0x000000000009fc00-0x000000000009ffff] reserved
[    0.000000] BIOS-e820: [mem 0x00000000000f0000-0x00000000000fffff] reserved
[    0.000000] BIOS-e820: [mem 0x0000000000100000-0x000000003ffeffff] usable
[    0.000000] BIOS-e820: [mem 0x000000003fff0000-0x000000003fffffff] ACPI data
[    0.000000] BIOS-e820: [mem 0x00000000fec00000-0x00000000fec00fff] reserved
[    0.000000] BIOS-e820: [mem 0x00000000fee00000-0x00000000fee00fff] reserved
[    0.000000] BIOS-e820: [mem 0x00000000fffc0000-0x00000000ffffffff] reserved
[    0.000000] NX (Execute Disable) protection: active
[    0.000000] SMBIOS 2.5 present.
[    0.000000] Hypervisor detected: KVM
[    0.000000] Kernel/User page tables isolation: disabled
[    0.000000] AGP: No AGP bridge found
[    0.000000] e820: last_pfn = 0x3fff0 max_arch_pfn = 0x400000000
[    0.000000] MTRR: Disabled
[    0.000000] x86/PAT: MTRRs disabled, skipping PAT initialization too.
[    0.000000] CPU MTRRs all blank - virtualized system.
[    0.000000] x86/PAT: Configuration [0-7]: WB  WT  UC- UC  WB  WT  UC- UC  
[    0.000000] found SMP MP-table at [mem 0x0009fff0-0x0009ffff] mapped at [ffff88000009fff0]
[    0.000000] Scanning 1 areas for low memory corruption
[    0.000000] RAMDISK: [mem 0x362fa000-0x37174fff]
[    0.000000] ACPI: Early table checksum verification disabled
[    0.000000] ACPI: RSDP 0x00000000000E0000 000024 (v02 VBOX  )
[    0.000000] ACPI: XSDT 0x000000003FFF0030 00003C (v01 VBOX   VBOXXSDT 00000001 ASL  00000061)
[    0.000000] ACPI: FACP 0x000000003FFF00F0 0000F4 (v04 VBOX   VBOXFACP 00000001 ASL  00000061)
[    0.000000] ACPI: DSDT 0x000000003FFF0470 0022EA (v02 VBOX   VBOXBIOS 00000002 INTL 20160108)
[    0.000000] ACPI: FACS 0x000000003FFF0200 000040
[    0.000000] ACPI: FACS 0x000000003FFF0200 000040
[    0.000000] ACPI: APIC 0x000000003FFF0240 00005C (v02 VBOX   VBOXAPIC 00000001 ASL  00000061)
[    0.000000] ACPI: SSDT 0x000000003FFF02A0 0001CC (v01 VBOX   VBOXCPUT 00000002 INTL 20160108)
[    0.000000] No NUMA configuration found
[    0.000000] Faking a node at [mem 0x0000000000000000-0x000000003ffeffff]
[    0.000000] NODE_DATA(0) allocated [mem 0x3ffeb000-0x3ffeffff]
[    0.000000] kvm-clock: Using msrs 4b564d01 and 4b564d00
[    0.000000] kvm-clock: cpu 0, msr 0:3ffe3001, primary cpu clock
[    0.000000] kvm-clock: using sched offset of 4731972255 cycles
[    0.000000] clocksource: kvm-clock: mask: 0xffffffffffffffff max_cycles: 0x1cd42e4dffb, max_idle_ns: 881590591483 ns
[    0.000000] Zone ranges:
[    0.000000]   DMA      [mem 0x0000000000001000-0x0000000000ffffff]
[    0.000000]   DMA32    [mem 0x0000000001000000-0x000000003ffeffff]
[    0.000000]   Normal   empty
[    0.000000]   Device   empty
[    0.000000] Movable zone start for each node
[    0.000000] Early memory node ranges
[    0.000000]   node   0: [mem 0x0000000000001000-0x000000000009efff]
[    0.000000]   node   0: [mem 0x0000000000100000-0x000000003ffeffff]
[    0.000000] Initmem setup node 0 [mem 0x0000000000001000-0x000000003ffeffff]
[    0.000000] ACPI: PM-Timer IO Port: 0x4008
[    0.000000] IOAPIC[0]: apic_id 2, version 32, address 0xfec00000, GSI 0-23
[    0.000000] ACPI: INT_SRC_OVR (bus 0 bus_irq 0 global_irq 2 dfl dfl)
[    0.000000] ACPI: INT_SRC_OVR (bus 0 bus_irq 9 global_irq 9 low level)
[    0.000000] Using ACPI (MADT) for SMP configuration information
[    0.000000] smpboot: Allowing 2 CPUs, 0 hotplug CPUs
[    0.000000] PM: Registered nosave memory: [mem 0x00000000-0x00000fff]
[    0.000000] PM: Registered nosave memory: [mem 0x0009f000-0x0009ffff]
[    0.000000] PM: Registered nosave memory: [mem 0x000a0000-0x000effff]
[    0.000000] PM: Registered nosave memory: [mem 0x000f0000-0x000fffff]
[    0.000000] e820: [mem 0x40000000-0xfebfffff] available for PCI devices
[    0.000000] Booting paravirtualized kernel on KVM
[    0.000000] clocksource: refined-jiffies: mask: 0xffffffff max_cycles: 0xffffffff, max_idle_ns: 7645519600211568 ns
[    0.000000] setup_percpu: NR_CPUS:512 nr_cpumask_bits:512 nr_cpu_ids:2 nr_node_ids:1
[    0.000000] PERCPU: Embedded 34 pages/cpu @ffff88003fc00000 s99544 r8192 d31528 u1048576
[    0.000000] Built 1 zonelists in Node order, mobility grouping on.  Total pages: 257912
[    0.000000] Policy zone: DMA32
[    0.000000] Kernel command line: BOOT_IMAGE=/boot/vmlinuz-4.4.0-157-generic root=LABEL=cloudimg-rootfs ro console=tty1 console=ttyS0
[    0.000000] PID hash table entries: 4096 (order: 3, 32768 bytes)
[    0.000000] AGP: Checking aperture...
[    0.000000] AGP: No AGP bridge found
[    0.000000] Memory: 997732K/1048120K available (8618K kernel code, 1335K rwdata, 4032K rodata, 1484K init, 1284K bss, 50388K reserved, 0K cma-reserved)
[    0.000000] SLUB: HWalign=64, Order=0-3, MinObjects=0, CPUs=2, Nodes=1
[    0.000000] Hierarchical RCU implementation.
[    0.000000] 	Build-time adjustment of leaf fanout to 64.
[    0.000000] 	RCU restricting CPUs from NR_CPUS=512 to nr_cpu_ids=2.
[    0.000000] RCU: Adjusting geometry for rcu_fanout_leaf=64, nr_cpu_ids=2
[    0.000000] NR_IRQS:33024 nr_irqs:440 16
[    0.000000] Console: colour VGA+ 80x25
[    0.000000] console [tty1] enabled
[    0.000000] console [ttyS0] enabled
[    0.000000] tsc: Detected 1994.975 MHz processor
[    0.316278] Calibrating delay loop (skipped) preset value.. 3989.95 BogoMIPS (lpj=7979900)
[    0.318794] pid_max: default: 32768 minimum: 301
[    0.320071] ACPI: Core revision 20150930
[    0.322761] ACPI: 2 ACPI AML tables successfully acquired and loaded
[    0.325712] Security Framework initialized
[    0.327283] Yama: becoming mindful.
[    0.328499] AppArmor: AppArmor initialized
[    0.329902] Dentry cache hash table entries: 131072 (order: 8, 1048576 bytes)
[    0.332797] Inode-cache hash table entries: 65536 (order: 7, 524288 bytes)
[    0.336225] Mount-cache hash table entries: 2048 (order: 2, 16384 bytes)
[    0.338799] Mountpoint-cache hash table entries: 2048 (order: 2, 16384 bytes)
[    0.341358] Initializing cgroup subsys io
[    0.342643] Initializing cgroup subsys memory
[    0.344032] Initializing cgroup subsys devices
[    0.345301] Initializing cgroup subsys freezer
[    0.346585] Initializing cgroup subsys net_cls
[    0.348036] Initializing cgroup subsys perf_event
[    0.349449] Initializing cgroup subsys net_prio
[    0.350832] Initializing cgroup subsys hugetlb
[    0.352202] Initializing cgroup subsys pids
[    0.353470] Disabling Indirect Branch Predictor Support
[    0.354850] mce: CPU supports 0 MCE banks
[    0.356088] process: using AMD E400 aware idle routine
[    0.357522] Last level iTLB entries: 4KB 512, 2MB 16, 4MB 8
[    0.359022] Last level dTLB entries: 4KB 512, 2MB 128, 4MB 64, 1GB 0
[    0.360605] Spectre V2 : Spectre mitigation: LFENCE not serializing, switching to generic retpoline
[    0.363430] Spectre V2 : Mitigation: Full generic retpoline
[    0.364917] Spectre V2 : Spectre v2 / SpectreRSB mitigation: Filling RSB on context switch
[    0.370765] Freeing SMP alternatives memory: 36K
[    0.381454] ftrace: allocating 32312 entries in 127 pages
[    0.463614] smpboot: APIC(0) Converting physical 0 to logical package 0
[    0.465392] smpboot: Max logical packages: 1
[    0.467246] x2apic enabled
[    0.468693] Switched APIC routing to physical x2apic.
[    0.472031] ..TIMER: vector=0x30 apic1=0 pin1=2 apic2=-1 pin2=-1
[    0.579066] smpboot: CPU0: AMD Athlon(tm) II Dual-Core M300 (family: 0x10, model: 0x6, stepping: 0x2)
[    0.582218] Performance Events: Broken PMU hardware detected, using software events only.
[    0.584923] Failed to access perfctr msr (MSR c0010007 is 0)
[    0.613605] KVM setup paravirtual spinlock
[    0.616194] x86: Booting SMP configuration:
[    0.617493] .... node  #0, CPUs:      #1
[    0.619277] kvm-clock: cpu 1, msr 0:3ffe3041, secondary cpu clock
[    0.629562] mce: CPU supports 0 MCE banks
[    0.632939] x86: Booted up 1 node, 2 CPUs
[    0.634596] smpboot: Total of 2 processors activated (7979.90 BogoMIPS)
[    0.637398] devtmpfs: initialized
[    0.642815] evm: security.selinux
[    0.644032] evm: security.SMACK64
[    0.645139] evm: security.SMACK64EXEC
[    0.646323] evm: security.SMACK64TRANSMUTE
[    0.647845] evm: security.SMACK64MMAP
[    0.649115] evm: security.ima
[    0.650309] evm: security.capability
[    0.653043] clocksource: jiffies: mask: 0xffffffff max_cycles: 0xffffffff, max_idle_ns: 7645041785100000 ns
[    0.656142] futex hash table entries: 512 (order: 3, 32768 bytes)
[    0.658256] pinctrl core: initialized pinctrl subsystem
[    0.660176] RTC time:  4:25:46, date: 08/29/19
[    0.662149] NET: Registered protocol family 16
[    0.669273] cpuidle: using governor ladder
[    0.677489] cpuidle: using governor menu
[    0.679213] PCCT header not found.
[    0.681563] ACPI: bus type PCI registered
[    0.683300] acpiphp: ACPI Hot Plug PCI Controller Driver version: 0.5
[    0.685977] PCI: Using configuration type 1 for base access
[    0.688269] PCI: Using configuration type 1 for extended access
[    0.700178] ACPI: Added _OSI(Module Device)
[    0.701776] ACPI: Added _OSI(Processor Device)
[    0.703258] ACPI: Added _OSI(3.0 _SCP Extensions)
[    0.705221] ACPI: Added _OSI(Processor Aggregator Device)
[    0.708629] ACPI: Executed 1 blocks of module-level executable AML code
[    0.715808] ACPI: Interpreter enabled
[    0.717049] ACPI: (supports S0 S5)
[    0.718206] ACPI: Using IOAPIC for interrupt routing
[    0.719971] PCI: Using host bridge windows from ACPI; if necessary, use "pci=nocrs" and report a bug
[    0.728253] ACPI: PCI Root Bridge [PCI0] (domain 0000 [bus 00-ff])
[    0.730127] acpi PNP0A03:00: _OSC: OS supports [ExtendedConfig ASPM ClockPM Segments MSI]
[    0.733801] acpi PNP0A03:00: _OSC: platform does not support [PCIeCapability]
[    0.736323] acpi PNP0A03:00: _OSC: not requesting control; platform does not support [PCIeCapability]
[    0.739413] acpi PNP0A03:00: _OSC: OS requested [PCIeHotplug PME AER PCIeCapability]
[    0.741798] acpi PNP0A03:00: _OSC: platform willing to grant [PCIeHotplug PME AER]
[    0.744334] acpi PNP0A03:00: _OSC failed (AE_SUPPORT); disabling ASPM
[    0.746483] PCI host bridge to bus 0000:00
[    0.747982] pci_bus 0000:00: root bus resource [io  0x0000-0x0cf7 window]
[    0.750002] pci_bus 0000:00: root bus resource [io  0x0d00-0xffff window]
[    0.752064] pci_bus 0000:00: root bus resource [mem 0x000a0000-0x000bffff window]
[    0.754423] pci_bus 0000:00: root bus resource [mem 0x40000000-0xfdffffff window]
[    0.774389] pci_bus 0000:00: root bus resource [bus 00-ff]
[    0.777893] pci 0000:00:01.1: legacy IDE quirk: reg 0x10: [io  0x01f0-0x01f7]
[    0.779831] pci 0000:00:01.1: legacy IDE quirk: reg 0x14: [io  0x03f6]
[    0.781937] pci 0000:00:01.1: legacy IDE quirk: reg 0x18: [io  0x0170-0x0177]
[    0.783952] pci 0000:00:01.1: legacy IDE quirk: reg 0x1c: [io  0x0376]
[    0.841745] pci 0000:00:07.0: quirk: [io  0x4000-0x403f] claimed by PIIX4 ACPI
[    0.845110] pci 0000:00:07.0: quirk: [io  0x4100-0x410f] claimed by PIIX4 SMB
[    0.866015] ACPI: PCI Interrupt Link [LNKA] (IRQs 5 9 10 *11)
[    0.869516] ACPI: PCI Interrupt Link [LNKB] (IRQs 5 9 *10 11)
[    0.872479] ACPI: PCI Interrupt Link [LNKC] (IRQs 5 *9 10 11)
[    0.874878] ACPI: PCI Interrupt Link [LNKD] (IRQs 5 9 10 *11)
[    0.877450] ACPI: Enabled 2 GPEs in block 00 to 07
[    0.879944] vgaarb: setting as boot device: PCI:0000:00:02.0
[    0.881878] vgaarb: device added: PCI:0000:00:02.0,decodes=io+mem,owns=io+mem,locks=none
[    0.884473] vgaarb: loaded
[    0.885848] vgaarb: bridge control possible 0000:00:02.0
[    0.887862] SCSI subsystem initialized
[    0.889431] ACPI: bus type USB registered
[    0.890733] usbcore: registered new interface driver usbfs
[    0.892576] usbcore: registered new interface driver hub
[    0.894105] usbcore: registered new device driver usb
[    0.896301] PCI: Using ACPI for IRQ routing
[    0.898192] NetLabel: Initializing
[    0.899782] NetLabel:  domain hash size = 128
[    0.901146] NetLabel:  protocols = UNLABELED CIPSOv4
[    0.902670] NetLabel:  unlabeled traffic allowed by default
[    0.904731] amd_nb: Cannot enumerate AMD northbridges
[    0.906539] clocksource: Switched to clocksource kvm-clock
[    0.922112] AppArmor: AppArmor Filesystem Enabled
[    0.923871] pnp: PnP ACPI init
[    0.926041] pnp: PnP ACPI: found 3 devices
[    0.945538] clocksource: acpi_pm: mask: 0xffffff max_cycles: 0xffffff, max_idle_ns: 2085701024 ns
[    0.949463] NET: Registered protocol family 2
[    0.951848] TCP established hash table entries: 8192 (order: 4, 65536 bytes)
[    0.954119] TCP bind hash table entries: 8192 (order: 5, 131072 bytes)
[    0.956170] TCP: Hash tables configured (established 8192 bind 8192)
[    0.959498] UDP hash table entries: 512 (order: 2, 16384 bytes)
[    0.961493] UDP-Lite hash table entries: 512 (order: 2, 16384 bytes)
[    0.963542] NET: Registered protocol family 1
[    0.965141] pci 0000:00:00.0: Limiting direct PCI/PCI transfers
[    0.966965] pci 0000:00:01.0: Activating ISA DMA hang workarounds
[    0.969038] Unpacking initramfs...
[    1.393816] Freeing initrd memory: 14828K
[    1.396366] clocksource: tsc: mask: 0xffffffffffffffff max_cycles: 0x398346a0147, max_idle_ns: 881590654681 ns
[    1.403690] platform rtc_cmos: registered platform RTC device (no PNP device found)
[    1.411679] Scanning for low memory corruption every 60 seconds
[    1.419446] audit: initializing netlink subsys (disabled)
[    1.423968] audit: type=2000 audit(1567052753.062:1): initialized
[    1.429838] Initialise system trusted keyring
[    1.433887] HugeTLB registered 2 MB page size, pre-allocated 0 pages
[    1.444754] zbud: loaded
[    1.451304] VFS: Disk quotas dquot_6.6.0
[    1.457263] VFS: Dquot-cache hash table entries: 512 (order 0, 4096 bytes)
[    1.460553] squashfs: version 4.0 (2009/01/31) Phillip Lougher
[    1.465397] fuse init (API version 7.23)
[    1.469191] Key type big_key registered
[    1.470426] Allocating IMA MOK and blacklist keyrings.
[    1.476329] Key type asymmetric registered
[    1.478206] Asymmetric key parser 'x509' registered
[    1.480531] Block layer SCSI generic (bsg) driver version 0.4 loaded (major 249)
[    1.484158] io scheduler noop registered
[    1.485451] io scheduler deadline registered (default)
[    1.487153] io scheduler cfq registered
[    1.488713] pci_hotplug: PCI Hot Plug PCI Core version: 0.5
[    1.490439] pciehp: PCI Express Hot Plug Controller Driver version: 0.4
[    1.492859] ACPI: AC Adapter [AC] (on-line)
[    1.494407] input: Power Button as /devices/LNXSYSTM:00/LNXPWRBN:00/input/input0
[    1.497184] ACPI: Power Button [PWRF]
[    1.498595] input: Sleep Button as /devices/LNXSYSTM:00/LNXSLPBN:00/input/input1
[    1.501209] ACPI: Sleep Button [SLPF]
[    1.503227] GHES: HEST is not enabled!
[    1.504596] ACPI: Battery Slot [BAT0] (battery present)
[    1.508460] Serial: 8250/16550 driver, 32 ports, IRQ sharing enabled
[    1.531206] 00:02: ttyS0 at I/O 0x3f8 (irq = 4, base_baud = 115200) is a 16550A
[    1.542742] Linux agpgart interface v0.103
[    1.553568] loop: module loaded
[    1.556371] scsi host0: ata_piix
[    1.558664] scsi host1: ata_piix
[    1.560354] ata1: PATA max UDMA/33 cmd 0x1f0 ctl 0x3f6 bmdma 0xd000 irq 14
[    1.563005] ata2: PATA max UDMA/33 cmd 0x170 ctl 0x376 bmdma 0xd008 irq 15
[    1.566035] libphy: Fixed MDIO Bus: probed
[    1.568194] tun: Universal TUN/TAP device driver, 1.6
[    1.569869] tun: (C) 1999-2004 Max Krasnyansky <maxk@qualcomm.com>
[    1.572141] PPP generic driver version 2.4.2
[    1.573937] ehci_hcd: USB 2.0 'Enhanced' Host Controller (EHCI) Driver
[    1.575904] ehci-pci: EHCI PCI platform driver
[    1.577357] ehci-platform: EHCI generic platform driver
[    1.578884] ohci_hcd: USB 1.1 'Open' Host Controller (OHCI) Driver
[    1.580633] ohci-pci: OHCI PCI platform driver
[    1.582112] ohci-platform: OHCI generic platform driver
[    1.583886] uhci_hcd: USB Universal Host Controller Interface driver
[    1.585830] i8042: PNP: PS/2 Controller [PNP0303:PS2K,PNP0f03:PS2M] at 0x60,0x64 irq 1,12
[    1.589230] serio: i8042 KBD port at 0x60,0x64 irq 1
[    1.590770] serio: i8042 AUX port at 0x60,0x64 irq 12
[    1.593025] mousedev: PS/2 mouse device common for all mice
[    1.595391] input: AT Translated Set 2 keyboard as /devices/platform/i8042/serio0/input/input2
[    1.599186] rtc_cmos rtc_cmos: rtc core: registered rtc_cmos as rtc0
[    1.601243] rtc_cmos rtc_cmos: alarms up to one day, 114 bytes nvram
[    1.602988] i2c /dev entries driver
[    1.604325] device-mapper: uevent: version 1.0.3
[    1.606026] device-mapper: ioctl: 4.34.0-ioctl (2015-10-28) initialised: dm-devel@redhat.com
[    1.608872] ledtrig-cpu: registered to indicate activity on CPUs
[    1.612024] NET: Registered protocol family 10
[    1.614089] NET: Registered protocol family 17
[    1.615871] Key type dns_resolver registered
[    1.618799] registered taskstats version 1
[    1.620346] Loading compiled-in X.509 certificates
[    1.623537] Loaded X.509 cert 'Build time autogenerated kernel key: 3e01e6df98386236d59670e6b2ed19a044d5324e'
[    1.626112] zswap: loaded using pool lzo/zbud
[    1.633872] Key type trusted registered
[    1.647997] Key type encrypted registered
[    1.649745] AppArmor: AppArmor sha1 policy hashing enabled
[    1.651988] ima: No TPM chip found, activating TPM-bypass!
[    1.654261] ima: Allocated hash algorithm: sha1
[    1.656226] evm: HMAC attrs: 0x1
[    1.658293]   Magic number: 15:986:414
[    1.660272] rtc_cmos rtc_cmos: setting system clock to 2019-08-29 04:25:47 UTC (1567052747)
[    1.663117] BIOS EDD facility v0.16 2004-Jun-25, 0 devices found
[    1.664579] EDD information not available.
[    1.729955] Freeing unused kernel memory: 1484K
[    1.733300] Write protecting the kernel read-only data: 14336k
[    1.738160] Freeing unused kernel memory: 1612K
[    1.741269] Freeing unused kernel memory: 64K
Loading, please wait...
starting version 229
[    1.794249] random: systemd-udevd: uninitialized urandom read (16 bytes read, 2 bits of entropy available)
[    1.798234] random: udevadm: uninitialized urandom read (16 bytes read, 2 bits of entropy available)
[    1.798517] random: systemd-udevd: uninitialized urandom read (16 bytes read, 2 bits of entropy available)
[    1.798557] random: systemd-udevd: uninitialized urandom read (16 bytes read, 2 bits of entropy available)
[    1.798637] random: systemd-udevd: uninitialized urandom read (16 bytes read, 2 bits of entropy available)
[    1.810052] random: udevadm: uninitialized urandom read (16 bytes read, 2 bits of entropy available)
[    1.827984] random: systemd-udevd: uninitialized urandom read (16 bytes read, 2 bits of entropy available)
[    1.834497] random: udevadm: uninitialized urandom read (16 bytes read, 2 bits of entropy available)
[    1.834671] random: udevadm: uninitialized urandom read (16 bytes read, 2 bits of entropy available)
[    1.834971] random: udevadm: uninitialized urandom read (16 bytes read, 2 bits of entropy available)
[    1.945735] e1000: Intel(R) PRO/1000 Network Driver - version 7.3.21-k8-NAPI
[    1.947896] e1000: Copyright (c) 1999-2006 Intel Corporation.
[    1.957120] Fusion MPT base driver 3.04.20
[    1.958705] Copyright (c) 1999-2008 LSI Corporation
[    2.006466] Fusion MPT SPI Host driver 3.04.20
[    2.194398] input: ImExPS/2 Generic Explorer Mouse as /devices/platform/i8042/serio1/input/input4
[    2.366372] e1000 0000:00:03.0 eth0: (PCI:33MHz:32-bit) 02:46:62:72:a1:53
[    2.369133] e1000 0000:00:03.0 eth0: Intel(R) PRO/1000 Network Connection
[    2.373036] mptbase: ioc0: Initiating bringup
[    2.376740] e1000 0000:00:03.0 enp0s3: renamed from eth0
[    2.439674] ioc0: LSI53C1030 A0: Capabilities={Initiator}
[    3.192790] scsi host2: ioc0: LSI53C1030 A0, FwRev=00000000h, Ports=1, MaxQ=256, IRQ=20
[    3.498384] scsi 2:0:0:0: Direct-Access     VBOX     HARDDISK         1.0  PQ: 0 ANSI: 5
[    3.502795] scsi target2:0:0: Beginning Domain Validation
[    3.509576] scsi target2:0:0: Domain Validation skipping write tests
[    3.512415] scsi target2:0:0: Ending Domain Validation
[    3.514530] scsi target2:0:0: asynchronous
[    3.518088] scsi 2:0:1:0: Direct-Access     VBOX     HARDDISK         1.0  PQ: 0 ANSI: 5
[    3.521777] scsi target2:0:1: Beginning Domain Validation
[    3.549491] scsi target2:0:1: Domain Validation skipping write tests
[    3.551840] scsi target2:0:1: Ending Domain Validation
[    3.553981] scsi target2:0:1: asynchronous
[    3.574883] sd 2:0:0:0: Attached scsi generic sg0 type 0
[    3.574910] sd 2:0:0:0: [sda] 20971520 512-byte logical blocks: (10.7 GB/10.0 GiB)
[    3.579980] sd 2:0:1:0: [sdb] 20480 512-byte logical blocks: (10.5 MB/10.0 MiB)
[    3.581487] sd 2:0:0:0: [sda] Write Protect is off
[    3.584383] sd 2:0:1:0: [sdb] Write Protect is off
[    3.585299] sd 2:0:0:0: [sda] Incomplete mode parameter data
[    3.585302] sd 2:0:0:0: [sda] Assuming drive cache: write through
[    3.590462] sd 2:0:1:0: Attached scsi generic sg1 type 0
[    3.592658] sd 2:0:1:0: [sdb] Incomplete mode parameter data
[    3.594357] sd 2:0:1:0: [sdb] Assuming drive cache: write through
[    3.608328]  sda: sda1
[    3.611961] sd 2:0:0:0: [sda] Attached SCSI disk
[    3.630901] sd 2:0:1:0: [sdb] Attached SCSI disk
Begin: Loading essential drivers ... [    5.503801] md: linear personality registered for level -1
[    5.514788] md: multipath personality registered for level -4
[    5.521993] md: raid0 personality registered for level 0
[    5.532086] md: raid1 personality registered for level 1
[    5.606651] raid6: sse2x1   gen()  2202 MB/s
[    5.674636] raid6: sse2x1   xor()  2209 MB/s
[    5.742730] raid6: sse2x2   gen()  2975 MB/s
[    5.810699] raid6: sse2x2   xor()  2547 MB/s
[    5.878652] raid6: sse2x4   gen()  3312 MB/s
[    5.946683] raid6: sse2x4   xor()  1810 MB/s
[    5.948073] raid6: using algorithm sse2x4 gen() 3312 MB/s
[    5.949515] raid6: .... xor() 1810 MB/s, rmw enabled
[    5.951082] raid6: using intx1 recovery algorithm
[    5.955312] xor: measuring software checksum speed
[    5.994642]    prefetch64-sse:  6025.000 MB/sec
[    6.034649]    generic_sse:  5706.000 MB/sec
[    6.035948] xor: using function: prefetch64-sse (6025.000 MB/sec)
[    6.044123] async_tx: api initialized (async)
[    6.104629] md: raid6 personality registered for level 6
[    6.111372] md: raid5 personality registered for level 5
[    6.115638] md: raid4 personality registered for level 4
[    6.158703] md: raid10 personality registered for level 10
done.
Begin: Running /scripts/init-premount ... done.
Begin: Mounting root file system ... Begin: Running /scripts/local-top ... done.
Begin: Running /scripts/local-premount ... [    6.275969] Btrfs loaded
Scanning for Btrfs filesystems
done.
Warning: fsck not present, so skipping root file system
[    6.413159] EXT4-fs (sda1): mounted filesystem with ordered data mode. Opts: (null)
done.
Begin: Running /scripts/local-bottom ... done.
Begin: Running /scripts/init-bottom ... done.
[    7.429455] systemd[1]: systemd 229 running in system mode. (+PAM +AUDIT +SELINUX +IMA +APPARMOR +SMACK +SYSVINIT +UTMP +LIBCRYPTSETUP +GCRYPT +GNUTLS +ACL +XZ -LZ4 +SECCOMP +BLKID +ELFUTILS +KMOD -IDN)
[    7.436382] systemd[1]: Detected virtualization oracle.
[    7.449812] systemd[1]: Detected architecture x86-64.

Welcome to [1mUbuntu 16.04.6 LTS[0m!

[    7.508083] systemd[1]: Set hostname to <ubuntu>.
[    7.540223] systemd[1]: Initializing machine ID from random generator.
[    7.542756] systemd[1]: Installed transient /etc/machine-id file.
[    7.723764] random: nonblocking pool is initialized
[    8.812577] systemd[1]: Reached target System Time Synchronized.
[[0;32m  OK  [0m] Reached target System Time Synchronized.
[    8.816377] systemd[1]: Listening on Device-mapper event daemon FIFOs.
[[0;32m  OK  [0m] Listening on Device-mapper event daemon FIFOs.
[    8.820122] systemd[1]: Listening on Journal Socket.
[[0;32m  OK  [0m] Listening on Journal Socket.
[    8.823362] systemd[1]: Listening on Syslog Socket.
[[0;32m  OK  [0m] Listening on Syslog Socket.
[    8.826235] systemd[1]: Reached target User and Group Name Lookups.
[[0;32m  OK  [0m] Reached target User and Group Name Lookups.
[    8.829435] systemd[1]: Reached target Swap.
[[0;32m  OK  [0m] Reached target Swap.
[    8.847309] systemd[1]: Started Forward Password Requests to Wall Directory Watch.
[[0;32m  OK  [0m] Started Forward Password Requests to Wall Directory Watch.
[    8.855652] systemd[1]: Listening on /dev/initctl Compatibility Named Pipe.
[[0;32m  OK  [0m] Listening on /dev/initctl Compatibility Named Pipe.
[    8.859043] systemd[1]: Listening on LVM2 poll daemon socket.
[[0;32m  OK  [0m] Listening on LVM2 poll daemon socket.
[    8.867016] systemd[1]: Listening on Journal Socket (/dev/log).
[[0;32m  OK  [0m] Listening on Journal Socket (/dev/log).
[    8.871095] systemd[1]: Listening on udev Kernel Socket.
[[0;32m  OK  [0m] Listening on udev Kernel Socket.
[    8.883250] systemd[1]: Listening on udev Control Socket.
[[0;32m  OK  [0m] Listening on udev Control Socket.
[    8.892113] systemd[1]: Created slice System Slice.
[[0;32m  OK  [0m] Created slice System Slice.
[    8.915430] systemd[1]: Starting Remount Root and Kernel File Systems...
         Starting Remount Root and Kernel File Systems...
[    8.923634] systemd[1]: Mounting POSIX Message Queue File System...
         Mounting POSIX Message Queue File System...
[    8.932105] systemd[1]: Mounting Debug File System...
         Mounting Debug File System...
[    8.977276] EXT4-fs (sda1): re-mounted. Opts: (null)
[    9.007976] systemd[1]: Starting Load Kernel Modules...
         Starting Load Kernel Modules...
[    9.016566] systemd[1]: Starting Nameserver information manager...
         Starting Nameserver information manager...
[    9.024985] systemd[1]: Set up automount Arbitrary Executable File Formats File System Automount Point.
[[0;32m  OK  [0m] Set up automount Arbitrary Executab...ats File System Automount Point.
[    9.032006] systemd[1]: Created slice system-serial\x2dgetty.slice.
[[0;32m  OK  [0m] Created slice system-serial\x2dgetty.slice.
[    9.035237] systemd[1]: Listening on Journal Audit Socket.
[[0;32m  OK  [0m] Listening on Journal Audit Socket.
[    9.056300] systemd[1]: Starting Journal Service...
         Starting Journal Service...
[    9.061976] systemd[1]: Listening on LVM2 metadata daemon socket.
[[0;32m  OK  [0m] Listening on LVM2 metadata daemon socket.
[    9.074309] systemd[1]: Starting Monitoring of LVM2 mirrors, snapshots etc. using dmeventd or progress polling...
         Starting Monitoring of LVM2 mirrors... dmeventd or progress polling...
[    9.081542] systemd[1]: Reached target Encrypted Volumes.
[[0;32m  OK  [0m] Reached target Encrypted Volumes.
[    9.086883] systemd[1]: Mounting Huge Pages File System...
         Mounting Huge Pages File System...
[    9.094392] systemd[1]: Starting Create list of required static device nodes for the current kernel...
         Starting Create list of required st... nodes for the current kernel...
[    9.105074] Loading iSCSI transport class v2.0-870.
[    9.108464] systemd[1]: Created slice User and Session Slice.
[[0;32m  OK  [0m] Created slice User and Session Slice.
[    9.113011] systemd[1]: Reached target Slices.
[[0;32m  OK  [0m] Reached target Slices.
[    9.127478] systemd[1]: Starting Uncomplicated firewall...
         Starting Uncomplicated firewall...
[    9.137323] systemd[1]: Starting Set console keymap...
         Starting Set console keymap...
[    9.141429] systemd[1]: Started Trigger resolvconf update for networkd DNS.
[[0;32m  OK  [0m] Started Trigger resolvconf update for networkd DNS.
[    9.151481] systemd[1]: Mounted Debug File System.
[[0;32m  OK  [0m] Mounted Debug File System.
[    9.154634] systemd[1]: Mounted POSIX Message Queue File System.
[[0;32m  OK  [0m] Mounted POSIX Message Queue File System.
[    9.160418] systemd[1]: Mounted Huge Pages File System.
[[0;32m  OK  [0m] Mounted Huge Pages File System.
[    9.165489] systemd[1]: Started Remount Root and Kernel File Systems.
[[0;32m  OK  [0m] Started Remount Root and Kernel File Systems.
[    9.259492] systemd[1]: Starting Load/Save Random Seed...
         Starting Load/Save Random Seed...
[    9.287524] iscsi: registered transport (tcp)
[    9.359441] systemd[1]: Starting udev Coldplug all Devices...
         Starting udev Coldplug all Devices...
[    9.366045] systemd[1]: Started Create list of required static device nodes for the current kernel.
[[0;32m  OK  [0m] Started Create list of required sta...ce nodes for the current kernel.
[    9.373002] systemd[1]: Started Uncomplicated firewall.
[[0;32m  OK  [0m] Started Uncomplicated firewall.
[    9.379425] systemd[1]: Started Nameserver information manager.
[[0;32m  OK  [0m] Started Nameserver information manager.
[    9.431864] systemd[1]: Starting Create Static Device Nodes in /dev...
         Starting Create Static Device Nodes in /dev...
[    9.451577] systemd[1]: Started Load/Save Random Seed.
[[0;32m  OK  [0m] Started Load/Save Random Seed.
[    9.727135] systemd[1]: Started udev Coldplug all Devices.
[[0;32m  OK  [0m] Started udev Coldplug all Devices.
[    9.843298] systemd[1]: Started Journal Service.
[[0;32m  OK  [0m] Started Journal Service.
         Starting Flush Journal to Persistent Storage...
[[0;32m  OK  [0m] Started Set console keymap.
[[0;32m  OK  [0m] Started LVM2 metadata daemon.
[    9.982831] systemd-journald[366]: Received request to flush runtime journal from PID 1
[   10.001978] iscsi: registered transport (iser)
[[0;32m  OK  [0m] Started Load Kernel Modules.
         Starting Apply Kernel Variables...
         Mounting FUSE Control File System...
[[0;32m  OK  [0m] Mounted FUSE Control File System.
[[0;32m  OK  [0m] Started Flush Journal to Persistent Storage.
[[0;32m  OK  [0m] Started Apply Kernel Variables.
[[0;32m  OK  [0m] Started Create Static Device Nodes in /dev.
[[0;32m  OK  [0m] Started Monitoring of LVM2 mirrors,...ng dmeventd or progress polling.
[[0;32m  OK  [0m] Reached target Local File Systems (Pre).
[[0;32m  OK  [0m] Reached target Local File Systems.
         Starting Initial cloud-init job (pre-networking)...
         Starting Create Volatile Files and Directories...
         Starting LSB: AppArmor initialization...
         Starting Set console font and keymap...
         Starting Tell Plymouth To Write Out Runtime Data...
         Starting Commit a transient machine-id on disk...
         Starting udev Kernel Device Manager...
[[0;32m  OK  [0m] Started Commit a transient machine-id on disk.
[[0;32m  OK  [0m] Started Create Volatile Files and Directories.
         Starting Update UTMP about System Boot/Shutdown...
[[0;32m  OK  [0m] Started Tell Plymouth To Write Out Runtime Data.
[[0;32m  OK  [0m] Started Update UTMP about System Boot/Shutdown.
[[0;32m  OK  [0m] Started udev Kernel Device Manager.
[[0;32m  OK  [0m] Started Dispatch Password Requests to Console Directory Watch.
[[0;32m  OK  [0m] Found device /dev/ttyS0.
[[0;32m  OK  [0m] Listening on Load/Save RF Kill Switch Status /dev/rfkill Watch.
[[0;32m  OK  [0m] Started LSB: AppArmor initialization.
[[0;32m  OK  [0m] Started Set console font and keymap.
[[0;32m  OK  [0m] Created slice system-getty.slice.
[   19.064432] cloud-init[447]: Cloud-init v. 19.1-1-gbaa47854-0ubuntu1~16.04.1 running 'init-local' at Thu, 29 Aug 2019 04:26:04 +0000. Up 18.05 seconds.
[[0;32m  OK  [0m] Started Initial cloud-init job (pre-networking).
[[0;32m  OK  [0m] Reached target Network (Pre).
         Starting Raise network interfaces...
[[0;32m  OK  [0m] Started Raise network interfaces.
         Starting Initial cloud-init job (metadata service crawler)...
[[0;32m  OK  [0m] Reached target Network.
[   24.365336] cloud-init[940]: Cloud-init v. 19.1-1-gbaa47854-0ubuntu1~16.04.1 running 'init' at Thu, 29 Aug 2019 04:26:07 +0000. Up 20.97 seconds.
[   24.368063] cloud-init[940]: ci-info: ++++++++++++++++++++++++++++++++++++++Net device info++++++++++++++++++++++++++++++++++++++
[   24.371216] cloud-init[940]: ci-info: +--------+------+----------------------------+---------------+--------+-------------------+
[   24.373967] cloud-init[940]: ci-info: | Device |  Up  |          Address           |      Mask     | Scope  |     Hw-Address    |
[   24.376222] cloud-init[940]: ci-info: +--------+------+----------------------------+---------------+--------+-------------------+
[   24.378123] cloud-init[940]: ci-info: | enp0s3 | True |         10.0.2.15          | 255.255.255.0 | global | 02:46:62:72:a1:53 |
[   24.380090] cloud-init[940]: ci-info: | enp0s3 | True | fe80::46:62ff:fe72:a153/64 |       .       |  link  | 02:46:62:72:a1:53 |
[   24.382443] cloud-init[940]: ci-info: |   lo   | True |         127.0.0.1          |   255.0.0.0   |  host  |         .         |
[   24.384463] cloud-init[940]: ci-info: |   lo   | True |          ::1/128           |       .       |  host  |         .         |
[   24.386355] cloud-init[940]: ci-info: +--------+------+----------------------------+---------------+--------+-------------------+
[   24.388440] cloud-init[940]: ci-info: +++++++++++++++++++++++++++Route IPv4 info++++++++++++++++++++++++++++
[   24.391629] cloud-init[940]: ci-info: +-------+-------------+----------+---------------+-----------+-------+
[   24.393590] cloud-init[940]: ci-info: | Route | Destination | Gateway  |    Genmask    | Interface | Flags |
[   24.395211] cloud-init[940]: ci-info: +-------+-------------+----------+---------------+-----------+-------+
[   24.396943] cloud-init[940]: ci-info: |   0   |   0.0.0.0   | 10.0.2.2 |    0.0.0.0    |   enp0s3  |   UG  |
[   24.398661] cloud-init[940]: ci-info: |   1   |   10.0.2.0  | 0.0.0.0  | 255.255.255.0 |   enp0s3  |   U   |
[   24.400475] cloud-init[940]: ci-info: +-------+-------------+----------+---------------+-----------+-------+
[   24.402308] cloud-init[940]: ci-info: +++++++++++++++++++Route IPv6 info+++++++++++++++++++
[   24.404466] cloud-init[940]: ci-info: +-------+-------------+---------+-----------+-------+
[   24.406148] cloud-init[940]: ci-info: | Route | Destination | Gateway | Interface | Flags |
[   24.407904] cloud-init[940]: ci-info: +-------+-------------+---------+-----------+-------+
[   24.410073] cloud-init[940]: ci-info: |   0   |  fe80::/64  |    ::   |   enp0s3  |   U   |
[   24.411665] cloud-init[940]: ci-info: |   4   |   ff00::/8  |    ::   |   enp0s3  |   U   |
[   24.413379] cloud-init[940]: ci-info: +-------+-------------+---------+-----------+-------+
[   24.415157] cloud-init[940]: Generating public/private rsa key pair.
[   24.416638] cloud-init[940]: Your identification has been saved in /etc/ssh/ssh_host_rsa_key.
[   24.418323] cloud-init[940]: Your public key has been saved in /etc/ssh/ssh_host_rsa_key.pub.
[   24.419913] cloud-init[940]: The key fingerprint is:
[   24.421321] cloud-init[940]: SHA256:uDzIdJk/up79KTvURdFYLyujs9Zcl0/9JqdPTUkibdI root@ubuntu-xenial
[   24.422947] cloud-init[940]: The key's randomart image is:
[   24.424310] cloud-init[940]: +---[RSA 2048]----+
[   24.425595] cloud-init[940]: |            .=.  |
[   24.426727] cloud-init[940]: |            = .. |
[   24.427959] cloud-init[940]: |           + E...|
[   24.429469] cloud-init[940]: |       +    = oo.|
[   24.430625] cloud-init[940]: |    . = S. .o ..+|
[   24.431800] cloud-init[940]: |   o + o. .. o.o=|
[   24.433052] cloud-init[940]: |    o +.o oo . o=|
[   24.434249] cloud-init[940]: |       =o..+o ..=|
[   24.435447] cloud-init[940]: |     .=.o*+   .*.|
[   24.436836] cloud-init[940]: +----[SHA256]-----+
[   24.438233] cloud-init[940]: Generating public/private dsa key pair.
[   24.439688] cloud-init[940]: Your identification has been saved in /etc/ssh/ssh_host_dsa_key.
[   24.441436] cloud-init[940]: Your public key has been saved in /etc/ssh/ssh_host_dsa_key.pub.
[   24.442997] cloud-init[940]: The key fingerprint is:
[   24.444609] cloud-init[940]: SHA256:HJ+OMpqLgk0xMeDfZ8yp6qgsNfXn/awflJu9SPA1d/Q root@ubuntu-xenial
[   24.446274] cloud-init[940]: The key's randomart image is:
[   24.447532] cloud-init[940]: +---[DSA 1024]----+
[   24.448953] cloud-init[940]: |..               |
[   24.450287] cloud-init[940]: |. o              |
[   24.451700] cloud-init[940]: | . o    .       .|
[   24.453081] cloud-init[940]: |  + o o..o . . ..|
[   24.454413] cloud-init[940]: |   = o *S + o o E|
[   24.455601] cloud-init[940]: |  +   = .o + = o.|
[   24.457253] cloud-init[940]: |.+ . .oo... * .  |
[   24.458521] cloud-init[940]: |= o..o o. .o o . |
[   24.459805] cloud-init[940]: |++oo+.    .+= .  |
[   24.461192] cloud-init[940]: +----[SHA256]-----+
[   24.462461] cloud-init[940]: Generating public/private ecdsa key pair.
[   24.463848] cloud-init[940]: Your identification has been saved in /etc/ssh/ssh_host_ecdsa_key.
[   24.465747] cloud-init[940]: Your public key has been saved in /etc/ssh/ssh_host_ecdsa_key.pub.
[   24.467408] cloud-init[940]: The key fingerprint is:
[   24.468954] cloud-init[940]: SHA256:D1apwVG0cdj3tmSPD6IqZqvSK9uep60cRvgykNOB/UQ root@ubuntu-xenial
[   24.470756] cloud-init[940]: The key's randomart image is:
[   24.472480] cloud-init[940]: +---[ECDSA 256]---+
[   24.473734] cloud-init[940]: |    E   .o+o.    |
[   24.475065] cloud-init[940]: | o .   . ..=. .  |
[   24.476393] cloud-init[940]: |. o .   o +  . . |
[   24.477572] cloud-init[940]: | o =     +     oo|
[   24.478803] cloud-init[940]: |+ o o   S     ooo|
[   24.480079] cloud-init[940]: | o o   . o  . o..|
[   24.481432] cloud-init[940]: |  o.+     .. . o |
[   24.482613] cloud-init[940]: |  o*.+=   .     .|
[   24.483773] cloud-init[940]: |  .=XOoo..       |
[   24.485180] cloud-init[940]: +----[SHA256]-----+
[   24.486425] cloud-init[940]: Generating public/private ed25519 key pair.
[   24.487891] cloud-init[940]: Your identification has been saved in /etc/ssh/ssh_host_ed25519_key.
[   24.489885] cloud-init[940]: Your public key has been saved in /etc/ssh/ssh_host_ed25519_key.pub.
[   24.491514] cloud-init[940]: The key fingerprint is:
[   24.492945] cloud-init[940]: SHA256:EZxJhDtl/ITvW+wbhgmzz9OefCJJmlqRu5eEdgv54C0 root@ubuntu-xenial
[   24.494665] cloud-init[940]: The key's randomart image is:
[   24.496526] cloud-init[940]: +--[ED25519 256]--+
[   24.497904] cloud-init[940]: |       *++       |
[   24.499155] cloud-init[940]: |      . O..      |
[   24.500401] cloud-init[940]: |       +.+       |
[   24.501708] cloud-init[940]: |      o  oo      |
[   24.502895] cloud-init[940]: |       .S+ .     |
[   24.504307] cloud-init[940]: |        **=oo    |
[   24.505609] cloud-init[940]: |       o+@oOo    |
[   24.506930] cloud-init[940]: |       .E+@o+o.  |
[   24.508790] cloud-init[940]: |      ...oo+=+   |
[   24.510191] cloud-init[940]: +----[SHA256]-----+
[[0;32m  OK  [0m] Started Initial cloud-init job (metadata service crawler).
[[0;32m  OK  [0m] Reached target System Initialization.
[[0;32m  OK  [0m] Started ACPI Events Check.
[[0;32m  OK  [0m] Reached target Paths.
[[0;32m  OK  [0m] Listening on UUID daemon activation socket.
         Starting Socket activation for snappy daemon.
[[0;32m  OK  [0m] Listening on ACPID Listen Socket.
         Starting LXD - unix socket.
[[0;32m  OK  [0m] Listening on D-Bus System Message Bus Socket.
[[0;32m  OK  [0m] Started Daily apt download activities.
[[0;32m  OK  [0m] Started Daily apt upgrade and clean activities.
[[0;32m  OK  [0m] Started Daily Cleanup of Temporary Directories.
[[0;32m  OK  [0m] Reached target Timers.
[[0;32m  OK  [0m] Reached target Cloud-config availability.
[[0;32m  OK  [0m] Reached target Network is Online.
         Starting iSCSI initiator daemon (iscsid)...
[[0;32m  OK  [0m] Listening on Socket activation for snappy daemon.
[[0;32m  OK  [0m] Listening on LXD - unix socket.
[[0;32m  OK  [0m] Reached target Sockets.
[[0;32m  OK  [0m] Reached target Basic System.
         Starting Pollinate to seed the pseudo random number generator...
         Starting Virtualbox guest utils...
         Starting Snappy daemon...
         Starting LSB: Record successful boot for GRUB...
         Starting System Logging Service...
[[0;32m  OK  [0m] Started FUSE filesystem for LXC.
[[0;32m  OK  [0m] Started ACPI event daemon.
         Starting Login Service...
         Starting Accounts Service...
         Starting LSB: MD monitoring daemon...
[[0;32m  OK  [0m] Started Deferred execution scheduler.
[[0;32m  OK  [0m] Started Regular background program processing daemon.
         Starting /etc/rc.local Compatibility...
[[0;32m  OK  [0m] Started D-Bus System Message Bus.
         Starting LXD - container startup/shutdown...
[[0;32m  OK  [0m] Started System Logging Service.
[[0;32m  OK  [0m] Started /etc/rc.local Compatibility.
[[0;32m  OK  [0m] Started Login Service.
[[0;32m  OK  [0m] Started Unattended Upgrades Shutdown.
[[0;32m  OK  [0m] Started iSCSI initiator daemon (iscsid).
         Starting Login to default iSCSI targets...
[[0;32m  OK  [0m] Started LSB: Record successful boot for GRUB.
[[0;32m  OK  [0m] Started LSB: MD monitoring daemon.
         Starting Authenticate and Authorize Users to Run Privileged Tasks...
[[0;32m  OK  [0m] Started Login to default iSCSI targets.
[[0;32m  OK  [0m] Reached target Remote File Systems (Pre).
[[0;32m  OK  [0m] Reached target Remote File Systems.
         Starting LSB: automatic crash report generation...
         Starting LSB: daemon to balance interrupts for SMP systems...
         Starting LSB: Set the CPU Frequency Scaling governor to "ondemand"...
         Starting Permit User Sessions...
[[0;32m  OK  [0m] Started LSB: Set the CPU Frequency Scaling governor to "ondemand".
[[0;32m  OK  [0m] Started Permit User Sessions.
         Starting Hold until boot process finishes up...
         Starting Terminate Plymouth Boot Screen...
[[0;32m  OK  [0m] Started Terminate Plymouth Boot Screen.
[[0;32m  OK  [0m] Started Hold until boot process finishes up.
[[0;32m  OK  [0m] Started Serial Getty on ttyS0.
         Starting Set console scheme...
[[0;32m  OK  [0m] Started Getty on tty1.
[[0;32m  OK  [0m] Reached target Login Prompts.
[[0;32m  OK  [0m] Started LSB: automatic crash report generation.
[[0;32m  OK  [0m] Started Set console scheme.
[[0;32m  OK  [0m] Started LSB: daemon to balance interrupts for SMP systems.
[[0;32m  OK  [0m] Started Virtualbox guest utils.
[[0;32m  OK  [0m] Started Authenticate and Authorize Users to Run Privileged Tasks.
[[0;32m  OK  [0m] Started Accounts Service.
[[0;32m  OK  [0m] Started Pollinate to seed the pseudo random number generator.
         Starting OpenBSD Secure Shell server...
[[0;32m  OK  [0m] Started Snappy daemon.
         Starting Wait until snapd is fully seeded...
[[0;32m  OK  [0m] Started OpenBSD Secure Shell server.
[[0;32m  OK  [0m] Started LXD - container startup/shutdown.
[[0;32m  OK  [0m] Created slice User Slice of vagrant.
         Starting User Manager for UID 1000...
[[0;32m  OK  [0m] Started Session 1 of user vagrant.
[[0;32m  OK  [0m] Started User Manager for UID 1000.

Ubuntu 16.04.6 LTS ubuntu-xenial ttyS0

ubuntu-xenial login: [   38.055097] cloud-init[1411]: Generating locales (this might take a while)...
[   40.554871] cloud-init[1411]:   en_US.UTF-8... done
[   40.555897] cloud-init[1411]: Generation complete.
[   42.437620] cloud-init[1411]: Cloud-init v. 19.1-1-gbaa47854-0ubuntu1~16.04.1 running 'modules:config' at Thu, 29 Aug 2019 04:26:23 +0000. Up 37.58 seconds.
ci-info: no authorized ssh keys fingerprints found for user ubuntu.
<14>Aug 29 04:26:30 ec2: 
<14>Aug 29 04:26:30 ec2: #############################################################
<14>Aug 29 04:26:30 ec2: -----BEGIN SSH HOST KEY FINGERPRINTS-----
<14>Aug 29 04:26:30 ec2: 1024 SHA256:HJ+OMpqLgk0xMeDfZ8yp6qgsNfXn/awflJu9SPA1d/Q root@ubuntu-xenial (DSA)
<14>Aug 29 04:26:30 ec2: 256 SHA256:D1apwVG0cdj3tmSPD6IqZqvSK9uep60cRvgykNOB/UQ root@ubuntu-xenial (ECDSA)
<14>Aug 29 04:26:30 ec2: 256 SHA256:EZxJhDtl/ITvW+wbhgmzz9OefCJJmlqRu5eEdgv54C0 root@ubuntu-xenial (ED25519)
<14>Aug 29 04:26:30 ec2: 2048 SHA256:uDzIdJk/up79KTvURdFYLyujs9Zcl0/9JqdPTUkibdI root@ubuntu-xenial (RSA)
<14>Aug 29 04:26:30 ec2: -----END SSH HOST KEY FINGERPRINTS-----
<14>Aug 29 04:26:30 ec2: #############################################################
-----BEGIN SSH HOST KEY KEYS-----
ecdsa-sha2-nistp256 AAAAE2VjZHNhLXNoYTItbmlzdHAyNTYAAAAIbmlzdHAyNTYAAABBBLKY6/AbSMCmCEHBzY3XYYf728RJr83DOLKaYogU6BjVFUnr+1oRct51qftS3EijDSmFZPkHVzIkCN/WKn0xtoA= root@ubuntu-xenial
ssh-ed25519 AAAAC3NzaC1lZDI1NTE5AAAAII/NOi0S+Ffnun95wJ4sEQncKAxPLTeFTulnDX+5vJmW root@ubuntu-xenial
ssh-rsa AAAAB3NzaC1yc2EAAAADAQABAAABAQC72lTy8b0B2qrAf91HhKWPRdFaUAB5K/9uoj42ajYkdTFCedj0AcK+4s27uFdpBf9i59YPJIc3p2J2iiMn/FRMdN8PaRG4G1wAZKQXtnILrESfp13UajlIWl4XY/yGYNRafixNihTs+F5Dg4UOAjQBiNprrlpkh2OpKq4mPsfhyXi8VmMuyWkQut6JH9KK9CBiILiyoxVo6VVMGQOUbboJ1rcu6maJRQ99eDtGzcVmi+m5Bd0lW9kSLCf0QlfVWRDnwYylwpg3ZBMGLtMZJ6jIcqD7Zu6F2d2B0Fd36Sw6KiZQU99WxHdHK/o9scCpTb4smmi4GUML5w0h8WcASRqn root@ubuntu-xenial
-----END SSH HOST KEY KEYS-----
[   44.043919] cloud-init[1612]: Cloud-init v. 19.1-1-gbaa47854-0ubuntu1~16.04.1 running 'modules:final' at Thu, 29 Aug 2019 04:26:29 +0000. Up 43.57 seconds.
[   44.046131] cloud-init[1612]: ci-info: no authorized ssh keys fingerprints found for user ubuntu.
[   44.047628] cloud-init[1612]: Cloud-init v. 19.1-1-gbaa47854-0ubuntu1~16.04.1 finished at Thu, 29 Aug 2019 04:26:30 +0000. Datasource DataSourceNoCloud [seed=/dev/sdb][dsmode=net].  Up 44.01 seconds
