[    0.000000] Initializing cgroup subsys cpuset
[    0.000000] Initializing cgroup subsys cpu
[    0.000000] Initializing cgroup subsys cpuacct
[    0.000000] Linux version 4.4.0-157-generic (buildd@lgw01-amd64-037) (gcc version 5.4.0 20160609 (Ubuntu 5.4.0-6ubuntu1~16.04.10) ) #185-Ubuntu SMP Tue Jul 23 09:17:01 UTC 2019 (Ubuntu 4.4.0-157.185-generic 4.4.181)
[    0.000000] Command line: BOOT_IMAGE=/boot/vmlinuz-4.4.0-157-generic root=LABEL=cloudimg-rootfs ro console=tty1 console=ttyS0
[    0.000000] KERNEL supported cpus:
[    0.000000]   Intel GenuineIntel
[    0.000000]   AMD AuthenticAMD
[    0.000000]   Centaur CentaurHauls
[    0.000000] x86/fpu: xstate_offset[2]:  576, xstate_sizes[2]:  256
[    0.000000] x86/fpu: Supporting XSAVE feature 0x01: 'x87 floating point registers'
[    0.000000] x86/fpu: Supporting XSAVE feature 0x02: 'SSE registers'
[    0.000000] x86/fpu: Supporting XSAVE feature 0x04: 'AVX registers'
[    0.000000] x86/fpu: Enabled xstate features 0x7, context size is 832 bytes, using 'standard' format.
[    0.000000] e820: BIOS-provided physical RAM map:
[    0.000000] BIOS-e820: [mem 0x0000000000000000-0x000000000009fbff] usable
[    0.000000] BIOS-e820: [mem 0x000000000009fc00-0x000000000009ffff] reserved
[    0.000000] BIOS-e820: [mem 0x00000000000f0000-0x00000000000fffff] reserved
[    0.000000] BIOS-e820: [mem 0x0000000000100000-0x000000003ffeffff] usable
[    0.000000] BIOS-e820: [mem 0x000000003fff0000-0x000000003fffffff] ACPI data
[    0.000000] BIOS-e820: [mem 0x00000000fffc0000-0x00000000ffffffff] reserved
[    0.000000] NX (Execute Disable) protection: active
[    0.000000] SMBIOS 2.5 present.
[    0.000000] Hypervisor detected: KVM
[    0.000000] e820: last_pfn = 0x3fff0 max_arch_pfn = 0x400000000
[    0.000000] MTRR: Disabled
[    0.000000] x86/PAT: MTRRs disabled, skipping PAT initialization too.
[    0.000000] CPU MTRRs all blank - virtualized system.
[    0.000000] x86/PAT: Configuration [0-7]: WB  WT  UC- UC  WB  WT  UC- UC  
[    0.000000] found SMP MP-table at [mem 0x0009fff0-0x0009ffff] mapped at [ffff88000009fff0]
[    0.000000] Scanning 1 areas for low memory corruption
[    0.000000] RAMDISK: [mem 0x362fa000-0x37174fff]
[    0.000000] ACPI: Early table checksum verification disabled
[    0.000000] ACPI: RSDP 0x00000000000E0000 000024 (v02 VBOX  )
[    0.000000] ACPI: XSDT 0x000000003FFF0030 00003C (v01 VBOX   VBOXXSDT 00000001 ASL  00000061)
[    0.000000] ACPI: FACP 0x000000003FFF00F0 0000F4 (v04 VBOX   VBOXFACP 00000001 ASL  00000061)
[    0.000000] ACPI: DSDT 0x000000003FFF0470 002118 (v01 VBOX   VBOXBIOS 00000002 INTL 20160108)
[    0.000000] ACPI: FACS 0x000000003FFF0200 000040
[    0.000000] ACPI: FACS 0x000000003FFF0200 000040
[    0.000000] ACPI: APIC 0x000000003FFF0240 00005C (v02 VBOX   VBOXAPIC 00000001 ASL  00000061)
[    0.000000] ACPI: SSDT 0x000000003FFF02A0 0001CC (v01 VBOX   VBOXCPUT 00000002 INTL 20160108)
[    0.000000] No NUMA configuration found
[    0.000000] Faking a node at [mem 0x0000000000000000-0x000000003ffeffff]
[    0.000000] NODE_DATA(0) allocated [mem 0x3ffeb000-0x3ffeffff]
[    0.000000] kvm-clock: Using msrs 4b564d01 and 4b564d00
[    0.000000] kvm-clock: cpu 0, msr 0:3ffe3001, primary cpu clock
[    0.000000] kvm-clock: using sched offset of 3257699068 cycles
[    0.000000] clocksource: kvm-clock: mask: 0xffffffffffffffff max_cycles: 0x1cd42e4dffb, max_idle_ns: 881590591483 ns
[    0.000000] Zone ranges:
[    0.000000]   DMA      [mem 0x0000000000001000-0x0000000000ffffff]
[    0.000000]   DMA32    [mem 0x0000000001000000-0x000000003ffeffff]
[    0.000000]   Normal   empty
[    0.000000]   Device   empty
[    0.000000] Movable zone start for each node
[    0.000000] Early memory node ranges
[    0.000000]   node   0: [mem 0x0000000000001000-0x000000000009efff]
[    0.000000]   node   0: [mem 0x0000000000100000-0x000000003ffeffff]
[    0.000000] Initmem setup node 0 [mem 0x0000000000001000-0x000000003ffeffff]
[    0.000000] ACPI: PM-Timer IO Port: 0x4008
[    0.000000] IOAPIC[0]: apic_id 2, version 17, address 0xfec00000, GSI 0-23
[    0.000000] ACPI: INT_SRC_OVR (bus 0 bus_irq 0 global_irq 2 dfl dfl)
[    0.000000] ACPI: INT_SRC_OVR (bus 0 bus_irq 9 global_irq 9 high level)
[    0.000000] Using ACPI (MADT) for SMP configuration information
[    0.000000] smpboot: Allowing 2 CPUs, 0 hotplug CPUs
[    0.000000] PM: Registered nosave memory: [mem 0x00000000-0x00000fff]
[    0.000000] PM: Registered nosave memory: [mem 0x0009f000-0x0009ffff]
[    0.000000] PM: Registered nosave memory: [mem 0x000a0000-0x000effff]
[    0.000000] PM: Registered nosave memory: [mem 0x000f0000-0x000fffff]
[    0.000000] e820: [mem 0x40000000-0xfffbffff] available for PCI devices
[    0.000000] Booting paravirtualized kernel on KVM
[    0.000000] clocksource: refined-jiffies: mask: 0xffffffff max_cycles: 0xffffffff, max_idle_ns: 7645519600211568 ns
[    0.000000] setup_percpu: NR_CPUS:512 nr_cpumask_bits:512 nr_cpu_ids:2 nr_node_ids:1
[    0.000000] PERCPU: Embedded 34 pages/cpu @ffff88003fc00000 s99544 r8192 d31528 u1048576
[    0.000000] Built 1 zonelists in Node order, mobility grouping on.  Total pages: 257912
[    0.000000] Policy zone: DMA32
[    0.000000] Kernel command line: BOOT_IMAGE=/boot/vmlinuz-4.4.0-157-generic root=LABEL=cloudimg-rootfs ro console=tty1 console=ttyS0
[    0.000000] PID hash table entries: 4096 (order: 3, 32768 bytes)
[    0.000000] Memory: 997732K/1048120K available (8618K kernel code, 1335K rwdata, 4032K rodata, 1484K init, 1284K bss, 50388K reserved, 0K cma-reserved)
[    0.000000] SLUB: HWalign=64, Order=0-3, MinObjects=0, CPUs=2, Nodes=1
[    0.000000] Kernel/User page tables isolation: enabled
[    0.000000] Hierarchical RCU implementation.
[    0.000000] 	Build-time adjustment of leaf fanout to 64.
[    0.000000] 	RCU restricting CPUs from NR_CPUS=512 to nr_cpu_ids=2.
[    0.000000] RCU: Adjusting geometry for rcu_fanout_leaf=64, nr_cpu_ids=2
[    0.000000] NR_IRQS:33024 nr_irqs:440 16
[    0.000000] Console: colour VGA+ 80x25
[    0.000000] console [tty1] enabled
[    0.000000] console [ttyS0] enabled
[    0.000000] tsc: Detected 3092.942 MHz processor
[    0.241787] Calibrating delay loop (skipped) preset value.. 6185.88 BogoMIPS (lpj=12371768)
[    0.243305] pid_max: default: 32768 minimum: 301
[    0.244112] ACPI: Core revision 20150930
[    0.245797] ACPI: 2 ACPI AML tables successfully acquired and loaded
[    0.246958] Security Framework initialized
[    0.247705] Yama: becoming mindful.
[    0.248392] AppArmor: AppArmor initialized
[    0.249232] Dentry cache hash table entries: 131072 (order: 8, 1048576 bytes)
[    0.251036] Inode-cache hash table entries: 65536 (order: 7, 524288 bytes)
[    0.267233] Mount-cache hash table entries: 2048 (order: 2, 16384 bytes)
[    0.268281] Mountpoint-cache hash table entries: 2048 (order: 2, 16384 bytes)
[    0.269557] Initializing cgroup subsys io
[    0.270303] Initializing cgroup subsys memory
[    0.271084] Initializing cgroup subsys devices
[    0.271873] Initializing cgroup subsys freezer
[    0.272661] Initializing cgroup subsys net_cls
[    0.273476] Initializing cgroup subsys perf_event
[    0.274297] Initializing cgroup subsys net_prio
[    0.275099] Initializing cgroup subsys hugetlb
[    0.275886] Initializing cgroup subsys pids
[    0.276708] mce: CPU supports 0 MCE banks
[    0.277510] Last level iTLB entries: 4KB 512, 2MB 8, 4MB 8
[    0.278416] Last level dTLB entries: 4KB 512, 2MB 32, 4MB 32, 1GB 0
[    0.279415] Spectre V2 : Mitigation: Full generic retpoline
[    0.280333] Spectre V2 : Spectre v2 / SpectreRSB mitigation: Filling RSB on context switch
[    0.281802] Speculative Store Bypass: Vulnerable
[    0.282698] MDS: Vulnerable: Clear CPU buffers attempted, no microcode
[    0.286405] Freeing SMP alternatives memory: 36K
[    0.292694] ftrace: allocating 32312 entries in 127 pages
[    0.349920] smpboot: APIC(0) Converting physical 0 to logical package 0
[    0.384307] smpboot: Max logical packages: 1
[    0.386405] ..TIMER: vector=0x30 apic1=0 pin1=2 apic2=-1 pin2=-1
[    0.504885] smpboot: CPU0: Intel(R) Core(TM) i3-2100 CPU @ 3.10GHz (family: 0x6, model: 0x2a, stepping: 0x7)
[    0.518501] Performance Events: unsupported p6 CPU model 42 no PMU driver, software events only.
[    0.531511] KVM setup paravirtual spinlock
[    0.538302] x86: Booting SMP configuration:
[    0.541732] .... node  #0, CPUs:      #1
[    0.542588] kvm-clock: cpu 1, msr 0:3ffe3041, secondary cpu clock
[    0.543606] mce: CPU supports 0 MCE banks
[    0.546238] x86: Booted up 1 node, 2 CPUs
[    0.548240] smpboot: Total of 2 processors activated (12371.76 BogoMIPS)
[    0.549765] devtmpfs: initialized
[    0.562777] evm: security.selinux
[    0.586948] evm: security.SMACK64
[    0.587610] evm: security.SMACK64EXEC
[    0.588305] evm: security.SMACK64TRANSMUTE
[    0.589051] evm: security.SMACK64MMAP
[    0.589768] evm: security.ima
[    0.590389] evm: security.capability
[    0.591346] clocksource: jiffies: mask: 0xffffffff max_cycles: 0xffffffff, max_idle_ns: 7645041785100000 ns
[    0.592988] futex hash table entries: 512 (order: 3, 32768 bytes)
[    0.594179] pinctrl core: initialized pinctrl subsystem
[    0.595182] RTC time: 16:48:59, date: 08/22/19
[    0.596175] NET: Registered protocol family 16
[    0.605405] cpuidle: using governor ladder
[    0.617504] cpuidle: using governor menu
[    0.649953] PCCT header not found.
[    0.650693] ACPI: bus type PCI registered
[    0.651424] acpiphp: ACPI Hot Plug PCI Controller Driver version: 0.5
[    0.652536] PCI: Using configuration type 1 for base access
[    0.666574] ACPI: Added _OSI(Module Device)
[    0.692946] ACPI: Added _OSI(Processor Device)
[    0.693733] ACPI: Added _OSI(3.0 _SCP Extensions)
[    0.694556] ACPI: Added _OSI(Processor Aggregator Device)
[    0.696100] ACPI: Executed 1 blocks of module-level executable AML code
[    0.704278] ACPI: Interpreter enabled
[    0.707160] ACPI: (supports S0 S5)
[    0.707826] ACPI: Using IOAPIC for interrupt routing
[    0.708822] PCI: Using host bridge windows from ACPI; if necessary, use "pci=nocrs" and report a bug
[    0.713726] ACPI: PCI Root Bridge [PCI0] (domain 0000 [bus 00-ff])
[    0.714718] acpi PNP0A03:00: _OSC: OS supports [ASPM ClockPM Segments MSI]
[    0.715772] acpi PNP0A03:00: _OSC failed (AE_NOT_FOUND); disabling ASPM
[    0.716826] acpi PNP0A03:00: fail to add MMCONFIG information, can't access extended PCI configuration space under this bridge.
[    0.718914] PCI host bridge to bus 0000:00
[    0.719658] pci_bus 0000:00: root bus resource [io  0x0000-0x0cf7 window]
[    0.720702] pci_bus 0000:00: root bus resource [io  0x0d00-0xffff window]
[    0.721831] pci_bus 0000:00: root bus resource [mem 0x000a0000-0x000bffff window]
[    0.723170] pci_bus 0000:00: root bus resource [mem 0x40000000-0xffdfffff window]
[    0.724505] pci_bus 0000:00: root bus resource [bus 00-ff]
[    0.726755] pci 0000:00:01.1: legacy IDE quirk: reg 0x10: [io  0x01f0-0x01f7]
[    0.727846] pci 0000:00:01.1: legacy IDE quirk: reg 0x14: [io  0x03f6]
[    0.728857] pci 0000:00:01.1: legacy IDE quirk: reg 0x18: [io  0x0170-0x0177]
[    0.729974] pci 0000:00:01.1: legacy IDE quirk: reg 0x1c: [io  0x0376]
[    0.760617] ACPI: PCI Interrupt Link [LNKA] (IRQs 5 9 10 11) *0, disabled.
[    0.796898] ACPI: PCI Interrupt Link [LNKB] (IRQs 5 9 10 *11)
[    0.801761] ACPI: PCI Interrupt Link [LNKC] (IRQs 5 9 *10 11)
[    0.832627] ACPI: PCI Interrupt Link [LNKD] (IRQs 5 *9 10 11)
[    0.836196] ACPI: Enabled 2 GPEs in block 00 to 07
[    0.881934] vgaarb: setting as boot device: PCI:0000:00:02.0
[    0.911838] vgaarb: device added: PCI:0000:00:02.0,decodes=io+mem,owns=io+mem,locks=none
[    0.923626] vgaarb: loaded
[    0.941492] vgaarb: bridge control possible 0000:00:02.0
[    0.958738] SCSI subsystem initialized
[    0.959618] ACPI: bus type USB registered
[    0.960373] usbcore: registered new interface driver usbfs
[    0.961293] usbcore: registered new interface driver hub
[    1.003795] usbcore: registered new device driver usb
[    1.012317] PCI: Using ACPI for IRQ routing
[    1.033702] NetLabel: Initializing
[    1.069408] NetLabel:  domain hash size = 128
[    1.088350] NetLabel:  protocols = UNLABELED CIPSOv4
[    1.090851] NetLabel:  unlabeled traffic allowed by default
[    1.136675] amd_nb: Cannot enumerate AMD northbridges
[    1.137628] clocksource: Switched to clocksource kvm-clock
[    1.145250] AppArmor: AppArmor Filesystem Enabled
[    1.167533] pnp: PnP ACPI init
[    1.168879] pnp: PnP ACPI: found 3 devices
[   1812clksrc ai_: sk0xffff max_cycles: 0xffffff, max_idle_ns: 2085701024 ns
[    1.827668] NET: Registered protocol family 2
[    1.828610] TCP established hash table entries: 8192 (order: 4, 65536 bytes)
[    1.848841] TCP bind hash table entries: 8192 (order: 5, 131072 bytes)
[    1.849883] TCP: Hash tables configured (established 8192 bind 8192)
[    1.850937] UDP hash table entries: 512 (order: 2, 16384 bytes)
[    1.851896] UDP-Lite hash table entries: 512 (order: 2, 16384 bytes)
[    1.852932] NET: Registered protocol family 1
[    1.853728] pci 0000:00:00.0: Limiting direct PCI/PCI transfers
[    1.854729] pci 0000:00:01.0: Activating ISA DMA hang workarounds
[    1.855806] Unpacking initramfs...
[    2.066607] Freeing initrd memory: 14828K
[    2.087800] RAPL PMU detected, API unit is 2^-32 Joules, 3 fixed counters 10737418240 ms ovfl timer
[    2.089802] hw unit of domain pp0-core 2^-0 Joules
[    2.090911] hw unit of domain package 2^-0 Joules
[    2.091963] hw unit of domain pp1-gpu 2^-0 Joules
[    2.093042] clocksource: tsc: mask: 0xffffffffffffffff max_cycles: 0x2c953c31226, max_idle_ns: 440795210352 ns
[    2.095296] platform rtc_cmos: registered platform RTC device (no PNP device found)
[    2.097089] Scanning for low memory corruption every 60 seconds
[    2.098900] audit: initializing netlink subsys (disabled)
[    2.100101] audit: type=2000 audit(1566492545.263:1): initialized
[    2.101654] Initialise system trusted keyring
[    2.102955] HugeTLB registered 2 MB page size, pre-allocated 0 pages
[    2.105635] zbud: loaded
[    2.106795] VFS: Disk quotas dquot_6.6.0
[    2.107761] VFS: Dquot-cache hash table entries: 512 (order 0, 4096 bytes)
[    2.109415] squashfs: version 4.0 (2009/01/31) Phillip Lougher
[    2.111045] fuse init (API version 7.23)
[    2.112099] Key type big_key registered
[    2.113034] Allocating IMA MOK and blacklist keyrings.
[    2.116223] Key type asymmetric registered
[    2.117186] Asymmetric key parser 'x509' registered
[    2.118351] Block layer SCSI generic (bsg) driver version 0.4 loaded (major 249)
[    2.120121] io scheduler noop registered
[    2.121049] io scheduler deadline registered (default)
[    2.122249] io scheduler cfq registered
[    2.123252] pci_hotplug: PCI Hot Plug PCI Core version: 0.5
[    2.124460] pciehp: PCI Express Hot Plug Controller Driver version: 0.4
[    2.125985] ACPI: AC Adapter [AC] (on-line)
[    2.127038] input: Power Button as /devices/LNXSYSTM:00/LNXPWRBN:00/input/input0
[    2.128752] ACPI: Power Button [PWRF]
[    2.129722] input: Sleep Button as /devices/LNXSYSTM:00/LNXSLPBN:00/input/input1
[    2.131480] ACPI: Sleep Button [SLPF]
[    2.132846] GHES: HEST is not enabled!
[    2.197670] Serial: 8250/16550 driver, 32 ports, IRQ sharing enabled
ÿ[    2.403543] 00:02: ttyS0 at I/O 0x3f8 (irq = 4, base_baud = 115200) is a 16550A
[    2.488983] Linux agpgart interface v0.103
[    2.491606] loop: module loaded
[    2.496467] scsi host0: ata_piix
[    2.497274] scsi host1: ata_piix
[    2.577224] ata1: PATA max UDMA/33 cmd 0x1f0 ctl 0x3f6 bmdma 0xd000 irq 14
[    2.578338] ata2: PATA max UDMA/33 cmd 0x170 ctl 0x376 bmdma 0xd008 irq 15
[    2.587978] libphy: Fixed MDIO Bus: probed
[    2.591705] tun: Universal TUN/TAP device driver, 1.6
[    2.592586] tun: (C) 1999-2004 Max Krasnyansky <maxk@qualcomm.com>
[    2.593637] PPP generic driver version 2.4.2
[    2.594513] ehci_hcd: USB 2.0 'Enhanced' Host Controller (EHCI) Driver
[    2.595559] ehci-pci: EHCI PCI platform driver
[    2.596367] ehci-platform: EHCI generic platform driver
[    2.599270] ohci_hcd: USB 1.1 'Open' Host Controller (OHCI) Driver
[    2.600272] ohci-pci: OHCI PCI platform driver
[    2.601071] ohci-platform: OHCI generic platform driver
[    2.601975] uhci_hcd: USB Universal Host Controller Interface driver
[    2.603095] i8042: PNP: PS/2 Controller [PNP0303:PS2K,PNP0f03:PS2M] at 0x60,0x64 irq 1,12
[    2.605048] serio: i8042 KBD port at 0x60,0x64 irq 1
[    2.605917] serio: i8042 AUX port at 0x60,0x64 irq 12
[    2.606959] mousedev: PS/2 mouse device common for all mice
[    2.608385] rtc_cmos rtc_cmos: rtc core: registered rtc_cmos as rtc0
[    2.611695] input: AT Translated Set 2 keyboard as /devices/platform/i8042/serio0/input/input2
[    2.613377] rtc_cmos rtc_cmos: alarms up to one day, 114 bytes nvram
[    2.614447] i2c /dev entries driver
[    2.615185] device-mapper: uevent: version 1.0.3
[    2.616073] device-mapper: ioctl: 4.34.0-ioctl (2015-10-28) initialised: dm-devel@redhat.com
[    2.617559] ledtrig-cpu: registered to indicate activity on CPUs
[    2.619081] NET: Registered protocol family 10
[    2.620109] NET: Registered protocol family 17
[    2.620923] Key type dns_resolver registered
[    2.621950] registered taskstats version 1
[    2.622779] Loading compiled-in X.509 certificates
[    2.624362] Loaded X.509 cert 'Build time autogenerated kernel key: 3e01e6df98386236d59670e6b2ed19a044d5324e'
[    2.626031] zswap: loaded using pool lzo/zbud
[    2.629242] Key type trusted registered
[    2.641771] Key type encrypted registered
[    2.647484] AppArmor: AppArmor sha1 policy hashing enabled
[    2.648406] ima: No TPM chip found, activating TPM-bypass!
[    2.649318] ima: Allocated hash algorithm: sha1
[    2.650165] evm: HMAC attrs: 0x1
[    2.651153]   Magic number: 15:151:844
[    2.651962] rtc_cmos rtc_cmos: setting system clock to 2019-08-22 16:49:01 UTC (1566492541)
[    2.653574] BIOS EDD facility v0.16 2004-Jun-25, 0 devices found
[    2.657692] EDD information not available.
[    2.770978] Freeing unused kernel memory: 1484K
[    2.801715] Write protecting the kernel read-only data: 14336k
[    2.803191] Freeing unused kernel memory: 1612K
[    2.807729] Freeing unused kernel memory: 64K
Loading, please wait...
starting version[    2.826258] random: systemd-udevd: uninitialized urandom read (16 bytes read, 2 bits of entropy available)
 229
[    2.827102] random: udevadm: uninitialized urandom read (16 bytes read, 2 bits of entropy available)
[    2.827131] random: udevadm: uninitialized urandom read (16 bytes read, 2 bits of entropy available)
[    2.841521] random: udevadm: uninitialized urandom read (16 bytes read, 2 bits of entropy available)
[    2.841586] random: udevadm: uninitialized urandom read (16 bytes read, 2 bits of entropy available)
[    2.841865] random: udevadm: uninitialized urandom read (16 bytes read, 2 bits of entropy available)
[    2.841952] random: udevadm: uninitialized urandom read (16 bytes read, 2 bits of entropy available)
[    2.842037] random: udevadm: uninitialized urandom read (16 bytes read, 2 bits of entropy available)
[    2.842126] random: udevadm: uninitialized urandom read (16 bytes read, 2 bits of entropy available)
[    2.842212] random: udevadm: uninitialized urandom read (16 bytes read, 2 bits of entropy available)
[    2.974002] Fusion MPT base driver 3.04.20
[    2.987478] Copyright (c) 1999-2008 LSI Corporation
[    2.988517] e1000: Intel(R) PRO/1000 Network Driver - version 7.3.21-k8-NAPI
[    2.990009] e1000: Copyright (c) 1999-2006 Intel Corporation.
[    3.006612] Fusion MPT SPI Host driver 3.04.20
[    3.205074] input: ImExPS/2 Generic Explorer Mouse as /devices/platform/i8042/serio1/input/input4
[    3.367453] e1000 0000:00:03.0 eth0: (PCI:33MHz:32-bit) 02:46:62:72:a1:53
[    3.571434] e1000 0000:00:03.0 eth0: Intel(R) PRO/1000 Network Connection
[    3.574519] e1000 0000:00:03.0 enp0s3: renamed from eth0
[    3.577732] mptbase: ioc0: Initiating bringup
[    3.646935] ioc0: LSI53C1030 A0: Capabilities={Initiator}
[    4.799146] scsi host2: ioc0: LSI53C1030 A0, FwRev=00000000h, Ports=1, MaxQ=256, IRQ=20
[    5.070459] scsi 2:0:0:0: Direct-Access     VBOX     HARDDISK         1.0  PQ: 0 ANSI: 5
[    5.079811] scsi target2:0:0: Beginning Domain Validation
[    5.084046] scsi target2:0:0: Domain Validation skipping write tests
[    5.085614] scsi target2:0:0: Ending Domain Validation
[    5.087112] scsi target2:0:0: asynchronous
[    5.089728] scsi 2:0:1:0: Direct-Access     VBOX     HARDDISK         1.0  PQ: 0 ANSI: 5
[    5.092434] scsi target2:0:1: Beginning Domain Validation
[    5.097557] scsi target2:0:1: Domain Validation skipping write tests
[    5.099503] scsi target2:0:1: Ending Domain Validation
[    5.101230] scsi target2:0:1: asynchronous
[    5.114250] sd 2:0:0:0: [sda] 20971520 512-byte logical blocks: (10.7 GB/10.0 GiB)
[    5.114267] sd 2:0:0:0: Attached scsi generic sg0 type 0
[    5.129636] sd 2:0:1:0: [sdb] 20480 512-byte logical blocks: (10.5 MB/10.0 MiB)
[    5.130106] sd 2:0:1:0: Attached scsi generic sg1 type 0
[    5.155140] sd 2:0:0:0: [sda] Write Protect is off
[    5.160074] sd 2:0:0:0: [sda] Incomplete mode parameter data
[    5.160177] sd 2:0:1:0: [sdb] Write Protect is off
[    5.160311] sd 2:0:1:0: [sdb] Incomplete mode parameter data
[    5.160312] sd 2:0:1:0: [sdb] Assuming drive cache: write through
[    5.190067] sd 2:0:0:0: [sda] Assuming drive cache: write through
[    5.209382]  sda: sda1
[    5.210393] sd 2:0:1:0: [sdb] Attached SCSI disk
[    5.226258] sd 2:0:0:0: [sda] Attached SCSI disk
Begin: Loading e[    6.871958] md: linear personality registered for level -1
ssential drivers ... [    6.933708] md: multipath personality registered for level -4
[    6.947524] md: raid0 personality registered for level 0
[    6.957932] md: raid1 personality registered for level 1
[    7.046643] raid6: sse2x1   gen()  7759 MB/s
[    7.118011] raid6: sse2x1   xor()  6205 MB/s
[    7.196691] raid6: sse2x2   gen() 11339 MB/s
[    7.266681] raid6: sse2x2   xor()  7355 MB/s
[    7.336691] raid6: sse2x4   gen() 12345 MB/s
[    7.416633] raid6: sse2x4   xor()  8935 MB/s
[    7.437352] raid6: using algorithm sse2x4 gen() 12345 MB/s
[    7.438571] raid6: .... xor() 8935 MB/s, rmw enabled
[    7.439664] raid6: using ssse3x2 recovery algorithm
[    7.442533] xor: automatically using best checksumming function:
[    7.485664]    avx       : 20011.000 MB/sec
[    7.538157] async_tx: api initialized (async)
[    7.562241] md: raid6 personality registered for level 6
[    7.578219] md: raid5 personality registered for level 5
[    7.588029] md: raid4 personality registered for level 4
[    7.618250] md: raid10 personality registered for level 10
done.
Begin: Running /scripts/init-premount ... done.
Begin: Mounting root file system ... Begin: Running /scripts/local-top ... done.
Begin: Running /scripts/local-[    7.666500] Btrfs loaded
premount ... Scanning for Btrfs filesystems
done.
Warning: fsck not present, so skipping root file system
[    7.804326] EXT4-fs (sda1): mounted filesystem with ordered data mode. Opts: (null)
done.
Begin: Running /scripts/local-bottom ... done.
Begin: Running /scripts/init-bottom ... done.
[    8.219329] systemd[1]: systemd 229 running in system mode. (+PAM +AUDIT +SELINUX +IMA +APPARMOR +SMACK +SYSVINIT +UTMP +LIBCRYPTSETUP +GCRYPT +GNUTLS +ACL +XZ -LZ4 +SECCOMP +BLKID +ELFUTILS +KMOD -IDN)
[    8.234179] systemd[1]: Detected virtualization oracle.
[    8.235550] systemd[1]: Detected architecture x86-64.

Welcome to [1mUbuntu 16.04.6 LTS[0m!

[    8.282299] systemd[1]: Set hostname to <ubuntu>.
[   8.420847] systemd[1]: Initializing machine ID from random generator.

[    8.448049] systemd[1]: Installed transient /etc/machine-id file.
[    9.014770] random: nonblocking pool is initialized
[   3302syem1] Listening on Device-mapper event daemon FIFOs.

[[0;32m  OK  [0m] Listening on Device-mapper event daemon FIFOs.
[    9.627056] systemd[1]: Listening on /dev/initctl Compatibility Named Pipe.
[[0;32m  OK  [0m] Listening on /dev/initctl Compatibility Named Pipe.
[    9.630323] systemd[1]: Listening on udev Control Socket.
[[0;32m  OK  [0m] Listening on udev Control Socket.
[    9.632341] systemd[1]: Started Trigger resolvconf update for networkd DNS.
[[0;32m  OK  [0m] Started Trigger resolvconf update for networkd DNS.
[    9.634752] systemd[1]: Listening on Journal Audit Socket.
[[0;32m  OK  [0m] Listening on Journal Audit Socket.
[    9.636784] systemd[1]: Listening on Journal Socket (/dev/log).
[[0;32m  OK  [0m] Listening on Journal Socket (/dev/log).
[   9.739860] systemd[1]: Created slice System Slice.
[[0;32m  OK  [0m] Created slice System Slice.
[    9.798445] systemd[1]: Reached target System Time Synchronized.
[[0;32m  OK  [0m] Reached target System Time Synchronized.
[    9.800571] systemd[1]: Listening on Syslog Socket.
[[0;32m  OK  [0m] Listening on Syslog Socket.
[    9.802641] systemd[1]: Listening on LVM2 metadata daemon socket.
[[0;32m  OK  [0m] Listening on LVM2 metadata daemon socket.
[    9.804796] systemd[1]: Listening on Journal Socket.
[[0;32m  OK  [0m] Listening on Journal Socket.
[    9.817803] systemd[1]: Mounting Debug File System...
         Mounting Debug File System...
[    9.865948] systemd[1]: Starting Create list of required static device nodes for the current kernel...
         Starting Create list of required st... nodes for the current kernel...
[    9.876812] systemd[1]: Mounting POSIX Message Queue File System...
         Mounting POSIX Message Queue File System...
[    9.882415] systemd[1]: Listening on udev Kernel Socket.
[[0;32m  OK  [0m] Listening on udev Kernel Socket.
[    9.884907] systemd[1]: Reached target Encrypted Volumes.
[[0;32m  OK  [0m] Reached target Encrypted Volumes.
[    9.901845] systemd[1]: Starting Monitoring of LVM2 mirrors, snapshots etc. using dmeventd or progress polling...
         Starting Monitoring of LVM2 mirrors... dmeventd or progress polling...
[    9.907980] systemd[1]: Set up automount Arbitrary Executable File Formats File System Automount Point.
[[0;32m  OK  [0m] Set up automount Arbitrary Executab...ats File System Automount Point.
[    9.921962] systemd[1]: Starting Remount Root and Kernel File Systems...
         Starting Remount Root and Kernel File Systems...
[    9.931005] systemd[1]: Starting Nameserver information manager...
         Starting Nameserver information manager...
[    9.935987] systemd[1]: Reached target User and Group Name Lookups.
[[0;32m  OK  [0m] Reached target User and Group Name Lookups.
[    9.938893] systemd[1]: Started Forward Password Requests to Wall Directory Watch.
[[0;32m  OK  [0m] Started Forward Password Requests to Wall Dir[    9.949596] EXT4-fs (sda1): re-mounted. Opts: (null)
ectory Watch.
[    9.952936] systemd[1]: Starting Journal Service...
         Starting Journal Service...
[    9.962114] systemd[1]: Mounting Huge Pages File System...
         Mounting Huge Pages File System...
[    9.967755] systemd[1]: Created slice system-serial\x2dgetty.slice.
[[0;32m  OK  [0m] Created slice system-serial\x2dgetty.slice.
[    9.975894] systemd[1]: Starting Set console keymap...
         Starting Set console keymap...
[   10.041936] systemd[1]: Starting Load Kernel Modules...
         Starting Load Kernel Modules...
[   10.053383] systemd[1]: Reached target Swap.
[[0;32m  OK  [0m] Reached target Swap.
[   10.082390] systemd[1]: Created slice User and Session Slice.
[[0;32m  OK  [0m] Created slice User and Session Slice.
[   10.130797] systemd[1]: Reached target Slices.
[[0;32m  OK  [0m] Reached target Slices.
[   10.132644] systemd[1]: Listening on LVM2 poll daemon socket.
[[0;32m  OK  [0m] Listening on LVM2 poll daemon socket.
[   10.145474] Loading iSCSI transport class v2.0-870.
[   10.173871] systemd[1]: Starting Uncomplicated firewall...
[   10.215529] iscsi: registered transport (tcp)
         Starting Uncomplicated firewall...
[   10.235549] systemd[1]: Mounted Debug File System.
[[0;32m  OK  [0m] Mounted Debug File System.
[   10.253888] systemd[1]: Mounted POSIX Message Queue File System.
[[0;32m  OK  [0m] Mounted POSIX Message Queue File System.
[   10.265816] systemd[1]: Mounted Huge Pages File System.
[[0;32m  OK  [0m] Mounted Huge Pages File System.
[   10.274209] systemd[1]: Started Journal Service.
[[0;32m  OK  [0m] Started Journal Service.
[[0;32m  OK  [0m] Started Create list of required sta...ce nodes for the current kernel.
[[0;32m  OK  [0m] Started Remount Root and Kernel File Systems.
[   10.296951] iscsi: registered transport (iser)
[[0;32m  OK  [0m] Started Set console keymap.
[[0;32m  OK  [0m] Started Load Kernel Modules.
[[0;32m  OK  [0m] Started Uncomplicated firewall.
[[0;32m  OK  [0m] Started Nameserver information manager.
[[0;32m  OK  [0m] Started LVM2 metadata daemon.
         Mounting FUSE Control File System...
         Starting Apply Kernel Variables...
         Starting udev Coldplug all Devices...
         Starting Load/Save Random Seed...
         Starting Create Static Device Nodes in /dev...
         Starting Flush Journal to Persistent Storage...
[[0;32m  OK  [0m] Mounted FUSE Control File System.
[[0;32m  OK  [0m] Started Apply Kernel Variables.
[[0;32m  OK  [0m] Started Flush Journal to Persistent Storage.
[[0;32m  OK  [0m] Started Load/Save Random Seed.
[[0;32m  OK  [0m] Started udev Coldplug all Devices.
[[0;32m  OK  [0m] Started Create Static Device Nodes in /dev.
         Starting udev Kernel Device Manager...
[[0;32m  OK  [0m] Started udev Kernel Device Manager.
[[0;32m  OK  [0m] Started Dispatch Password Requests to Console Directory Watch.
[[0;32m  OK  [0m] Found device /dev/ttyS0.
[[0;32m  OK  [0m] Started Monitoring of LVM2 mirrors,...ng dmeventd or progress polling.
[[0;32m  OK  [0m] Reached target Local File Systems (Pre).
[[0;32m  OK  [0m] Reached target Local File Systems.
         Starting Create Volatile Files and Directories...
         Starting Set console font and keymap...
         Starting Tell Plymouth To Write Out Runtime Data...
         Starting Initial cloud-init job (pre-networking)...
         Starting LSB: AppArmor initialization...
         Starting Commit a transient machine-id on disk...
[[0;32m  OK  [0m] Listening on Load/Save RF Kill Switch Status /dev/rfkill Watch.
[[0;32m  OK  [0m] Started Create Volatile Files and Directories.
[[0;32m  OK  [0m] Started Tell Plymouth To Write Out Runtime Data.
[[0;32m  OK  [0m] Started Commit a transient machine-id on disk.
         Starting Update UTMP about System Boot/Shutdown...
[[0;32m  OK  [0m] Started Update UTMP about System Boot/Shutdown.
[[0;32m  OK  [0m] Started LSB: AppArmor initialization.
[[0;32m  OK  [0m] Started Set console font and keymap.
[[0;32m  OK  [0m] Created slice system-getty.slice.
[   13.980522] cloud-init[514]: Cloud-init v. 19.1-1-gbaa47854-0ubuntu1~16.04.1 running 'init-local' at Thu, 22 Aug 2019 16:49:13 +0000. Up 13.48 seconds.
[[0;32m  OK  [0m] Started Initial cloud-init job (pre-networking).
[[0;32m  OK  [0m] Reached target Network (Pre).
         Starting Raise network interfaces...
[[0;32m  OK  [0m] Started Raise network interfaces.
[[0;32m  OK  [0m] Reached target Network.
         Starting Initial cloud-init job (metadata service crawler)...
[   16.003819] cloud-init[935]: Cloud-init v. 19.1-1-gbaa47854-0ubuntu1~16.04.1 running 'init' at Thu, 22 Aug 2019 16:49:14 +0000. Up 14.76 seconds.
[   16.009592] cloud-init[935]: ci-info: ++++++++++++++++++++++++++++++++++++++Net device info++++++++++++++++++++++++++++++++++++++
[   16.012960] cloud-init[935]: ci-info: +--------+------+----------------------------+---------------+--------+-------------------+
[   16.017421] cloud-init[935]: ci-info: | Device |  Up  |          Address           |      Mask     | Scope  |     Hw-Address    |
[   16.023043] cloud-init[935]: ci-info: +--------+------+----------------------------+---------------+--------+-------------------+
[   16.027429] cloud-init[935]: ci-info: | enp0s3 | True |         10.0.2.15          | 255.255.255.0 | global | 02:46:62:72:a1:53 |
[   16.032980] cloud-init[935]: ci-info: | enp0s3 | True | fe80::46:62ff:fe72:a153/64 |       .       |  link  | 02:46:62:72:a1:53 |
[   16.037460] cloud-init[935]: ci-info: |   lo   | True |         127.0.0.1          |   255.0.0.0   |  host  |         .         |
[   16.040858] cloud-init[935]: ci-info: |   lo   | True |          ::1/128           |       .       |  host  |         .         |
[   16.045304] cloud-init[935]: ci-info: +--------+------+----------------------------+---------------+--------+-------------------+
[   16.049701] cloud-init[935]: ci-info: +++++++++++++++++++++++++++Route IPv4 info++++++++++++++++++++++++++++
[   16.051604] cloud-init[935]: ci-info: +-------+-------------+----------+---------------+-----------+-------+
[   16.054601] cloud-init[935]: ci-info: | Route | Destination | Gateway  |    Genmask    | Interface | Flags |
[   16.056488] cloud-init[935]: ci-info: +-------+-------------+----------+---------------+-----------+-------+
[   16.058329] cloud-init[935]: ci-info: |   0   |   0.0.0.0   | 10.0.2.2 |    0.0.0.0    |   enp0s3  |   UG  |
[   16.060181] cloud-init[935]: ci-info: |   1   |   10.0.2.0  | 0.0.0.0  | 255.255.255.0 |   enp0s3  |   U   |
[   16.062082] cloud-init[935]: ci-info: +-------+-------------+----------+---------------+-----------+-------+
[   16.063939] cloud-init[935]: ci-info: +++++++++++++++++++Route IPv6 info+++++++++++++++++++
[   16.066769] cloud-init[935]: ci-info: +-------+-------------+---------+-----------+-------+
[   16.069554] cloud-init[935]: ci-info: | Route | Destination | Gateway | Interface | Flags |
[   16.072446] cloud-init[935]: ci-info: +-------+-------------+---------+-----------+-------+
[   16.074087] cloud-init[935]: ci-info: |   0   |  fe80::/64  |    ::   |   enp0s3  |   U   |
[   16.075722] cloud-init[935]: ci-info: |   3   |   ff00::/8  |    ::   |   enp0s3  |   U   |
[   16.078505] cloud-init[935]: ci-info: +-------+-------------+---------+-----------+-------+
[   16.081455] cloud-init[935]: Generating public/private rsa key pair.
[   16.085197] cloud-init[935]: Your identification has been saved in /etc/ssh/ssh_host_rsa_key.
[   16.088137] cloud-init[935]: Your public key has been saved in /etc/ssh/ssh_host_rsa_key.pub.
[   16.091099] cloud-init[935]: The key fingerprint is:
[   16.093540] cloud-init[935]: SHA256:Ro55BVF3jL0rE2sem4CbktrWk1t8xexaQEbueEUqOE4 root@ubuntu-xenial
[   16.097630] cloud-init[935]: The key's randomart image is:
[   16.101175] cloud-init[935]: +---[RSA 2048]----+
[   16.101568] cloud-init[935]: |        oo. o+o  |
[   16.101751] cloud-init[935]: |         o +.+o  |
[   16.101927] cloud-init[935]: |        E o = .. |
[   16.102116] cloud-init[935]: |       B o *.+.  |
[   16.102287] cloud-init[935]: |      o S.. +o+. |
[   16.102468] cloud-init[935]: |       o....*+.  |
[   16.102648] cloud-init[935]: |       o +o+.*o  |
[   16.102823] cloud-init[935]: |     .+ *. .+o   |
[   16.103002] cloud-init[935]: |    .o...o  .    |
[   16.103185] cloud-init[935]: +----[SHA256]-----+
[   16.103359] cloud-init[935]: Generating public/private dsa key pair.
[   16.103567] cloud-init[935]: Your identification has been saved in /etc/ssh/ssh_host_dsa_key.
[[0;32m  OK  [0m] Started Initial cloud-init job (metadata service crawler).
[   16.104921] cloud-init[935]: Your public key has been saved in /etc/ssh/ssh_host_dsa_key.pub.
[   16.113932] cloud-init[935]: The key fingerprint is:
[   16.115002] cloud-init[935]: SHA256:vbXj+t7jFJl9iMSqLAze5H0xSQ4ybXqLxdtwewmWqbs root@ubuntu-xenial
[[0;32m  OK  [0m[   16.116682] cloud-init[935]: The key's randomart image is:
[   16.117357] cloud-init[935]: +---[DSA 1024]----+
[   16.117535] cloud-init[935]: |                 |
[   16.117714] cloud-init[935]: |       .   .     |
[   16.117884] cloud-init[935]: |      o + . o    |
[   16.118065] cloud-init[935]: |       * = * . = |
[   16.118238] cloud-init[935]: |    . o S & o = o|
[   16.118416] cloud-init[935]: |   . * * X B o ..|
[   16.118591] cloud-init[935]: |    . * B = = .  |
[   16.118769] cloud-init[935]: |       . o o +.  |
[   16.118949] cloud-init[935]: |        E..++.o. |
[   16.119126] cloud-init[935]: +----[SHA256]-----+
[   16.119301] cloud-init[935]: Generating public/private ecdsa key pair.
[   16.119477] cloud-init[935]: Your identification has been saved in /etc/ssh/ssh_host_ecdsa_key.
[   16.119840] cloud-init[935]: Your public key has been saved in /etc/ssh/ssh_host_ecdsa_key.pub.
[   16.120548] cloud-init[935]: The key fingerprint is:
[   16.120896] cloud-init[935]: SHA256:EHQJRnrhYXYFF5Dx5tb2K7yfs6EJvpDh8+xyD6BKbMw root@ubuntu-xenial
[   16.121076] cloud-init[935]: The key's randomart image is:
[   16.121250] cloud-init[935]: +---[ECDSA 256]---+
[   16.121431] cloud-init[935]: |     o@.*B+.     |
[   16.121606] cloud-init[935]: |     * *oo       |
[   16.121789] cloud-init[935]: |    . +   o      |
] Reached target Network is Online.
[   16.121953] cloud-init[935]: |     . . o .     |
[   16.138219] cloud-init[935]: |        S o o    |
[   16.139259] cloud-init[935]: |   +   o = . .   |
[   16.141828] cloud-init[935]: |    E . = o.  o  |
[   16.142852] cloud-init[935]: |   o .  .*.ooo.+ |
[   16.143899] cloud-init[935]: |    .    +*o=+=o |
[   16.144984] cloud-init[935]: +----[SHA256]-----+
[   16.146018] cloud-init[935]: Generating public/private ed25519 key pair.
[   16.147327] cloud-init[935]: Your identification has been saved in /etc/ssh/ssh_host_ed25519_key.
[   16.148979] cloud-init[935]: Your public key has been saved in /etc/ssh/ssh_host_ed25519_key.pub.
[   16.150592] cloud-init[935]: The key fingerprint is:
[   16.151677] cloud-init[935]: SHA256:y2ocOCyTgAg7YLRfYP0tASseXM5EUeVIBEBN/+TCjQI root@ubuntu-xenial
[   16.153729] cloud-init[935]: The key's randomart image is:
[   16.154025] cloud-init[935]: +--[ED25519 256]--+
         Starting iSCSI initiator daemon (iscsid)...
[   16.154198] cloud-init[935]: |...=*O*+..       |
[   16.157462] cloud-init[935]: |o.+ *o+.o        |
[   16.157628] cloud-init[935]: |*o E =.ooo       |
[   16.157802] cloud-init[935]: |* o = .o*.       |
[   16.157981] cloud-init[935]: | o = o +S+       |
[   16.158155] cloud-init[935]: |  + + o...       |
[   16.158331] cloud-init[935]: |   o o .o        |
[   16.158508] cloud-init[935]: |      o.         |
[   16.158711] cloud-init[935]: |     ..          |
[   16.158863] cloud-init[935]: +----[SHA256]-----+
[[0;32m  OK  [0m] Reached target System Initialization.
[[0;32m  OK  [0m] Started Daily apt download activities.
[[0;32m  OK  [0m] Listening on ACPID Listen Socket.
         Starting Socket activation for snappy daemon.
[[0;32m  OK  [0m] Started Daily apt upgrade and clean activities.
[[0;32m  OK  [0m] Listening on D-Bus System Message Bus Socket.
         Starting LXD - unix socket.
[[0;32m  OK  [0m] Started Daily Cleanup of Temporary Directories.
[[0;32m  OK  [0m] Reached target Timers.
[[0;32m  OK  [0m] Listening on UUID daemon activation socket.
[[0;32m  OK  [0m] Started ACPI Events Check.
[[0;32m  OK  [0m] Reached target Paths.
[[0;32m  OK  [0m] Reached target Cloud-config availability.
[[0;32m  OK  [0m] Listening on Socket activation for snappy daemon.
[[0;32m  OK  [0m] Listening on LXD - unix socket.
[[0;32m  OK  [0m] Started iSCSI initiator daemon (iscsid).
         Starting Login to default iSCSI targets...
[[0;32m  OK  [0m] Reached target Sockets.
[[0;32m  OK  [0m] Reached target Basic System.
         Starting LXD - container startup/shutdown...
         Starting Virtualbox guest utils...
         Starting /etc/rc.local Compatibility...
[[0;32m  OK  [0m] Started Deferred execution scheduler.
         Starting LSB: Record successful boot for GRUB...
[[0;32m  OK  [0m] Started FUSE filesystem for LXC.
         Starting LSB: MD monitoring daemon...
         Starting System Logging Service...
         Starting Pollinate to seed the pseudo random number generator...
[[0;32m  OK  [0m] Started Regular background program processing daemon.
         Starting Snappy daemon...
         Starting Login Service...
         Starting Accounts Service...
[[0;32m  OK  [0m] Started ACPI event daemon.
[[0;32m  OK  [0m] Started D-Bus System Message Bus.
[[0;32m  OK  [0m] Started System Logging Service.
[[0;32m  OK  [0m] Started /etc/rc.local Compatibility.
[[0;32m  OK  [0m] Started Login Service.
[[0;32m  OK  [0m] Started Unattended Upgrades Shutdown.
[[0;32m  OK  [0m] Started LSB: Record successful boot for GRUB.
[[0;32m  OK  [0m] Started Login to default iSCSI targets.
[[0;32m  OK  [0m] Reached target Remote File Systems (Pre).
[[0;32m  OK  [0m] Reached target Remote File Systems.
         Starting LSB: automatic crash report generation...
         Starting Permit User Sessions...
         Starting LSB: daemon to balance interrupts for SMP systems...
         Starting LSB: Set the CPU Frequency Scaling governor to "ondemand"...
[[0;32m  OK  [0m] Started LSB: MD monitoring daemon.
[[0;32m  OK  [0m] Started LSB: Set the CPU Frequency Scaling governor to "ondemand".
[[0;32m  OK  [0m] Started Permit User Sessions.
         Starting Authenticate and Authorize Users to Run Privileged Tasks...
         Starting Hold until boot process finishes up...
         Starting Terminate Plymouth Boot Screen...
[[0;32m  OK  [0m] Started Virtualbox guest utils.
[[0;32m  OK  [0m] Started LSB: automatic crash report generation.
[[0;32m  OK  [0m] Started LSB: daemon to balance interrupts for SMP systems.
[[0;32m  OK  [0m] Started Hold until boot process finishes up.
[[0;32m  OK  [0m] Started Terminate Plymouth Boot Screen.
         Starting Set console scheme...
[[0;32m  OK  [0m] Started Getty on tty1.
[[0;32m  OK  [0m] Started Serial Getty on ttyS0.
[[0;32m  OK  [0m] Reached target Login Prompts.
[[0;32m  OK  [0m] Started Set console scheme.
[[0;32m  OK  [0m] Started Authenticate and Authorize Users to Run Privileged Tasks.
[[0;32m  OK  [0m] Started Accounts Service.
[[0;32m  OK  [0m] Started LXD - container startup/shutdown.
[[0;32m  OK  [0m] Started Snappy daemon.
         Starting Wait until snapd is fully seeded...
[[0;32m  OK  [0m] Started Pollinate to seed the pseudo random number generator.
         Starting OpenBSD Secure Shell server...
[[0;32m  OK  [0m] Started OpenBSD Secure Shell server.
[[0;32m  OK  [0m] Created slice User Slice of vagrant.
         Starting User Manager for UID 1000...
[[0;32m  OK  [0m] Started Session 1 of user vagrant.
[[0;32m  OK  [0m] Started User Manager for UID 1000.
[[0;32m  OK  [0m] Started Wait until snapd is fully seeded.
[[0;32m  OK  [0m] Reached target Multi-User System.
[[0;32m  OK  [0m] Reached target Graphical Interface.
         Starting Update UTMP about System Runlevel Changes...
         Starting Apply the settings specified in cloud-config...
[[0;32m  OK  [0m] Started Update UTMP about System Runlevel Changes.
[   22.542531] cloud-init[1399]: Generating locales (this might take a while)...
[   23.583731] cloud-init[1399]:   en_US.UTF-8... done
[   23.584550] cloud-init[1399]: Generation complete.

Ubuntu 16.04.6 LTS ubuntu-xenial ttyS0

ubuntu-xenial login: [   24.385638] cloud-init[1399]: Cloud-init v. 19.1-1-gbaa47854-0ubuntu1~16.04.1 running 'modules:config' at Thu, 22 Aug 2019 16:49:22 +0000. Up 22.34 seconds.
ci-info: no authorized ssh keys fingerprints found for user ubuntu.
<14>Aug 22 16:49:24 ec2: 
<14>Aug 22 16:49:24 ec2: #############################################################
<14>Aug 22 16:49:24 ec2: -----BEGIN SSH HOST KEY FINGERPRINTS-----
<14>Aug 22 16:49:24 ec2: 1024 SHA256:vbXj+t7jFJl9iMSqLAze5H0xSQ4ybXqLxdtwewmWqbs root@ubuntu-xenial (DSA)
<14>Aug 22 16:49:24 ec2: 256 SHA256:EHQJRnrhYXYFF5Dx5tb2K7yfs6EJvpDh8+xyD6BKbMw root@ubuntu-xenial (ECDSA)
<14>Aug 22 16:49:24 ec2: 256 SHA256:y2ocOCyTgAg7YLRfYP0tASseXM5EUeVIBEBN/+TCjQI root@ubuntu-xenial (ED25519)
<14>Aug 22 16:49:24 ec2: 2048 SHA256:Ro55BVF3jL0rE2sem4CbktrWk1t8xexaQEbueEUqOE4 root@ubuntu-xenial (RSA)
<14>Aug 22 16:49:24 ec2: -----END SSH HOST KEY FINGERPRINTS-----
<14>Aug 22 16:49:24 ec2: #############################################################
-----BEGIN SSH HOST KEY KEYS-----
ecdsa-sha2-nistp256 AAAAE2VjZHNhLXNoYTItbmlzdHAyNTYAAAAIbmlzdHAyNTYAAABBBHixpc8TkoDSrT+RztRZlI8esBZ+zF1NPmjT9HM2V2Pj2LDE+4XIBhObAVzi0HSVS4sDHI0O4Vwu26n2YD7m5I0= root@ubuntu-xenial
ssh-ed25519 AAAAC3NzaC1lZDI1NTE5AAAAINibph1olgHY0GrOyBtsukBAWMH532GW4y9Bbc1y2xAZ root@ubuntu-xenial
ssh-rsa AAAAB3NzaC1yc2EAAAADAQABAAABAQC12xOHAmrrHmGP56+pVCP/RV0IxRvOZmuxWvMcPND0JTJC/CJ5IBlq5g5qdrAhehcYOJpynVQOnUjIrHRE6D1r4PabPyPz8egPAwvoHTf9YCHeEn7t8VLK/Dmx+fPUEFt2yehOj+m9a0+s68N30swu4f0QDBSdWUzfhIlrqjywbQ4bHKSQKPKLmdWAoCxJdM3KeAdt1a+eCobyJu9QSMXxTb/WrBbrd4C4LpLrBKo/I/P6q5QzgoZjwiBMRzF4dpBU6ZGZ4Wub7kOqTXnEkav81Lfyk/pcVOTv41otB/lamke7HOB10bfB8Wa2XlGHqEKQ3HSx8ZC2377LxO43DvsP root@ubuntu-xenial
-----END SSH HOST KEY KEYS-----
[   25.121898] cloud-init[1517]: Cloud-init v. 19.1-1-gbaa47854-0ubuntu1~16.04.1 running 'modules:final' at Thu, 22 Aug 2019 16:49:24 +0000. Up 24.82 seconds.
[   25.122252] cloud-init[1517]: ci-info: no authorized ssh keys fingerprints found for user ubuntu.
[   25.122515] cloud-init[1517]: Cloud-init v. 19.1-1-gbaa47854-0ubuntu1~16.04.1 finished at Thu, 22 Aug 2019 16:49:24 +0000. Datasource DataSourceNoCloud [seed=/dev/sdb][dsmode=net].  Up 25.09 seconds
